[2023-11-06T16:48:55.784+0000] {processor.py:157} INFO - Started process (PID=40) to work on /opt/airflow/dags/modules/json_loader.py
[2023-11-06T16:48:55.785+0000] {processor.py:829} INFO - Processing file /opt/airflow/dags/modules/json_loader.py for tasks to queue
[2023-11-06T16:48:55.788+0000] {logging_mixin.py:151} INFO - [2023-11-06T16:48:55.788+0000] {dagbag.py:536} INFO - Filling up the DagBag from /opt/airflow/dags/modules/json_loader.py
[2023-11-06T16:49:04.626+0000] {processor.py:841} WARNING - No viable dags retrieved from /opt/airflow/dags/modules/json_loader.py
[2023-11-06T16:49:04.829+0000] {processor.py:179} INFO - Processing /opt/airflow/dags/modules/json_loader.py took 9.067 seconds
[2023-11-06T16:49:35.181+0000] {processor.py:157} INFO - Started process (PID=99) to work on /opt/airflow/dags/modules/json_loader.py
[2023-11-06T16:49:35.182+0000] {processor.py:829} INFO - Processing file /opt/airflow/dags/modules/json_loader.py for tasks to queue
[2023-11-06T16:49:35.185+0000] {logging_mixin.py:151} INFO - [2023-11-06T16:49:35.185+0000] {dagbag.py:536} INFO - Filling up the DagBag from /opt/airflow/dags/modules/json_loader.py
[2023-11-06T16:49:35.753+0000] {processor.py:841} WARNING - No viable dags retrieved from /opt/airflow/dags/modules/json_loader.py
[2023-11-06T16:49:35.829+0000] {processor.py:179} INFO - Processing /opt/airflow/dags/modules/json_loader.py took 0.652 seconds
[2023-11-06T16:50:06.881+0000] {processor.py:157} INFO - Started process (PID=160) to work on /opt/airflow/dags/modules/json_loader.py
[2023-11-06T16:50:06.887+0000] {processor.py:829} INFO - Processing file /opt/airflow/dags/modules/json_loader.py for tasks to queue
[2023-11-06T16:50:06.892+0000] {logging_mixin.py:151} INFO - [2023-11-06T16:50:06.892+0000] {dagbag.py:536} INFO - Filling up the DagBag from /opt/airflow/dags/modules/json_loader.py
[2023-11-06T16:50:08.317+0000] {processor.py:841} WARNING - No viable dags retrieved from /opt/airflow/dags/modules/json_loader.py
[2023-11-06T16:50:08.348+0000] {processor.py:179} INFO - Processing /opt/airflow/dags/modules/json_loader.py took 1.473 seconds
[2023-11-06T16:58:01.215+0000] {processor.py:157} INFO - Started process (PID=274) to work on /opt/airflow/dags/modules/json_loader.py
[2023-11-06T16:58:01.337+0000] {processor.py:829} INFO - Processing file /opt/airflow/dags/modules/json_loader.py for tasks to queue
[2023-11-06T16:58:01.359+0000] {logging_mixin.py:151} INFO - [2023-11-06T16:58:01.359+0000] {dagbag.py:536} INFO - Filling up the DagBag from /opt/airflow/dags/modules/json_loader.py
[2023-11-06T17:00:34.901+0000] {processor.py:157} INFO - Started process (PID=306) to work on /opt/airflow/dags/modules/json_loader.py
[2023-11-06T17:00:34.916+0000] {processor.py:829} INFO - Processing file /opt/airflow/dags/modules/json_loader.py for tasks to queue
[2023-11-06T17:00:34.927+0000] {logging_mixin.py:151} INFO - [2023-11-06T17:00:34.926+0000] {dagbag.py:536} INFO - Filling up the DagBag from /opt/airflow/dags/modules/json_loader.py
[2023-11-06T17:05:11.293+0000] {processor.py:157} INFO - Started process (PID=400) to work on /opt/airflow/dags/modules/json_loader.py
[2023-11-06T17:05:11.302+0000] {processor.py:829} INFO - Processing file /opt/airflow/dags/modules/json_loader.py for tasks to queue
[2023-11-06T17:05:11.304+0000] {logging_mixin.py:151} INFO - [2023-11-06T17:05:11.304+0000] {dagbag.py:536} INFO - Filling up the DagBag from /opt/airflow/dags/modules/json_loader.py
[2023-11-06T17:05:14.718+0000] {processor.py:841} WARNING - No viable dags retrieved from /opt/airflow/dags/modules/json_loader.py
[2023-11-06T17:05:14.770+0000] {processor.py:179} INFO - Processing /opt/airflow/dags/modules/json_loader.py took 3.480 seconds
[2023-11-06T17:06:35.562+0000] {processor.py:157} INFO - Started process (PID=449) to work on /opt/airflow/dags/modules/json_loader.py
[2023-11-06T17:06:35.759+0000] {processor.py:829} INFO - Processing file /opt/airflow/dags/modules/json_loader.py for tasks to queue
[2023-11-06T17:06:35.796+0000] {logging_mixin.py:151} INFO - [2023-11-06T17:06:35.795+0000] {dagbag.py:536} INFO - Filling up the DagBag from /opt/airflow/dags/modules/json_loader.py
[2023-11-06T17:06:40.815+0000] {processor.py:841} WARNING - No viable dags retrieved from /opt/airflow/dags/modules/json_loader.py
[2023-11-06T17:06:40.915+0000] {processor.py:179} INFO - Processing /opt/airflow/dags/modules/json_loader.py took 5.356 seconds
[2023-11-06T17:12:51.947+0000] {processor.py:157} INFO - Started process (PID=49) to work on /opt/airflow/dags/modules/json_loader.py
[2023-11-06T17:12:51.948+0000] {processor.py:829} INFO - Processing file /opt/airflow/dags/modules/json_loader.py for tasks to queue
[2023-11-06T17:12:51.951+0000] {logging_mixin.py:151} INFO - [2023-11-06T17:12:51.950+0000] {dagbag.py:536} INFO - Filling up the DagBag from /opt/airflow/dags/modules/json_loader.py
[2023-11-06T17:12:53.162+0000] {processor.py:841} WARNING - No viable dags retrieved from /opt/airflow/dags/modules/json_loader.py
[2023-11-06T17:12:53.191+0000] {processor.py:179} INFO - Processing /opt/airflow/dags/modules/json_loader.py took 1.248 seconds
[2023-11-06T17:13:52.280+0000] {processor.py:157} INFO - Started process (PID=47) to work on /opt/airflow/dags/modules/json_loader.py
[2023-11-06T17:13:52.281+0000] {processor.py:829} INFO - Processing file /opt/airflow/dags/modules/json_loader.py for tasks to queue
[2023-11-06T17:13:52.285+0000] {logging_mixin.py:151} INFO - [2023-11-06T17:13:52.285+0000] {dagbag.py:536} INFO - Filling up the DagBag from /opt/airflow/dags/modules/json_loader.py
[2023-11-06T17:13:53.609+0000] {processor.py:841} WARNING - No viable dags retrieved from /opt/airflow/dags/modules/json_loader.py
[2023-11-06T17:13:53.629+0000] {processor.py:179} INFO - Processing /opt/airflow/dags/modules/json_loader.py took 1.357 seconds
[2023-11-06T17:14:24.075+0000] {processor.py:157} INFO - Started process (PID=109) to work on /opt/airflow/dags/modules/json_loader.py
[2023-11-06T17:14:24.077+0000] {processor.py:829} INFO - Processing file /opt/airflow/dags/modules/json_loader.py for tasks to queue
[2023-11-06T17:14:24.081+0000] {logging_mixin.py:151} INFO - [2023-11-06T17:14:24.080+0000] {dagbag.py:536} INFO - Filling up the DagBag from /opt/airflow/dags/modules/json_loader.py
[2023-11-06T17:14:24.987+0000] {processor.py:841} WARNING - No viable dags retrieved from /opt/airflow/dags/modules/json_loader.py
[2023-11-06T17:14:25.002+0000] {processor.py:179} INFO - Processing /opt/airflow/dags/modules/json_loader.py took 0.933 seconds
[2023-11-06T17:14:55.529+0000] {processor.py:157} INFO - Started process (PID=170) to work on /opt/airflow/dags/modules/json_loader.py
[2023-11-06T17:14:55.530+0000] {processor.py:829} INFO - Processing file /opt/airflow/dags/modules/json_loader.py for tasks to queue
[2023-11-06T17:14:55.533+0000] {logging_mixin.py:151} INFO - [2023-11-06T17:14:55.532+0000] {dagbag.py:536} INFO - Filling up the DagBag from /opt/airflow/dags/modules/json_loader.py
[2023-11-06T17:14:56.128+0000] {processor.py:841} WARNING - No viable dags retrieved from /opt/airflow/dags/modules/json_loader.py
[2023-11-06T17:14:56.147+0000] {processor.py:179} INFO - Processing /opt/airflow/dags/modules/json_loader.py took 0.623 seconds
[2023-11-06T17:15:26.893+0000] {processor.py:157} INFO - Started process (PID=233) to work on /opt/airflow/dags/modules/json_loader.py
[2023-11-06T17:15:26.894+0000] {processor.py:829} INFO - Processing file /opt/airflow/dags/modules/json_loader.py for tasks to queue
[2023-11-06T17:15:26.898+0000] {logging_mixin.py:151} INFO - [2023-11-06T17:15:26.898+0000] {dagbag.py:536} INFO - Filling up the DagBag from /opt/airflow/dags/modules/json_loader.py
[2023-11-06T17:15:27.613+0000] {processor.py:841} WARNING - No viable dags retrieved from /opt/airflow/dags/modules/json_loader.py
[2023-11-06T17:15:27.631+0000] {processor.py:179} INFO - Processing /opt/airflow/dags/modules/json_loader.py took 0.745 seconds
[2023-11-06T17:15:59.332+0000] {processor.py:157} INFO - Started process (PID=297) to work on /opt/airflow/dags/modules/json_loader.py
[2023-11-06T17:15:59.334+0000] {processor.py:829} INFO - Processing file /opt/airflow/dags/modules/json_loader.py for tasks to queue
[2023-11-06T17:15:59.337+0000] {logging_mixin.py:151} INFO - [2023-11-06T17:15:59.337+0000] {dagbag.py:536} INFO - Filling up the DagBag from /opt/airflow/dags/modules/json_loader.py
[2023-11-06T17:16:00.199+0000] {processor.py:841} WARNING - No viable dags retrieved from /opt/airflow/dags/modules/json_loader.py
[2023-11-06T17:16:00.216+0000] {processor.py:179} INFO - Processing /opt/airflow/dags/modules/json_loader.py took 0.888 seconds
[2023-11-06T17:16:30.846+0000] {processor.py:157} INFO - Started process (PID=358) to work on /opt/airflow/dags/modules/json_loader.py
[2023-11-06T17:16:30.848+0000] {processor.py:829} INFO - Processing file /opt/airflow/dags/modules/json_loader.py for tasks to queue
[2023-11-06T17:16:30.851+0000] {logging_mixin.py:151} INFO - [2023-11-06T17:16:30.850+0000] {dagbag.py:536} INFO - Filling up the DagBag from /opt/airflow/dags/modules/json_loader.py
[2023-11-06T17:16:31.534+0000] {processor.py:841} WARNING - No viable dags retrieved from /opt/airflow/dags/modules/json_loader.py
[2023-11-06T17:16:31.550+0000] {processor.py:179} INFO - Processing /opt/airflow/dags/modules/json_loader.py took 0.709 seconds
[2023-11-06T17:17:05.450+0000] {processor.py:157} INFO - Started process (PID=421) to work on /opt/airflow/dags/modules/json_loader.py
[2023-11-06T17:17:05.464+0000] {processor.py:829} INFO - Processing file /opt/airflow/dags/modules/json_loader.py for tasks to queue
[2023-11-06T17:17:05.472+0000] {logging_mixin.py:151} INFO - [2023-11-06T17:17:05.472+0000] {dagbag.py:536} INFO - Filling up the DagBag from /opt/airflow/dags/modules/json_loader.py
[2023-11-06T17:17:06.857+0000] {processor.py:841} WARNING - No viable dags retrieved from /opt/airflow/dags/modules/json_loader.py
[2023-11-06T17:17:06.898+0000] {processor.py:179} INFO - Processing /opt/airflow/dags/modules/json_loader.py took 1.453 seconds
[2023-11-06T17:17:37.203+0000] {processor.py:157} INFO - Started process (PID=482) to work on /opt/airflow/dags/modules/json_loader.py
[2023-11-06T17:17:37.204+0000] {processor.py:829} INFO - Processing file /opt/airflow/dags/modules/json_loader.py for tasks to queue
[2023-11-06T17:17:37.206+0000] {logging_mixin.py:151} INFO - [2023-11-06T17:17:37.206+0000] {dagbag.py:536} INFO - Filling up the DagBag from /opt/airflow/dags/modules/json_loader.py
[2023-11-06T17:17:38.513+0000] {processor.py:841} WARNING - No viable dags retrieved from /opt/airflow/dags/modules/json_loader.py
[2023-11-06T17:17:38.534+0000] {processor.py:179} INFO - Processing /opt/airflow/dags/modules/json_loader.py took 1.335 seconds
[2023-11-06T17:18:09.705+0000] {processor.py:157} INFO - Started process (PID=545) to work on /opt/airflow/dags/modules/json_loader.py
[2023-11-06T17:18:09.712+0000] {processor.py:829} INFO - Processing file /opt/airflow/dags/modules/json_loader.py for tasks to queue
[2023-11-06T17:18:09.719+0000] {logging_mixin.py:151} INFO - [2023-11-06T17:18:09.718+0000] {dagbag.py:536} INFO - Filling up the DagBag from /opt/airflow/dags/modules/json_loader.py
[2023-11-06T17:18:10.555+0000] {processor.py:841} WARNING - No viable dags retrieved from /opt/airflow/dags/modules/json_loader.py
[2023-11-06T17:18:10.574+0000] {processor.py:179} INFO - Processing /opt/airflow/dags/modules/json_loader.py took 0.876 seconds
[2023-11-06T17:18:41.213+0000] {processor.py:157} INFO - Started process (PID=608) to work on /opt/airflow/dags/modules/json_loader.py
[2023-11-06T17:18:41.215+0000] {processor.py:829} INFO - Processing file /opt/airflow/dags/modules/json_loader.py for tasks to queue
[2023-11-06T17:18:41.220+0000] {logging_mixin.py:151} INFO - [2023-11-06T17:18:41.219+0000] {dagbag.py:536} INFO - Filling up the DagBag from /opt/airflow/dags/modules/json_loader.py
[2023-11-06T17:18:42.258+0000] {processor.py:841} WARNING - No viable dags retrieved from /opt/airflow/dags/modules/json_loader.py
[2023-11-06T17:18:42.287+0000] {processor.py:179} INFO - Processing /opt/airflow/dags/modules/json_loader.py took 1.080 seconds
[2023-11-06T17:19:13.491+0000] {processor.py:157} INFO - Started process (PID=671) to work on /opt/airflow/dags/modules/json_loader.py
[2023-11-06T17:19:13.493+0000] {processor.py:829} INFO - Processing file /opt/airflow/dags/modules/json_loader.py for tasks to queue
[2023-11-06T17:19:13.497+0000] {logging_mixin.py:151} INFO - [2023-11-06T17:19:13.496+0000] {dagbag.py:536} INFO - Filling up the DagBag from /opt/airflow/dags/modules/json_loader.py
[2023-11-06T17:19:14.328+0000] {processor.py:841} WARNING - No viable dags retrieved from /opt/airflow/dags/modules/json_loader.py
[2023-11-06T17:19:14.344+0000] {processor.py:179} INFO - Processing /opt/airflow/dags/modules/json_loader.py took 0.862 seconds
[2023-11-06T17:19:45.255+0000] {processor.py:157} INFO - Started process (PID=734) to work on /opt/airflow/dags/modules/json_loader.py
[2023-11-06T17:19:45.257+0000] {processor.py:829} INFO - Processing file /opt/airflow/dags/modules/json_loader.py for tasks to queue
[2023-11-06T17:19:45.261+0000] {logging_mixin.py:151} INFO - [2023-11-06T17:19:45.260+0000] {dagbag.py:536} INFO - Filling up the DagBag from /opt/airflow/dags/modules/json_loader.py
[2023-11-06T17:19:46.101+0000] {processor.py:841} WARNING - No viable dags retrieved from /opt/airflow/dags/modules/json_loader.py
[2023-11-06T17:19:46.121+0000] {processor.py:179} INFO - Processing /opt/airflow/dags/modules/json_loader.py took 0.874 seconds
[2023-11-06T17:20:16.421+0000] {processor.py:157} INFO - Started process (PID=797) to work on /opt/airflow/dags/modules/json_loader.py
[2023-11-06T17:20:16.423+0000] {processor.py:829} INFO - Processing file /opt/airflow/dags/modules/json_loader.py for tasks to queue
[2023-11-06T17:20:16.428+0000] {logging_mixin.py:151} INFO - [2023-11-06T17:20:16.427+0000] {dagbag.py:536} INFO - Filling up the DagBag from /opt/airflow/dags/modules/json_loader.py
[2023-11-06T17:20:17.127+0000] {processor.py:841} WARNING - No viable dags retrieved from /opt/airflow/dags/modules/json_loader.py
[2023-11-06T17:20:17.150+0000] {processor.py:179} INFO - Processing /opt/airflow/dags/modules/json_loader.py took 0.735 seconds
[2023-11-06T17:20:47.451+0000] {processor.py:157} INFO - Started process (PID=858) to work on /opt/airflow/dags/modules/json_loader.py
[2023-11-06T17:20:47.453+0000] {processor.py:829} INFO - Processing file /opt/airflow/dags/modules/json_loader.py for tasks to queue
[2023-11-06T17:20:47.456+0000] {logging_mixin.py:151} INFO - [2023-11-06T17:20:47.456+0000] {dagbag.py:536} INFO - Filling up the DagBag from /opt/airflow/dags/modules/json_loader.py
[2023-11-06T17:20:48.048+0000] {processor.py:841} WARNING - No viable dags retrieved from /opt/airflow/dags/modules/json_loader.py
[2023-11-06T17:20:48.062+0000] {processor.py:179} INFO - Processing /opt/airflow/dags/modules/json_loader.py took 0.619 seconds
[2023-11-06T17:21:19.868+0000] {processor.py:157} INFO - Started process (PID=921) to work on /opt/airflow/dags/modules/json_loader.py
[2023-11-06T17:21:19.870+0000] {processor.py:829} INFO - Processing file /opt/airflow/dags/modules/json_loader.py for tasks to queue
[2023-11-06T17:21:19.873+0000] {logging_mixin.py:151} INFO - [2023-11-06T17:21:19.872+0000] {dagbag.py:536} INFO - Filling up the DagBag from /opt/airflow/dags/modules/json_loader.py
[2023-11-06T17:21:20.626+0000] {processor.py:841} WARNING - No viable dags retrieved from /opt/airflow/dags/modules/json_loader.py
[2023-11-06T17:21:20.644+0000] {processor.py:179} INFO - Processing /opt/airflow/dags/modules/json_loader.py took 0.779 seconds
[2023-11-06T17:21:51.609+0000] {processor.py:157} INFO - Started process (PID=983) to work on /opt/airflow/dags/modules/json_loader.py
[2023-11-06T17:21:51.611+0000] {processor.py:829} INFO - Processing file /opt/airflow/dags/modules/json_loader.py for tasks to queue
[2023-11-06T17:21:51.614+0000] {logging_mixin.py:151} INFO - [2023-11-06T17:21:51.614+0000] {dagbag.py:536} INFO - Filling up the DagBag from /opt/airflow/dags/modules/json_loader.py
[2023-11-06T17:21:52.347+0000] {processor.py:841} WARNING - No viable dags retrieved from /opt/airflow/dags/modules/json_loader.py
[2023-11-06T17:21:52.361+0000] {processor.py:179} INFO - Processing /opt/airflow/dags/modules/json_loader.py took 0.759 seconds
[2023-11-06T17:22:23.514+0000] {processor.py:157} INFO - Started process (PID=1044) to work on /opt/airflow/dags/modules/json_loader.py
[2023-11-06T17:22:23.516+0000] {processor.py:829} INFO - Processing file /opt/airflow/dags/modules/json_loader.py for tasks to queue
[2023-11-06T17:22:23.520+0000] {logging_mixin.py:151} INFO - [2023-11-06T17:22:23.519+0000] {dagbag.py:536} INFO - Filling up the DagBag from /opt/airflow/dags/modules/json_loader.py
[2023-11-06T17:22:24.930+0000] {processor.py:841} WARNING - No viable dags retrieved from /opt/airflow/dags/modules/json_loader.py
[2023-11-06T17:22:24.969+0000] {processor.py:179} INFO - Processing /opt/airflow/dags/modules/json_loader.py took 1.461 seconds
[2023-11-06T17:22:55.715+0000] {processor.py:157} INFO - Started process (PID=1107) to work on /opt/airflow/dags/modules/json_loader.py
[2023-11-06T17:22:55.717+0000] {processor.py:829} INFO - Processing file /opt/airflow/dags/modules/json_loader.py for tasks to queue
[2023-11-06T17:22:55.721+0000] {logging_mixin.py:151} INFO - [2023-11-06T17:22:55.721+0000] {dagbag.py:536} INFO - Filling up the DagBag from /opt/airflow/dags/modules/json_loader.py
[2023-11-06T17:22:56.601+0000] {processor.py:841} WARNING - No viable dags retrieved from /opt/airflow/dags/modules/json_loader.py
[2023-11-06T17:22:56.684+0000] {processor.py:179} INFO - Processing /opt/airflow/dags/modules/json_loader.py took 0.972 seconds
[2023-11-06T17:23:31.896+0000] {processor.py:157} INFO - Started process (PID=1169) to work on /opt/airflow/dags/modules/json_loader.py
[2023-11-06T17:23:31.907+0000] {processor.py:829} INFO - Processing file /opt/airflow/dags/modules/json_loader.py for tasks to queue
[2023-11-06T17:23:31.917+0000] {logging_mixin.py:151} INFO - [2023-11-06T17:23:31.917+0000] {dagbag.py:536} INFO - Filling up the DagBag from /opt/airflow/dags/modules/json_loader.py
[2023-11-06T17:23:33.456+0000] {processor.py:841} WARNING - No viable dags retrieved from /opt/airflow/dags/modules/json_loader.py
[2023-11-06T17:23:33.505+0000] {processor.py:179} INFO - Processing /opt/airflow/dags/modules/json_loader.py took 1.659 seconds
[2023-11-06T17:24:03.779+0000] {processor.py:157} INFO - Started process (PID=1232) to work on /opt/airflow/dags/modules/json_loader.py
[2023-11-06T17:24:03.781+0000] {processor.py:829} INFO - Processing file /opt/airflow/dags/modules/json_loader.py for tasks to queue
[2023-11-06T17:24:03.784+0000] {logging_mixin.py:151} INFO - [2023-11-06T17:24:03.783+0000] {dagbag.py:536} INFO - Filling up the DagBag from /opt/airflow/dags/modules/json_loader.py
[2023-11-06T17:24:04.504+0000] {processor.py:841} WARNING - No viable dags retrieved from /opt/airflow/dags/modules/json_loader.py
[2023-11-06T17:24:04.521+0000] {processor.py:179} INFO - Processing /opt/airflow/dags/modules/json_loader.py took 0.746 seconds
[2023-11-06T17:24:35.186+0000] {processor.py:157} INFO - Started process (PID=1293) to work on /opt/airflow/dags/modules/json_loader.py
[2023-11-06T17:24:35.187+0000] {processor.py:829} INFO - Processing file /opt/airflow/dags/modules/json_loader.py for tasks to queue
[2023-11-06T17:24:35.191+0000] {logging_mixin.py:151} INFO - [2023-11-06T17:24:35.190+0000] {dagbag.py:536} INFO - Filling up the DagBag from /opt/airflow/dags/modules/json_loader.py
[2023-11-06T17:24:35.802+0000] {processor.py:841} WARNING - No viable dags retrieved from /opt/airflow/dags/modules/json_loader.py
[2023-11-06T17:24:35.819+0000] {processor.py:179} INFO - Processing /opt/airflow/dags/modules/json_loader.py took 0.639 seconds
[2023-11-06T17:25:10.966+0000] {processor.py:157} INFO - Started process (PID=1355) to work on /opt/airflow/dags/modules/json_loader.py
[2023-11-06T17:25:10.969+0000] {processor.py:829} INFO - Processing file /opt/airflow/dags/modules/json_loader.py for tasks to queue
[2023-11-06T17:25:10.973+0000] {logging_mixin.py:151} INFO - [2023-11-06T17:25:10.972+0000] {dagbag.py:536} INFO - Filling up the DagBag from /opt/airflow/dags/modules/json_loader.py
[2023-11-06T17:25:11.709+0000] {processor.py:841} WARNING - No viable dags retrieved from /opt/airflow/dags/modules/json_loader.py
[2023-11-06T17:25:11.736+0000] {processor.py:179} INFO - Processing /opt/airflow/dags/modules/json_loader.py took 0.778 seconds
[2023-11-06T17:25:42.235+0000] {processor.py:157} INFO - Started process (PID=1417) to work on /opt/airflow/dags/modules/json_loader.py
[2023-11-06T17:25:42.237+0000] {processor.py:829} INFO - Processing file /opt/airflow/dags/modules/json_loader.py for tasks to queue
[2023-11-06T17:25:42.239+0000] {logging_mixin.py:151} INFO - [2023-11-06T17:25:42.239+0000] {dagbag.py:536} INFO - Filling up the DagBag from /opt/airflow/dags/modules/json_loader.py
[2023-11-06T17:25:43.109+0000] {processor.py:841} WARNING - No viable dags retrieved from /opt/airflow/dags/modules/json_loader.py
[2023-11-06T17:25:43.140+0000] {processor.py:179} INFO - Processing /opt/airflow/dags/modules/json_loader.py took 0.910 seconds
[2023-11-06T17:26:13.756+0000] {processor.py:157} INFO - Started process (PID=1479) to work on /opt/airflow/dags/modules/json_loader.py
[2023-11-06T17:26:13.757+0000] {processor.py:829} INFO - Processing file /opt/airflow/dags/modules/json_loader.py for tasks to queue
[2023-11-06T17:26:13.765+0000] {logging_mixin.py:151} INFO - [2023-11-06T17:26:13.762+0000] {dagbag.py:536} INFO - Filling up the DagBag from /opt/airflow/dags/modules/json_loader.py
[2023-11-06T17:26:14.450+0000] {processor.py:841} WARNING - No viable dags retrieved from /opt/airflow/dags/modules/json_loader.py
[2023-11-06T17:26:14.469+0000] {processor.py:179} INFO - Processing /opt/airflow/dags/modules/json_loader.py took 0.717 seconds
[2023-11-06T17:26:45.169+0000] {processor.py:157} INFO - Started process (PID=1541) to work on /opt/airflow/dags/modules/json_loader.py
[2023-11-06T17:26:45.171+0000] {processor.py:829} INFO - Processing file /opt/airflow/dags/modules/json_loader.py for tasks to queue
[2023-11-06T17:26:45.174+0000] {logging_mixin.py:151} INFO - [2023-11-06T17:26:45.174+0000] {dagbag.py:536} INFO - Filling up the DagBag from /opt/airflow/dags/modules/json_loader.py
[2023-11-06T17:26:45.905+0000] {processor.py:841} WARNING - No viable dags retrieved from /opt/airflow/dags/modules/json_loader.py
[2023-11-06T17:26:45.921+0000] {processor.py:179} INFO - Processing /opt/airflow/dags/modules/json_loader.py took 0.757 seconds
[2023-11-06T17:27:16.250+0000] {processor.py:157} INFO - Started process (PID=1603) to work on /opt/airflow/dags/modules/json_loader.py
[2023-11-06T17:27:16.251+0000] {processor.py:829} INFO - Processing file /opt/airflow/dags/modules/json_loader.py for tasks to queue
[2023-11-06T17:27:16.255+0000] {logging_mixin.py:151} INFO - [2023-11-06T17:27:16.254+0000] {dagbag.py:536} INFO - Filling up the DagBag from /opt/airflow/dags/modules/json_loader.py
[2023-11-06T17:27:16.944+0000] {processor.py:841} WARNING - No viable dags retrieved from /opt/airflow/dags/modules/json_loader.py
[2023-11-06T17:27:16.972+0000] {processor.py:179} INFO - Processing /opt/airflow/dags/modules/json_loader.py took 0.726 seconds
[2023-11-06T17:27:48.322+0000] {processor.py:157} INFO - Started process (PID=1673) to work on /opt/airflow/dags/modules/json_loader.py
[2023-11-06T17:27:48.323+0000] {processor.py:829} INFO - Processing file /opt/airflow/dags/modules/json_loader.py for tasks to queue
[2023-11-06T17:27:48.326+0000] {logging_mixin.py:151} INFO - [2023-11-06T17:27:48.326+0000] {dagbag.py:536} INFO - Filling up the DagBag from /opt/airflow/dags/modules/json_loader.py
[2023-11-06T17:27:49.523+0000] {processor.py:841} WARNING - No viable dags retrieved from /opt/airflow/dags/modules/json_loader.py
[2023-11-06T17:27:49.549+0000] {processor.py:179} INFO - Processing /opt/airflow/dags/modules/json_loader.py took 1.231 seconds
[2023-11-06T17:28:19.769+0000] {processor.py:157} INFO - Started process (PID=1736) to work on /opt/airflow/dags/modules/json_loader.py
[2023-11-06T17:28:19.775+0000] {processor.py:829} INFO - Processing file /opt/airflow/dags/modules/json_loader.py for tasks to queue
[2023-11-06T17:28:19.779+0000] {logging_mixin.py:151} INFO - [2023-11-06T17:28:19.778+0000] {dagbag.py:536} INFO - Filling up the DagBag from /opt/airflow/dags/modules/json_loader.py
[2023-11-06T17:28:20.846+0000] {processor.py:841} WARNING - No viable dags retrieved from /opt/airflow/dags/modules/json_loader.py
[2023-11-06T17:28:20.866+0000] {processor.py:179} INFO - Processing /opt/airflow/dags/modules/json_loader.py took 1.104 seconds
[2023-11-06T17:28:51.947+0000] {processor.py:157} INFO - Started process (PID=1802) to work on /opt/airflow/dags/modules/json_loader.py
[2023-11-06T17:28:51.949+0000] {processor.py:829} INFO - Processing file /opt/airflow/dags/modules/json_loader.py for tasks to queue
[2023-11-06T17:28:51.958+0000] {logging_mixin.py:151} INFO - [2023-11-06T17:28:51.958+0000] {dagbag.py:536} INFO - Filling up the DagBag from /opt/airflow/dags/modules/json_loader.py
[2023-11-06T17:28:53.057+0000] {processor.py:841} WARNING - No viable dags retrieved from /opt/airflow/dags/modules/json_loader.py
[2023-11-06T17:28:53.122+0000] {processor.py:179} INFO - Processing /opt/airflow/dags/modules/json_loader.py took 1.180 seconds
[2023-11-06T17:29:23.982+0000] {processor.py:157} INFO - Started process (PID=1862) to work on /opt/airflow/dags/modules/json_loader.py
[2023-11-06T17:29:23.988+0000] {processor.py:829} INFO - Processing file /opt/airflow/dags/modules/json_loader.py for tasks to queue
[2023-11-06T17:29:23.992+0000] {logging_mixin.py:151} INFO - [2023-11-06T17:29:23.992+0000] {dagbag.py:536} INFO - Filling up the DagBag from /opt/airflow/dags/modules/json_loader.py
[2023-11-06T17:29:24.956+0000] {processor.py:841} WARNING - No viable dags retrieved from /opt/airflow/dags/modules/json_loader.py
[2023-11-06T17:29:24.979+0000] {processor.py:179} INFO - Processing /opt/airflow/dags/modules/json_loader.py took 1.003 seconds
[2023-11-06T17:29:55.480+0000] {processor.py:157} INFO - Started process (PID=1925) to work on /opt/airflow/dags/modules/json_loader.py
[2023-11-06T17:29:55.483+0000] {processor.py:829} INFO - Processing file /opt/airflow/dags/modules/json_loader.py for tasks to queue
[2023-11-06T17:29:55.486+0000] {logging_mixin.py:151} INFO - [2023-11-06T17:29:55.486+0000] {dagbag.py:536} INFO - Filling up the DagBag from /opt/airflow/dags/modules/json_loader.py
[2023-11-06T17:29:56.163+0000] {processor.py:841} WARNING - No viable dags retrieved from /opt/airflow/dags/modules/json_loader.py
[2023-11-06T17:29:56.183+0000] {processor.py:179} INFO - Processing /opt/airflow/dags/modules/json_loader.py took 0.709 seconds
[2023-11-06T17:30:26.845+0000] {processor.py:157} INFO - Started process (PID=1988) to work on /opt/airflow/dags/modules/json_loader.py
[2023-11-06T17:30:26.846+0000] {processor.py:829} INFO - Processing file /opt/airflow/dags/modules/json_loader.py for tasks to queue
[2023-11-06T17:30:26.850+0000] {logging_mixin.py:151} INFO - [2023-11-06T17:30:26.850+0000] {dagbag.py:536} INFO - Filling up the DagBag from /opt/airflow/dags/modules/json_loader.py
[2023-11-06T17:30:27.459+0000] {processor.py:841} WARNING - No viable dags retrieved from /opt/airflow/dags/modules/json_loader.py
[2023-11-06T17:30:27.475+0000] {processor.py:179} INFO - Processing /opt/airflow/dags/modules/json_loader.py took 0.635 seconds
[2023-11-06T17:31:01.372+0000] {processor.py:157} INFO - Started process (PID=2048) to work on /opt/airflow/dags/modules/json_loader.py
[2023-11-06T17:31:01.374+0000] {processor.py:829} INFO - Processing file /opt/airflow/dags/modules/json_loader.py for tasks to queue
[2023-11-06T17:31:01.383+0000] {logging_mixin.py:151} INFO - [2023-11-06T17:31:01.383+0000] {dagbag.py:536} INFO - Filling up the DagBag from /opt/airflow/dags/modules/json_loader.py
[2023-11-06T17:31:02.619+0000] {processor.py:841} WARNING - No viable dags retrieved from /opt/airflow/dags/modules/json_loader.py
[2023-11-06T17:31:02.638+0000] {processor.py:179} INFO - Processing /opt/airflow/dags/modules/json_loader.py took 1.274 seconds
[2023-11-06T17:31:33.336+0000] {processor.py:157} INFO - Started process (PID=2110) to work on /opt/airflow/dags/modules/json_loader.py
[2023-11-06T17:31:33.338+0000] {processor.py:829} INFO - Processing file /opt/airflow/dags/modules/json_loader.py for tasks to queue
[2023-11-06T17:31:33.343+0000] {logging_mixin.py:151} INFO - [2023-11-06T17:31:33.342+0000] {dagbag.py:536} INFO - Filling up the DagBag from /opt/airflow/dags/modules/json_loader.py
[2023-11-06T17:31:34.833+0000] {processor.py:841} WARNING - No viable dags retrieved from /opt/airflow/dags/modules/json_loader.py
[2023-11-06T17:31:34.858+0000] {processor.py:179} INFO - Processing /opt/airflow/dags/modules/json_loader.py took 1.533 seconds
[2023-11-06T17:32:05.038+0000] {processor.py:157} INFO - Started process (PID=2172) to work on /opt/airflow/dags/modules/json_loader.py
[2023-11-06T17:32:05.040+0000] {processor.py:829} INFO - Processing file /opt/airflow/dags/modules/json_loader.py for tasks to queue
[2023-11-06T17:32:05.045+0000] {logging_mixin.py:151} INFO - [2023-11-06T17:32:05.044+0000] {dagbag.py:536} INFO - Filling up the DagBag from /opt/airflow/dags/modules/json_loader.py
[2023-11-06T17:32:05.756+0000] {processor.py:841} WARNING - No viable dags retrieved from /opt/airflow/dags/modules/json_loader.py
[2023-11-06T17:32:05.771+0000] {processor.py:179} INFO - Processing /opt/airflow/dags/modules/json_loader.py took 0.738 seconds
[2023-11-06T17:32:36.317+0000] {processor.py:157} INFO - Started process (PID=2234) to work on /opt/airflow/dags/modules/json_loader.py
[2023-11-06T17:32:36.319+0000] {processor.py:829} INFO - Processing file /opt/airflow/dags/modules/json_loader.py for tasks to queue
[2023-11-06T17:32:36.322+0000] {logging_mixin.py:151} INFO - [2023-11-06T17:32:36.321+0000] {dagbag.py:536} INFO - Filling up the DagBag from /opt/airflow/dags/modules/json_loader.py
[2023-11-06T17:32:37.043+0000] {processor.py:841} WARNING - No viable dags retrieved from /opt/airflow/dags/modules/json_loader.py
[2023-11-06T17:32:37.062+0000] {processor.py:179} INFO - Processing /opt/airflow/dags/modules/json_loader.py took 0.751 seconds
[2023-11-06T17:33:07.410+0000] {processor.py:157} INFO - Started process (PID=2296) to work on /opt/airflow/dags/modules/json_loader.py
[2023-11-06T17:33:07.411+0000] {processor.py:829} INFO - Processing file /opt/airflow/dags/modules/json_loader.py for tasks to queue
[2023-11-06T17:33:07.415+0000] {logging_mixin.py:151} INFO - [2023-11-06T17:33:07.414+0000] {dagbag.py:536} INFO - Filling up the DagBag from /opt/airflow/dags/modules/json_loader.py
[2023-11-06T17:33:08.016+0000] {processor.py:841} WARNING - No viable dags retrieved from /opt/airflow/dags/modules/json_loader.py
[2023-11-06T17:33:08.032+0000] {processor.py:179} INFO - Processing /opt/airflow/dags/modules/json_loader.py took 0.627 seconds
[2023-11-06T17:33:38.617+0000] {processor.py:157} INFO - Started process (PID=2359) to work on /opt/airflow/dags/modules/json_loader.py
[2023-11-06T17:33:38.619+0000] {processor.py:829} INFO - Processing file /opt/airflow/dags/modules/json_loader.py for tasks to queue
[2023-11-06T17:33:38.623+0000] {logging_mixin.py:151} INFO - [2023-11-06T17:33:38.623+0000] {dagbag.py:536} INFO - Filling up the DagBag from /opt/airflow/dags/modules/json_loader.py
[2023-11-06T17:33:39.312+0000] {processor.py:841} WARNING - No viable dags retrieved from /opt/airflow/dags/modules/json_loader.py
[2023-11-06T17:33:39.379+0000] {processor.py:179} INFO - Processing /opt/airflow/dags/modules/json_loader.py took 0.768 seconds
[2023-11-06T17:34:10.188+0000] {processor.py:157} INFO - Started process (PID=2422) to work on /opt/airflow/dags/modules/json_loader.py
[2023-11-06T17:34:10.190+0000] {processor.py:829} INFO - Processing file /opt/airflow/dags/modules/json_loader.py for tasks to queue
[2023-11-06T17:34:10.194+0000] {logging_mixin.py:151} INFO - [2023-11-06T17:34:10.193+0000] {dagbag.py:536} INFO - Filling up the DagBag from /opt/airflow/dags/modules/json_loader.py
[2023-11-06T17:34:10.955+0000] {processor.py:841} WARNING - No viable dags retrieved from /opt/airflow/dags/modules/json_loader.py
[2023-11-06T17:34:10.983+0000] {processor.py:179} INFO - Processing /opt/airflow/dags/modules/json_loader.py took 0.803 seconds
[2023-11-06T17:34:41.311+0000] {processor.py:157} INFO - Started process (PID=2485) to work on /opt/airflow/dags/modules/json_loader.py
[2023-11-06T17:34:41.312+0000] {processor.py:829} INFO - Processing file /opt/airflow/dags/modules/json_loader.py for tasks to queue
[2023-11-06T17:34:41.316+0000] {logging_mixin.py:151} INFO - [2023-11-06T17:34:41.315+0000] {dagbag.py:536} INFO - Filling up the DagBag from /opt/airflow/dags/modules/json_loader.py
[2023-11-06T17:34:42.039+0000] {processor.py:841} WARNING - No viable dags retrieved from /opt/airflow/dags/modules/json_loader.py
[2023-11-06T17:34:42.060+0000] {processor.py:179} INFO - Processing /opt/airflow/dags/modules/json_loader.py took 0.754 seconds
[2023-11-06T17:35:13.191+0000] {processor.py:157} INFO - Started process (PID=2548) to work on /opt/airflow/dags/modules/json_loader.py
[2023-11-06T17:35:13.193+0000] {processor.py:829} INFO - Processing file /opt/airflow/dags/modules/json_loader.py for tasks to queue
[2023-11-06T17:35:13.198+0000] {logging_mixin.py:151} INFO - [2023-11-06T17:35:13.197+0000] {dagbag.py:536} INFO - Filling up the DagBag from /opt/airflow/dags/modules/json_loader.py
[2023-11-06T17:35:14.119+0000] {processor.py:841} WARNING - No viable dags retrieved from /opt/airflow/dags/modules/json_loader.py
[2023-11-06T17:35:14.150+0000] {processor.py:179} INFO - Processing /opt/airflow/dags/modules/json_loader.py took 0.966 seconds
[2023-11-06T17:35:44.729+0000] {processor.py:157} INFO - Started process (PID=2613) to work on /opt/airflow/dags/modules/json_loader.py
[2023-11-06T17:35:44.731+0000] {processor.py:829} INFO - Processing file /opt/airflow/dags/modules/json_loader.py for tasks to queue
[2023-11-06T17:35:44.736+0000] {logging_mixin.py:151} INFO - [2023-11-06T17:35:44.735+0000] {dagbag.py:536} INFO - Filling up the DagBag from /opt/airflow/dags/modules/json_loader.py
[2023-11-06T17:35:45.360+0000] {processor.py:841} WARNING - No viable dags retrieved from /opt/airflow/dags/modules/json_loader.py
[2023-11-06T17:35:45.375+0000] {processor.py:179} INFO - Processing /opt/airflow/dags/modules/json_loader.py took 0.655 seconds
[2023-11-06T17:36:15.470+0000] {processor.py:157} INFO - Started process (PID=2676) to work on /opt/airflow/dags/modules/json_loader.py
[2023-11-06T17:36:15.471+0000] {processor.py:829} INFO - Processing file /opt/airflow/dags/modules/json_loader.py for tasks to queue
[2023-11-06T17:36:15.474+0000] {logging_mixin.py:151} INFO - [2023-11-06T17:36:15.473+0000] {dagbag.py:536} INFO - Filling up the DagBag from /opt/airflow/dags/modules/json_loader.py
[2023-11-06T17:36:16.120+0000] {processor.py:841} WARNING - No viable dags retrieved from /opt/airflow/dags/modules/json_loader.py
[2023-11-06T17:36:16.136+0000] {processor.py:179} INFO - Processing /opt/airflow/dags/modules/json_loader.py took 0.670 seconds
[2023-11-06T17:36:46.805+0000] {processor.py:157} INFO - Started process (PID=2740) to work on /opt/airflow/dags/modules/json_loader.py
[2023-11-06T17:36:46.806+0000] {processor.py:829} INFO - Processing file /opt/airflow/dags/modules/json_loader.py for tasks to queue
[2023-11-06T17:36:46.809+0000] {logging_mixin.py:151} INFO - [2023-11-06T17:36:46.808+0000] {dagbag.py:536} INFO - Filling up the DagBag from /opt/airflow/dags/modules/json_loader.py
[2023-11-06T17:36:47.419+0000] {processor.py:841} WARNING - No viable dags retrieved from /opt/airflow/dags/modules/json_loader.py
[2023-11-06T17:36:47.433+0000] {processor.py:179} INFO - Processing /opt/airflow/dags/modules/json_loader.py took 0.633 seconds
[2023-11-06T17:37:17.772+0000] {processor.py:157} INFO - Started process (PID=2803) to work on /opt/airflow/dags/modules/json_loader.py
[2023-11-06T17:37:17.774+0000] {processor.py:829} INFO - Processing file /opt/airflow/dags/modules/json_loader.py for tasks to queue
[2023-11-06T17:37:17.778+0000] {logging_mixin.py:151} INFO - [2023-11-06T17:37:17.778+0000] {dagbag.py:536} INFO - Filling up the DagBag from /opt/airflow/dags/modules/json_loader.py
[2023-11-06T17:37:18.431+0000] {processor.py:841} WARNING - No viable dags retrieved from /opt/airflow/dags/modules/json_loader.py
[2023-11-06T17:37:18.446+0000] {processor.py:179} INFO - Processing /opt/airflow/dags/modules/json_loader.py took 0.679 seconds
[2023-11-06T17:37:49.120+0000] {processor.py:157} INFO - Started process (PID=2865) to work on /opt/airflow/dags/modules/json_loader.py
[2023-11-06T17:37:49.121+0000] {processor.py:829} INFO - Processing file /opt/airflow/dags/modules/json_loader.py for tasks to queue
[2023-11-06T17:37:49.126+0000] {logging_mixin.py:151} INFO - [2023-11-06T17:37:49.125+0000] {dagbag.py:536} INFO - Filling up the DagBag from /opt/airflow/dags/modules/json_loader.py
[2023-11-06T17:37:49.627+0000] {processor.py:841} WARNING - No viable dags retrieved from /opt/airflow/dags/modules/json_loader.py
[2023-11-06T17:37:49.655+0000] {processor.py:179} INFO - Processing /opt/airflow/dags/modules/json_loader.py took 0.541 seconds
[2023-11-06T17:38:19.790+0000] {processor.py:157} INFO - Started process (PID=2927) to work on /opt/airflow/dags/modules/json_loader.py
[2023-11-06T17:38:19.807+0000] {processor.py:829} INFO - Processing file /opt/airflow/dags/modules/json_loader.py for tasks to queue
[2023-11-06T17:38:19.818+0000] {logging_mixin.py:151} INFO - [2023-11-06T17:38:19.818+0000] {dagbag.py:536} INFO - Filling up the DagBag from /opt/airflow/dags/modules/json_loader.py
[2023-11-06T17:38:20.672+0000] {processor.py:841} WARNING - No viable dags retrieved from /opt/airflow/dags/modules/json_loader.py
[2023-11-06T17:38:20.685+0000] {processor.py:179} INFO - Processing /opt/airflow/dags/modules/json_loader.py took 0.907 seconds
[2023-11-06T17:38:50.819+0000] {processor.py:157} INFO - Started process (PID=2991) to work on /opt/airflow/dags/modules/json_loader.py
[2023-11-06T17:38:50.820+0000] {processor.py:829} INFO - Processing file /opt/airflow/dags/modules/json_loader.py for tasks to queue
[2023-11-06T17:38:50.824+0000] {logging_mixin.py:151} INFO - [2023-11-06T17:38:50.823+0000] {dagbag.py:536} INFO - Filling up the DagBag from /opt/airflow/dags/modules/json_loader.py
[2023-11-06T17:38:51.504+0000] {processor.py:841} WARNING - No viable dags retrieved from /opt/airflow/dags/modules/json_loader.py
[2023-11-06T17:38:51.520+0000] {processor.py:179} INFO - Processing /opt/airflow/dags/modules/json_loader.py took 0.705 seconds
[2023-11-06T17:41:40.446+0000] {processor.py:157} INFO - Started process (PID=35) to work on /opt/airflow/dags/modules/json_loader.py
[2023-11-06T17:41:40.448+0000] {processor.py:829} INFO - Processing file /opt/airflow/dags/modules/json_loader.py for tasks to queue
[2023-11-06T17:41:40.451+0000] {logging_mixin.py:151} INFO - [2023-11-06T17:41:40.451+0000] {dagbag.py:536} INFO - Filling up the DagBag from /opt/airflow/dags/modules/json_loader.py
[2023-11-06T17:41:41.839+0000] {processor.py:841} WARNING - No viable dags retrieved from /opt/airflow/dags/modules/json_loader.py
[2023-11-06T17:41:41.925+0000] {processor.py:179} INFO - Processing /opt/airflow/dags/modules/json_loader.py took 1.503 seconds
[2023-11-06T17:42:17.688+0000] {processor.py:157} INFO - Started process (PID=98) to work on /opt/airflow/dags/modules/json_loader.py
[2023-11-06T17:42:17.692+0000] {processor.py:829} INFO - Processing file /opt/airflow/dags/modules/json_loader.py for tasks to queue
[2023-11-06T17:42:17.697+0000] {logging_mixin.py:151} INFO - [2023-11-06T17:42:17.696+0000] {dagbag.py:536} INFO - Filling up the DagBag from /opt/airflow/dags/modules/json_loader.py
[2023-11-06T17:42:21.111+0000] {processor.py:841} WARNING - No viable dags retrieved from /opt/airflow/dags/modules/json_loader.py
[2023-11-06T17:42:21.472+0000] {processor.py:179} INFO - Processing /opt/airflow/dags/modules/json_loader.py took 3.805 seconds
[2023-11-06T17:42:52.262+0000] {processor.py:157} INFO - Started process (PID=161) to work on /opt/airflow/dags/modules/json_loader.py
[2023-11-06T17:42:52.264+0000] {processor.py:829} INFO - Processing file /opt/airflow/dags/modules/json_loader.py for tasks to queue
[2023-11-06T17:42:52.269+0000] {logging_mixin.py:151} INFO - [2023-11-06T17:42:52.268+0000] {dagbag.py:536} INFO - Filling up the DagBag from /opt/airflow/dags/modules/json_loader.py
[2023-11-06T17:42:53.724+0000] {processor.py:841} WARNING - No viable dags retrieved from /opt/airflow/dags/modules/json_loader.py
[2023-11-06T17:42:53.800+0000] {processor.py:179} INFO - Processing /opt/airflow/dags/modules/json_loader.py took 1.547 seconds
[2023-11-06T17:43:24.081+0000] {processor.py:157} INFO - Started process (PID=232) to work on /opt/airflow/dags/modules/json_loader.py
[2023-11-06T17:43:24.083+0000] {processor.py:829} INFO - Processing file /opt/airflow/dags/modules/json_loader.py for tasks to queue
[2023-11-06T17:43:24.086+0000] {logging_mixin.py:151} INFO - [2023-11-06T17:43:24.086+0000] {dagbag.py:536} INFO - Filling up the DagBag from /opt/airflow/dags/modules/json_loader.py
[2023-11-06T17:43:24.758+0000] {processor.py:841} WARNING - No viable dags retrieved from /opt/airflow/dags/modules/json_loader.py
[2023-11-06T17:43:24.775+0000] {processor.py:179} INFO - Processing /opt/airflow/dags/modules/json_loader.py took 0.701 seconds
[2023-11-06T17:43:55.118+0000] {processor.py:157} INFO - Started process (PID=295) to work on /opt/airflow/dags/modules/json_loader.py
[2023-11-06T17:43:55.119+0000] {processor.py:829} INFO - Processing file /opt/airflow/dags/modules/json_loader.py for tasks to queue
[2023-11-06T17:43:55.123+0000] {logging_mixin.py:151} INFO - [2023-11-06T17:43:55.123+0000] {dagbag.py:536} INFO - Filling up the DagBag from /opt/airflow/dags/modules/json_loader.py
[2023-11-06T17:43:55.712+0000] {processor.py:841} WARNING - No viable dags retrieved from /opt/airflow/dags/modules/json_loader.py
[2023-11-06T17:43:55.725+0000] {processor.py:179} INFO - Processing /opt/airflow/dags/modules/json_loader.py took 0.616 seconds
[2023-11-06T17:44:26.407+0000] {processor.py:157} INFO - Started process (PID=355) to work on /opt/airflow/dags/modules/json_loader.py
[2023-11-06T17:44:26.461+0000] {processor.py:829} INFO - Processing file /opt/airflow/dags/modules/json_loader.py for tasks to queue
[2023-11-06T17:44:26.475+0000] {logging_mixin.py:151} INFO - [2023-11-06T17:44:26.475+0000] {dagbag.py:536} INFO - Filling up the DagBag from /opt/airflow/dags/modules/json_loader.py
[2023-11-06T17:44:27.577+0000] {processor.py:841} WARNING - No viable dags retrieved from /opt/airflow/dags/modules/json_loader.py
[2023-11-06T17:44:27.602+0000] {processor.py:179} INFO - Processing /opt/airflow/dags/modules/json_loader.py took 1.203 seconds
[2023-11-06T17:45:00.879+0000] {processor.py:157} INFO - Started process (PID=415) to work on /opt/airflow/dags/modules/json_loader.py
[2023-11-06T17:45:00.885+0000] {processor.py:829} INFO - Processing file /opt/airflow/dags/modules/json_loader.py for tasks to queue
[2023-11-06T17:45:00.892+0000] {logging_mixin.py:151} INFO - [2023-11-06T17:45:00.891+0000] {dagbag.py:536} INFO - Filling up the DagBag from /opt/airflow/dags/modules/json_loader.py
[2023-11-06T17:45:02.211+0000] {processor.py:841} WARNING - No viable dags retrieved from /opt/airflow/dags/modules/json_loader.py
[2023-11-06T17:45:02.238+0000] {processor.py:179} INFO - Processing /opt/airflow/dags/modules/json_loader.py took 1.369 seconds
[2023-11-06T17:45:33.104+0000] {processor.py:157} INFO - Started process (PID=475) to work on /opt/airflow/dags/modules/json_loader.py
[2023-11-06T17:45:33.107+0000] {processor.py:829} INFO - Processing file /opt/airflow/dags/modules/json_loader.py for tasks to queue
[2023-11-06T17:45:33.118+0000] {logging_mixin.py:151} INFO - [2023-11-06T17:45:33.117+0000] {dagbag.py:536} INFO - Filling up the DagBag from /opt/airflow/dags/modules/json_loader.py
[2023-11-06T17:45:35.090+0000] {processor.py:841} WARNING - No viable dags retrieved from /opt/airflow/dags/modules/json_loader.py
[2023-11-06T17:45:35.282+0000] {processor.py:179} INFO - Processing /opt/airflow/dags/modules/json_loader.py took 2.183 seconds
[2023-11-06T17:46:06.082+0000] {processor.py:157} INFO - Started process (PID=537) to work on /opt/airflow/dags/modules/json_loader.py
[2023-11-06T17:46:06.084+0000] {processor.py:829} INFO - Processing file /opt/airflow/dags/modules/json_loader.py for tasks to queue
[2023-11-06T17:46:06.090+0000] {logging_mixin.py:151} INFO - [2023-11-06T17:46:06.089+0000] {dagbag.py:536} INFO - Filling up the DagBag from /opt/airflow/dags/modules/json_loader.py
[2023-11-06T17:46:07.134+0000] {processor.py:841} WARNING - No viable dags retrieved from /opt/airflow/dags/modules/json_loader.py
[2023-11-06T17:46:07.160+0000] {processor.py:179} INFO - Processing /opt/airflow/dags/modules/json_loader.py took 1.086 seconds
[2023-11-06T17:46:56.803+0000] {processor.py:157} INFO - Started process (PID=602) to work on /opt/airflow/dags/modules/json_loader.py
[2023-11-06T17:46:56.807+0000] {processor.py:829} INFO - Processing file /opt/airflow/dags/modules/json_loader.py for tasks to queue
[2023-11-06T17:46:56.814+0000] {logging_mixin.py:151} INFO - [2023-11-06T17:46:56.814+0000] {dagbag.py:536} INFO - Filling up the DagBag from /opt/airflow/dags/modules/json_loader.py
[2023-11-06T17:46:57.494+0000] {processor.py:841} WARNING - No viable dags retrieved from /opt/airflow/dags/modules/json_loader.py
[2023-11-06T17:46:57.507+0000] {processor.py:179} INFO - Processing /opt/airflow/dags/modules/json_loader.py took 0.716 seconds
[2023-11-06T17:47:49.916+0000] {processor.py:157} INFO - Started process (PID=675) to work on /opt/airflow/dags/modules/json_loader.py
[2023-11-06T17:47:49.917+0000] {processor.py:829} INFO - Processing file /opt/airflow/dags/modules/json_loader.py for tasks to queue
[2023-11-06T17:47:49.920+0000] {logging_mixin.py:151} INFO - [2023-11-06T17:47:49.919+0000] {dagbag.py:536} INFO - Filling up the DagBag from /opt/airflow/dags/modules/json_loader.py
[2023-11-06T17:47:50.487+0000] {processor.py:841} WARNING - No viable dags retrieved from /opt/airflow/dags/modules/json_loader.py
[2023-11-06T17:47:50.502+0000] {processor.py:179} INFO - Processing /opt/airflow/dags/modules/json_loader.py took 0.591 seconds
[2023-11-06T17:48:21.301+0000] {processor.py:157} INFO - Started process (PID=736) to work on /opt/airflow/dags/modules/json_loader.py
[2023-11-06T17:48:21.303+0000] {processor.py:829} INFO - Processing file /opt/airflow/dags/modules/json_loader.py for tasks to queue
[2023-11-06T17:48:21.306+0000] {logging_mixin.py:151} INFO - [2023-11-06T17:48:21.306+0000] {dagbag.py:536} INFO - Filling up the DagBag from /opt/airflow/dags/modules/json_loader.py
[2023-11-06T17:48:22.535+0000] {processor.py:841} WARNING - No viable dags retrieved from /opt/airflow/dags/modules/json_loader.py
[2023-11-06T17:48:22.578+0000] {processor.py:179} INFO - Processing /opt/airflow/dags/modules/json_loader.py took 1.285 seconds
[2023-11-06T17:48:52.991+0000] {processor.py:157} INFO - Started process (PID=799) to work on /opt/airflow/dags/modules/json_loader.py
[2023-11-06T17:48:52.993+0000] {processor.py:829} INFO - Processing file /opt/airflow/dags/modules/json_loader.py for tasks to queue
[2023-11-06T17:48:52.997+0000] {logging_mixin.py:151} INFO - [2023-11-06T17:48:52.997+0000] {dagbag.py:536} INFO - Filling up the DagBag from /opt/airflow/dags/modules/json_loader.py
[2023-11-06T17:48:54.017+0000] {processor.py:841} WARNING - No viable dags retrieved from /opt/airflow/dags/modules/json_loader.py
[2023-11-06T17:48:54.039+0000] {processor.py:179} INFO - Processing /opt/airflow/dags/modules/json_loader.py took 1.055 seconds
[2023-11-06T17:49:24.906+0000] {processor.py:157} INFO - Started process (PID=861) to work on /opt/airflow/dags/modules/json_loader.py
[2023-11-06T17:49:24.916+0000] {processor.py:829} INFO - Processing file /opt/airflow/dags/modules/json_loader.py for tasks to queue
[2023-11-06T17:49:24.920+0000] {logging_mixin.py:151} INFO - [2023-11-06T17:49:24.920+0000] {dagbag.py:536} INFO - Filling up the DagBag from /opt/airflow/dags/modules/json_loader.py
[2023-11-06T17:49:26.329+0000] {processor.py:841} WARNING - No viable dags retrieved from /opt/airflow/dags/modules/json_loader.py
[2023-11-06T17:49:26.351+0000] {processor.py:179} INFO - Processing /opt/airflow/dags/modules/json_loader.py took 1.450 seconds
[2023-11-06T17:49:56.451+0000] {processor.py:157} INFO - Started process (PID=923) to work on /opt/airflow/dags/modules/json_loader.py
[2023-11-06T17:49:56.452+0000] {processor.py:829} INFO - Processing file /opt/airflow/dags/modules/json_loader.py for tasks to queue
[2023-11-06T17:49:56.455+0000] {logging_mixin.py:151} INFO - [2023-11-06T17:49:56.454+0000] {dagbag.py:536} INFO - Filling up the DagBag from /opt/airflow/dags/modules/json_loader.py
[2023-11-06T17:49:57.195+0000] {processor.py:841} WARNING - No viable dags retrieved from /opt/airflow/dags/modules/json_loader.py
[2023-11-06T17:49:57.210+0000] {processor.py:179} INFO - Processing /opt/airflow/dags/modules/json_loader.py took 0.763 seconds
[2023-11-06T17:50:29.386+0000] {processor.py:157} INFO - Started process (PID=986) to work on /opt/airflow/dags/modules/json_loader.py
[2023-11-06T17:50:29.389+0000] {processor.py:829} INFO - Processing file /opt/airflow/dags/modules/json_loader.py for tasks to queue
[2023-11-06T17:50:29.401+0000] {logging_mixin.py:151} INFO - [2023-11-06T17:50:29.400+0000] {dagbag.py:536} INFO - Filling up the DagBag from /opt/airflow/dags/modules/json_loader.py
[2023-11-06T17:50:32.086+0000] {processor.py:841} WARNING - No viable dags retrieved from /opt/airflow/dags/modules/json_loader.py
[2023-11-06T17:50:32.138+0000] {processor.py:179} INFO - Processing /opt/airflow/dags/modules/json_loader.py took 2.778 seconds
[2023-11-06T17:51:02.986+0000] {processor.py:157} INFO - Started process (PID=1051) to work on /opt/airflow/dags/modules/json_loader.py
[2023-11-06T17:51:02.989+0000] {processor.py:829} INFO - Processing file /opt/airflow/dags/modules/json_loader.py for tasks to queue
[2023-11-06T17:51:02.992+0000] {logging_mixin.py:151} INFO - [2023-11-06T17:51:02.991+0000] {dagbag.py:536} INFO - Filling up the DagBag from /opt/airflow/dags/modules/json_loader.py
[2023-11-06T17:51:03.674+0000] {processor.py:841} WARNING - No viable dags retrieved from /opt/airflow/dags/modules/json_loader.py
[2023-11-06T17:51:03.695+0000] {processor.py:179} INFO - Processing /opt/airflow/dags/modules/json_loader.py took 0.714 seconds
[2023-11-06T17:51:34.001+0000] {processor.py:157} INFO - Started process (PID=1113) to work on /opt/airflow/dags/modules/json_loader.py
[2023-11-06T17:51:34.003+0000] {processor.py:829} INFO - Processing file /opt/airflow/dags/modules/json_loader.py for tasks to queue
[2023-11-06T17:51:34.006+0000] {logging_mixin.py:151} INFO - [2023-11-06T17:51:34.006+0000] {dagbag.py:536} INFO - Filling up the DagBag from /opt/airflow/dags/modules/json_loader.py
[2023-11-06T17:51:34.709+0000] {processor.py:841} WARNING - No viable dags retrieved from /opt/airflow/dags/modules/json_loader.py
[2023-11-06T17:51:34.726+0000] {processor.py:179} INFO - Processing /opt/airflow/dags/modules/json_loader.py took 0.728 seconds
[2023-11-06T17:52:16.180+0000] {processor.py:157} INFO - Started process (PID=1175) to work on /opt/airflow/dags/modules/json_loader.py
[2023-11-06T17:52:16.197+0000] {processor.py:829} INFO - Processing file /opt/airflow/dags/modules/json_loader.py for tasks to queue
[2023-11-06T17:52:16.293+0000] {logging_mixin.py:151} INFO - [2023-11-06T17:52:16.293+0000] {dagbag.py:536} INFO - Filling up the DagBag from /opt/airflow/dags/modules/json_loader.py
[2023-11-06T17:52:21.555+0000] {processor.py:841} WARNING - No viable dags retrieved from /opt/airflow/dags/modules/json_loader.py
[2023-11-06T17:52:21.603+0000] {processor.py:179} INFO - Processing /opt/airflow/dags/modules/json_loader.py took 5.431 seconds
[2023-11-06T17:57:27.704+0000] {processor.py:157} INFO - Started process (PID=1265) to work on /opt/airflow/dags/modules/json_loader.py
[2023-11-06T17:57:27.958+0000] {processor.py:829} INFO - Processing file /opt/airflow/dags/modules/json_loader.py for tasks to queue
[2023-11-06T17:57:27.966+0000] {logging_mixin.py:151} INFO - [2023-11-06T17:57:27.964+0000] {dagbag.py:536} INFO - Filling up the DagBag from /opt/airflow/dags/modules/json_loader.py
[2023-11-06T17:57:58.284+0000] {logging_mixin.py:151} INFO - [2023-11-06T17:57:58.283+0000] {timeout.py:68} ERROR - Process timed out, PID: 1265
[2023-11-06T18:03:55.502+0000] {processor.py:157} INFO - Started process (PID=42) to work on /opt/airflow/dags/modules/json_loader.py
[2023-11-06T18:03:55.520+0000] {processor.py:829} INFO - Processing file /opt/airflow/dags/modules/json_loader.py for tasks to queue
[2023-11-06T18:03:55.525+0000] {logging_mixin.py:151} INFO - [2023-11-06T18:03:55.525+0000] {dagbag.py:536} INFO - Filling up the DagBag from /opt/airflow/dags/modules/json_loader.py
[2023-11-06T18:03:56.654+0000] {processor.py:841} WARNING - No viable dags retrieved from /opt/airflow/dags/modules/json_loader.py
[2023-11-06T18:03:56.707+0000] {processor.py:179} INFO - Processing /opt/airflow/dags/modules/json_loader.py took 1.215 seconds
[2023-11-06T18:04:27.420+0000] {processor.py:157} INFO - Started process (PID=102) to work on /opt/airflow/dags/modules/json_loader.py
[2023-11-06T18:04:27.422+0000] {processor.py:829} INFO - Processing file /opt/airflow/dags/modules/json_loader.py for tasks to queue
[2023-11-06T18:04:27.426+0000] {logging_mixin.py:151} INFO - [2023-11-06T18:04:27.426+0000] {dagbag.py:536} INFO - Filling up the DagBag from /opt/airflow/dags/modules/json_loader.py
[2023-11-06T18:04:28.309+0000] {processor.py:841} WARNING - No viable dags retrieved from /opt/airflow/dags/modules/json_loader.py
[2023-11-06T18:04:28.326+0000] {processor.py:179} INFO - Processing /opt/airflow/dags/modules/json_loader.py took 0.914 seconds
[2023-11-06T18:04:58.474+0000] {processor.py:157} INFO - Started process (PID=162) to work on /opt/airflow/dags/modules/json_loader.py
[2023-11-06T18:04:58.475+0000] {processor.py:829} INFO - Processing file /opt/airflow/dags/modules/json_loader.py for tasks to queue
[2023-11-06T18:04:58.478+0000] {logging_mixin.py:151} INFO - [2023-11-06T18:04:58.478+0000] {dagbag.py:536} INFO - Filling up the DagBag from /opt/airflow/dags/modules/json_loader.py
[2023-11-06T18:04:59.080+0000] {processor.py:841} WARNING - No viable dags retrieved from /opt/airflow/dags/modules/json_loader.py
[2023-11-06T18:04:59.095+0000] {processor.py:179} INFO - Processing /opt/airflow/dags/modules/json_loader.py took 0.624 seconds
[2023-11-06T18:05:29.386+0000] {processor.py:157} INFO - Started process (PID=224) to work on /opt/airflow/dags/modules/json_loader.py
[2023-11-06T18:05:29.388+0000] {processor.py:829} INFO - Processing file /opt/airflow/dags/modules/json_loader.py for tasks to queue
[2023-11-06T18:05:29.392+0000] {logging_mixin.py:151} INFO - [2023-11-06T18:05:29.391+0000] {dagbag.py:536} INFO - Filling up the DagBag from /opt/airflow/dags/modules/json_loader.py
[2023-11-06T18:05:31.248+0000] {processor.py:841} WARNING - No viable dags retrieved from /opt/airflow/dags/modules/json_loader.py
[2023-11-06T18:05:31.289+0000] {processor.py:179} INFO - Processing /opt/airflow/dags/modules/json_loader.py took 1.907 seconds
[2023-11-06T18:07:51.984+0000] {processor.py:157} INFO - Started process (PID=35) to work on /opt/airflow/dags/modules/json_loader.py
[2023-11-06T18:07:51.986+0000] {processor.py:829} INFO - Processing file /opt/airflow/dags/modules/json_loader.py for tasks to queue
[2023-11-06T18:07:51.990+0000] {logging_mixin.py:151} INFO - [2023-11-06T18:07:51.990+0000] {dagbag.py:536} INFO - Filling up the DagBag from /opt/airflow/dags/modules/json_loader.py
[2023-11-06T18:07:53.992+0000] {processor.py:841} WARNING - No viable dags retrieved from /opt/airflow/dags/modules/json_loader.py
[2023-11-06T18:07:54.034+0000] {processor.py:179} INFO - Processing /opt/airflow/dags/modules/json_loader.py took 2.058 seconds
[2023-11-06T18:08:24.432+0000] {processor.py:157} INFO - Started process (PID=98) to work on /opt/airflow/dags/modules/json_loader.py
[2023-11-06T18:08:24.435+0000] {processor.py:829} INFO - Processing file /opt/airflow/dags/modules/json_loader.py for tasks to queue
[2023-11-06T18:08:24.440+0000] {logging_mixin.py:151} INFO - [2023-11-06T18:08:24.439+0000] {dagbag.py:536} INFO - Filling up the DagBag from /opt/airflow/dags/modules/json_loader.py
[2023-11-06T18:08:25.155+0000] {processor.py:841} WARNING - No viable dags retrieved from /opt/airflow/dags/modules/json_loader.py
[2023-11-06T18:08:25.171+0000] {processor.py:179} INFO - Processing /opt/airflow/dags/modules/json_loader.py took 0.743 seconds
[2023-11-06T18:08:56.734+0000] {processor.py:157} INFO - Started process (PID=162) to work on /opt/airflow/dags/modules/json_loader.py
[2023-11-06T18:08:56.735+0000] {processor.py:829} INFO - Processing file /opt/airflow/dags/modules/json_loader.py for tasks to queue
[2023-11-06T18:08:56.738+0000] {logging_mixin.py:151} INFO - [2023-11-06T18:08:56.738+0000] {dagbag.py:536} INFO - Filling up the DagBag from /opt/airflow/dags/modules/json_loader.py
[2023-11-06T18:08:57.410+0000] {processor.py:841} WARNING - No viable dags retrieved from /opt/airflow/dags/modules/json_loader.py
[2023-11-06T18:08:57.423+0000] {processor.py:179} INFO - Processing /opt/airflow/dags/modules/json_loader.py took 0.694 seconds
[2023-11-06T18:09:32.773+0000] {processor.py:157} INFO - Started process (PID=231) to work on /opt/airflow/dags/modules/json_loader.py
[2023-11-06T18:09:32.882+0000] {processor.py:829} INFO - Processing file /opt/airflow/dags/modules/json_loader.py for tasks to queue
[2023-11-06T18:09:32.891+0000] {logging_mixin.py:151} INFO - [2023-11-06T18:09:32.891+0000] {dagbag.py:536} INFO - Filling up the DagBag from /opt/airflow/dags/modules/json_loader.py
[2023-11-06T18:09:34.995+0000] {processor.py:841} WARNING - No viable dags retrieved from /opt/airflow/dags/modules/json_loader.py
[2023-11-06T18:09:35.166+0000] {processor.py:179} INFO - Processing /opt/airflow/dags/modules/json_loader.py took 2.400 seconds
[2023-11-06T18:10:05.353+0000] {processor.py:157} INFO - Started process (PID=295) to work on /opt/airflow/dags/modules/json_loader.py
[2023-11-06T18:10:05.355+0000] {processor.py:829} INFO - Processing file /opt/airflow/dags/modules/json_loader.py for tasks to queue
[2023-11-06T18:10:05.368+0000] {logging_mixin.py:151} INFO - [2023-11-06T18:10:05.366+0000] {dagbag.py:536} INFO - Filling up the DagBag from /opt/airflow/dags/modules/json_loader.py
[2023-11-06T18:10:06.862+0000] {processor.py:841} WARNING - No viable dags retrieved from /opt/airflow/dags/modules/json_loader.py
[2023-11-06T18:10:06.935+0000] {processor.py:179} INFO - Processing /opt/airflow/dags/modules/json_loader.py took 1.589 seconds
[2023-11-06T18:10:37.671+0000] {processor.py:157} INFO - Started process (PID=357) to work on /opt/airflow/dags/modules/json_loader.py
[2023-11-06T18:10:37.673+0000] {processor.py:829} INFO - Processing file /opt/airflow/dags/modules/json_loader.py for tasks to queue
[2023-11-06T18:10:37.677+0000] {logging_mixin.py:151} INFO - [2023-11-06T18:10:37.676+0000] {dagbag.py:536} INFO - Filling up the DagBag from /opt/airflow/dags/modules/json_loader.py
[2023-11-06T18:10:38.401+0000] {processor.py:841} WARNING - No viable dags retrieved from /opt/airflow/dags/modules/json_loader.py
[2023-11-06T18:10:38.435+0000] {processor.py:179} INFO - Processing /opt/airflow/dags/modules/json_loader.py took 0.769 seconds
[2023-11-06T18:11:08.691+0000] {processor.py:157} INFO - Started process (PID=419) to work on /opt/airflow/dags/modules/json_loader.py
[2023-11-06T18:11:08.715+0000] {processor.py:829} INFO - Processing file /opt/airflow/dags/modules/json_loader.py for tasks to queue
[2023-11-06T18:11:08.721+0000] {logging_mixin.py:151} INFO - [2023-11-06T18:11:08.720+0000] {dagbag.py:536} INFO - Filling up the DagBag from /opt/airflow/dags/modules/json_loader.py
[2023-11-06T18:11:11.160+0000] {processor.py:841} WARNING - No viable dags retrieved from /opt/airflow/dags/modules/json_loader.py
[2023-11-06T18:11:11.181+0000] {processor.py:179} INFO - Processing /opt/airflow/dags/modules/json_loader.py took 2.499 seconds
[2023-11-06T18:11:41.457+0000] {processor.py:157} INFO - Started process (PID=482) to work on /opt/airflow/dags/modules/json_loader.py
[2023-11-06T18:11:41.459+0000] {processor.py:829} INFO - Processing file /opt/airflow/dags/modules/json_loader.py for tasks to queue
[2023-11-06T18:11:41.465+0000] {logging_mixin.py:151} INFO - [2023-11-06T18:11:41.464+0000] {dagbag.py:536} INFO - Filling up the DagBag from /opt/airflow/dags/modules/json_loader.py
[2023-11-06T18:11:42.127+0000] {processor.py:841} WARNING - No viable dags retrieved from /opt/airflow/dags/modules/json_loader.py
[2023-11-06T18:11:42.146+0000] {processor.py:179} INFO - Processing /opt/airflow/dags/modules/json_loader.py took 0.694 seconds
[2023-11-06T18:12:12.983+0000] {processor.py:157} INFO - Started process (PID=547) to work on /opt/airflow/dags/modules/json_loader.py
[2023-11-06T18:12:12.984+0000] {processor.py:829} INFO - Processing file /opt/airflow/dags/modules/json_loader.py for tasks to queue
[2023-11-06T18:12:12.987+0000] {logging_mixin.py:151} INFO - [2023-11-06T18:12:12.987+0000] {dagbag.py:536} INFO - Filling up the DagBag from /opt/airflow/dags/modules/json_loader.py
[2023-11-06T18:12:14.028+0000] {processor.py:841} WARNING - No viable dags retrieved from /opt/airflow/dags/modules/json_loader.py
[2023-11-06T18:12:14.045+0000] {processor.py:179} INFO - Processing /opt/airflow/dags/modules/json_loader.py took 1.061 seconds
[2023-11-06T18:13:07.697+0000] {processor.py:157} INFO - Started process (PID=603) to work on /opt/airflow/dags/modules/json_loader.py
[2023-11-06T18:13:07.699+0000] {processor.py:829} INFO - Processing file /opt/airflow/dags/modules/json_loader.py for tasks to queue
[2023-11-06T18:13:07.704+0000] {logging_mixin.py:151} INFO - [2023-11-06T18:13:07.703+0000] {dagbag.py:536} INFO - Filling up the DagBag from /opt/airflow/dags/modules/json_loader.py
[2023-11-06T18:13:10.094+0000] {processor.py:841} WARNING - No viable dags retrieved from /opt/airflow/dags/modules/json_loader.py
[2023-11-06T18:13:10.371+0000] {processor.py:179} INFO - Processing /opt/airflow/dags/modules/json_loader.py took 2.683 seconds
[2023-11-06T18:13:40.697+0000] {processor.py:157} INFO - Started process (PID=664) to work on /opt/airflow/dags/modules/json_loader.py
[2023-11-06T18:13:40.699+0000] {processor.py:829} INFO - Processing file /opt/airflow/dags/modules/json_loader.py for tasks to queue
[2023-11-06T18:13:40.703+0000] {logging_mixin.py:151} INFO - [2023-11-06T18:13:40.703+0000] {dagbag.py:536} INFO - Filling up the DagBag from /opt/airflow/dags/modules/json_loader.py
[2023-11-06T18:13:41.777+0000] {processor.py:841} WARNING - No viable dags retrieved from /opt/airflow/dags/modules/json_loader.py
[2023-11-06T18:13:41.792+0000] {processor.py:179} INFO - Processing /opt/airflow/dags/modules/json_loader.py took 1.103 seconds
[2023-11-06T18:14:11.957+0000] {processor.py:157} INFO - Started process (PID=725) to work on /opt/airflow/dags/modules/json_loader.py
[2023-11-06T18:14:11.959+0000] {processor.py:829} INFO - Processing file /opt/airflow/dags/modules/json_loader.py for tasks to queue
[2023-11-06T18:14:11.962+0000] {logging_mixin.py:151} INFO - [2023-11-06T18:14:11.962+0000] {dagbag.py:536} INFO - Filling up the DagBag from /opt/airflow/dags/modules/json_loader.py
[2023-11-06T18:14:12.474+0000] {processor.py:841} WARNING - No viable dags retrieved from /opt/airflow/dags/modules/json_loader.py
[2023-11-06T18:14:12.487+0000] {processor.py:179} INFO - Processing /opt/airflow/dags/modules/json_loader.py took 0.535 seconds
[2023-11-06T18:14:43.255+0000] {processor.py:157} INFO - Started process (PID=787) to work on /opt/airflow/dags/modules/json_loader.py
[2023-11-06T18:14:43.257+0000] {processor.py:829} INFO - Processing file /opt/airflow/dags/modules/json_loader.py for tasks to queue
[2023-11-06T18:14:43.261+0000] {logging_mixin.py:151} INFO - [2023-11-06T18:14:43.261+0000] {dagbag.py:536} INFO - Filling up the DagBag from /opt/airflow/dags/modules/json_loader.py
[2023-11-06T18:14:44.470+0000] {processor.py:841} WARNING - No viable dags retrieved from /opt/airflow/dags/modules/json_loader.py
[2023-11-06T18:14:44.527+0000] {processor.py:179} INFO - Processing /opt/airflow/dags/modules/json_loader.py took 1.277 seconds
[2023-11-06T18:15:14.733+0000] {processor.py:157} INFO - Started process (PID=849) to work on /opt/airflow/dags/modules/json_loader.py
[2023-11-06T18:15:14.735+0000] {processor.py:829} INFO - Processing file /opt/airflow/dags/modules/json_loader.py for tasks to queue
[2023-11-06T18:15:14.738+0000] {logging_mixin.py:151} INFO - [2023-11-06T18:15:14.738+0000] {dagbag.py:536} INFO - Filling up the DagBag from /opt/airflow/dags/modules/json_loader.py
[2023-11-06T18:15:15.881+0000] {processor.py:841} WARNING - No viable dags retrieved from /opt/airflow/dags/modules/json_loader.py
[2023-11-06T18:15:15.897+0000] {processor.py:179} INFO - Processing /opt/airflow/dags/modules/json_loader.py took 1.170 seconds
[2023-11-06T18:15:46.491+0000] {processor.py:157} INFO - Started process (PID=912) to work on /opt/airflow/dags/modules/json_loader.py
[2023-11-06T18:15:46.493+0000] {processor.py:829} INFO - Processing file /opt/airflow/dags/modules/json_loader.py for tasks to queue
[2023-11-06T18:15:46.496+0000] {logging_mixin.py:151} INFO - [2023-11-06T18:15:46.496+0000] {dagbag.py:536} INFO - Filling up the DagBag from /opt/airflow/dags/modules/json_loader.py
[2023-11-06T18:15:47.283+0000] {processor.py:841} WARNING - No viable dags retrieved from /opt/airflow/dags/modules/json_loader.py
[2023-11-06T18:15:47.297+0000] {processor.py:179} INFO - Processing /opt/airflow/dags/modules/json_loader.py took 0.814 seconds
[2023-11-06T18:16:17.602+0000] {processor.py:157} INFO - Started process (PID=976) to work on /opt/airflow/dags/modules/json_loader.py
[2023-11-06T18:16:17.752+0000] {processor.py:829} INFO - Processing file /opt/airflow/dags/modules/json_loader.py for tasks to queue
[2023-11-06T18:16:17.759+0000] {logging_mixin.py:151} INFO - [2023-11-06T18:16:17.758+0000] {dagbag.py:536} INFO - Filling up the DagBag from /opt/airflow/dags/modules/json_loader.py
[2023-11-06T18:16:18.523+0000] {processor.py:841} WARNING - No viable dags retrieved from /opt/airflow/dags/modules/json_loader.py
[2023-11-06T18:16:18.552+0000] {processor.py:179} INFO - Processing /opt/airflow/dags/modules/json_loader.py took 0.960 seconds
[2023-11-06T18:16:49.355+0000] {processor.py:157} INFO - Started process (PID=1039) to work on /opt/airflow/dags/modules/json_loader.py
[2023-11-06T18:16:49.357+0000] {processor.py:829} INFO - Processing file /opt/airflow/dags/modules/json_loader.py for tasks to queue
[2023-11-06T18:16:49.360+0000] {logging_mixin.py:151} INFO - [2023-11-06T18:16:49.360+0000] {dagbag.py:536} INFO - Filling up the DagBag from /opt/airflow/dags/modules/json_loader.py
[2023-11-06T18:16:50.043+0000] {processor.py:841} WARNING - No viable dags retrieved from /opt/airflow/dags/modules/json_loader.py
[2023-11-06T18:16:50.060+0000] {processor.py:179} INFO - Processing /opt/airflow/dags/modules/json_loader.py took 0.710 seconds
[2023-11-06T18:17:07.081+0000] {processor.py:157} INFO - Started process (PID=1078) to work on /opt/airflow/dags/modules/json_loader.py
[2023-11-06T18:17:07.083+0000] {processor.py:829} INFO - Processing file /opt/airflow/dags/modules/json_loader.py for tasks to queue
[2023-11-06T18:17:07.087+0000] {logging_mixin.py:151} INFO - [2023-11-06T18:17:07.086+0000] {dagbag.py:536} INFO - Filling up the DagBag from /opt/airflow/dags/modules/json_loader.py
[2023-11-06T18:17:08.059+0000] {processor.py:841} WARNING - No viable dags retrieved from /opt/airflow/dags/modules/json_loader.py
[2023-11-06T18:17:08.082+0000] {processor.py:179} INFO - Processing /opt/airflow/dags/modules/json_loader.py took 1.006 seconds
[2023-11-06T18:21:49.031+0000] {processor.py:157} INFO - Started process (PID=29) to work on /opt/airflow/dags/modules/json_loader.py
[2023-11-06T18:21:49.040+0000] {processor.py:829} INFO - Processing file /opt/airflow/dags/modules/json_loader.py for tasks to queue
[2023-11-06T18:21:49.047+0000] {logging_mixin.py:151} INFO - [2023-11-06T18:21:49.047+0000] {dagbag.py:536} INFO - Filling up the DagBag from /opt/airflow/dags/modules/json_loader.py
[2023-11-06T18:21:50.901+0000] {processor.py:841} WARNING - No viable dags retrieved from /opt/airflow/dags/modules/json_loader.py
[2023-11-06T18:21:50.927+0000] {processor.py:179} INFO - Processing /opt/airflow/dags/modules/json_loader.py took 1.924 seconds
[2023-11-06T18:22:21.234+0000] {processor.py:157} INFO - Started process (PID=91) to work on /opt/airflow/dags/modules/json_loader.py
[2023-11-06T18:22:21.235+0000] {processor.py:829} INFO - Processing file /opt/airflow/dags/modules/json_loader.py for tasks to queue
[2023-11-06T18:22:21.238+0000] {logging_mixin.py:151} INFO - [2023-11-06T18:22:21.238+0000] {dagbag.py:536} INFO - Filling up the DagBag from /opt/airflow/dags/modules/json_loader.py
[2023-11-06T18:22:21.832+0000] {processor.py:841} WARNING - No viable dags retrieved from /opt/airflow/dags/modules/json_loader.py
[2023-11-06T18:22:21.852+0000] {processor.py:179} INFO - Processing /opt/airflow/dags/modules/json_loader.py took 0.621 seconds
[2023-11-06T18:22:52.043+0000] {processor.py:157} INFO - Started process (PID=154) to work on /opt/airflow/dags/modules/json_loader.py
[2023-11-06T18:22:52.045+0000] {processor.py:829} INFO - Processing file /opt/airflow/dags/modules/json_loader.py for tasks to queue
[2023-11-06T18:22:52.048+0000] {logging_mixin.py:151} INFO - [2023-11-06T18:22:52.047+0000] {dagbag.py:536} INFO - Filling up the DagBag from /opt/airflow/dags/modules/json_loader.py
[2023-11-06T18:22:52.637+0000] {processor.py:841} WARNING - No viable dags retrieved from /opt/airflow/dags/modules/json_loader.py
[2023-11-06T18:22:52.652+0000] {processor.py:179} INFO - Processing /opt/airflow/dags/modules/json_loader.py took 0.615 seconds
[2023-11-06T18:23:23.977+0000] {processor.py:157} INFO - Started process (PID=215) to work on /opt/airflow/dags/modules/json_loader.py
[2023-11-06T18:23:23.979+0000] {processor.py:829} INFO - Processing file /opt/airflow/dags/modules/json_loader.py for tasks to queue
[2023-11-06T18:23:23.982+0000] {logging_mixin.py:151} INFO - [2023-11-06T18:23:23.982+0000] {dagbag.py:536} INFO - Filling up the DagBag from /opt/airflow/dags/modules/json_loader.py
[2023-11-06T18:23:26.370+0000] {processor.py:841} WARNING - No viable dags retrieved from /opt/airflow/dags/modules/json_loader.py
[2023-11-06T18:23:26.395+0000] {processor.py:179} INFO - Processing /opt/airflow/dags/modules/json_loader.py took 2.427 seconds
[2023-11-06T18:23:56.949+0000] {processor.py:157} INFO - Started process (PID=277) to work on /opt/airflow/dags/modules/json_loader.py
[2023-11-06T18:23:56.950+0000] {processor.py:829} INFO - Processing file /opt/airflow/dags/modules/json_loader.py for tasks to queue
[2023-11-06T18:23:56.953+0000] {logging_mixin.py:151} INFO - [2023-11-06T18:23:56.953+0000] {dagbag.py:536} INFO - Filling up the DagBag from /opt/airflow/dags/modules/json_loader.py
[2023-11-06T18:23:57.568+0000] {processor.py:841} WARNING - No viable dags retrieved from /opt/airflow/dags/modules/json_loader.py
[2023-11-06T18:23:57.582+0000] {processor.py:179} INFO - Processing /opt/airflow/dags/modules/json_loader.py took 0.636 seconds
[2023-11-06T18:24:28.309+0000] {processor.py:157} INFO - Started process (PID=340) to work on /opt/airflow/dags/modules/json_loader.py
[2023-11-06T18:24:28.310+0000] {processor.py:829} INFO - Processing file /opt/airflow/dags/modules/json_loader.py for tasks to queue
[2023-11-06T18:24:28.318+0000] {logging_mixin.py:151} INFO - [2023-11-06T18:24:28.316+0000] {dagbag.py:536} INFO - Filling up the DagBag from /opt/airflow/dags/modules/json_loader.py
[2023-11-06T18:24:29.488+0000] {processor.py:841} WARNING - No viable dags retrieved from /opt/airflow/dags/modules/json_loader.py
[2023-11-06T18:24:29.526+0000] {processor.py:179} INFO - Processing /opt/airflow/dags/modules/json_loader.py took 1.223 seconds
[2023-11-06T18:25:00.389+0000] {processor.py:157} INFO - Started process (PID=402) to work on /opt/airflow/dags/modules/json_loader.py
[2023-11-06T18:25:00.390+0000] {processor.py:829} INFO - Processing file /opt/airflow/dags/modules/json_loader.py for tasks to queue
[2023-11-06T18:25:00.393+0000] {logging_mixin.py:151} INFO - [2023-11-06T18:25:00.392+0000] {dagbag.py:536} INFO - Filling up the DagBag from /opt/airflow/dags/modules/json_loader.py
[2023-11-06T18:25:01.509+0000] {processor.py:841} WARNING - No viable dags retrieved from /opt/airflow/dags/modules/json_loader.py
[2023-11-06T18:25:01.536+0000] {processor.py:179} INFO - Processing /opt/airflow/dags/modules/json_loader.py took 1.150 seconds
[2023-11-06T18:25:31.749+0000] {processor.py:157} INFO - Started process (PID=464) to work on /opt/airflow/dags/modules/json_loader.py
[2023-11-06T18:25:31.751+0000] {processor.py:829} INFO - Processing file /opt/airflow/dags/modules/json_loader.py for tasks to queue
[2023-11-06T18:25:31.755+0000] {logging_mixin.py:151} INFO - [2023-11-06T18:25:31.754+0000] {dagbag.py:536} INFO - Filling up the DagBag from /opt/airflow/dags/modules/json_loader.py
[2023-11-06T18:25:32.842+0000] {processor.py:841} WARNING - No viable dags retrieved from /opt/airflow/dags/modules/json_loader.py
[2023-11-06T18:25:32.900+0000] {processor.py:179} INFO - Processing /opt/airflow/dags/modules/json_loader.py took 1.161 seconds
[2023-11-06T18:26:05.812+0000] {processor.py:157} INFO - Started process (PID=533) to work on /opt/airflow/dags/modules/json_loader.py
[2023-11-06T18:26:05.815+0000] {processor.py:829} INFO - Processing file /opt/airflow/dags/modules/json_loader.py for tasks to queue
[2023-11-06T18:26:05.818+0000] {logging_mixin.py:151} INFO - [2023-11-06T18:26:05.818+0000] {dagbag.py:536} INFO - Filling up the DagBag from /opt/airflow/dags/modules/json_loader.py
[2023-11-06T18:26:06.537+0000] {processor.py:841} WARNING - No viable dags retrieved from /opt/airflow/dags/modules/json_loader.py
[2023-11-06T18:26:06.552+0000] {processor.py:179} INFO - Processing /opt/airflow/dags/modules/json_loader.py took 0.745 seconds
[2023-11-06T18:26:37.040+0000] {processor.py:157} INFO - Started process (PID=595) to work on /opt/airflow/dags/modules/json_loader.py
[2023-11-06T18:26:37.042+0000] {processor.py:829} INFO - Processing file /opt/airflow/dags/modules/json_loader.py for tasks to queue
[2023-11-06T18:26:37.054+0000] {logging_mixin.py:151} INFO - [2023-11-06T18:26:37.053+0000] {dagbag.py:536} INFO - Filling up the DagBag from /opt/airflow/dags/modules/json_loader.py
[2023-11-06T18:26:38.169+0000] {processor.py:841} WARNING - No viable dags retrieved from /opt/airflow/dags/modules/json_loader.py
[2023-11-06T18:26:38.187+0000] {processor.py:179} INFO - Processing /opt/airflow/dags/modules/json_loader.py took 1.153 seconds
[2023-11-06T18:27:09.036+0000] {processor.py:157} INFO - Started process (PID=657) to work on /opt/airflow/dags/modules/json_loader.py
[2023-11-06T18:27:09.039+0000] {processor.py:829} INFO - Processing file /opt/airflow/dags/modules/json_loader.py for tasks to queue
[2023-11-06T18:27:09.047+0000] {logging_mixin.py:151} INFO - [2023-11-06T18:27:09.046+0000] {dagbag.py:536} INFO - Filling up the DagBag from /opt/airflow/dags/modules/json_loader.py
[2023-11-06T18:27:10.211+0000] {processor.py:841} WARNING - No viable dags retrieved from /opt/airflow/dags/modules/json_loader.py
[2023-11-06T18:27:10.229+0000] {processor.py:179} INFO - Processing /opt/airflow/dags/modules/json_loader.py took 1.202 seconds
[2023-11-06T18:28:50.237+0000] {processor.py:157} INFO - Started process (PID=718) to work on /opt/airflow/dags/modules/json_loader.py
[2023-11-06T18:28:50.238+0000] {processor.py:829} INFO - Processing file /opt/airflow/dags/modules/json_loader.py for tasks to queue
[2023-11-06T18:28:50.243+0000] {logging_mixin.py:151} INFO - [2023-11-06T18:28:50.243+0000] {dagbag.py:536} INFO - Filling up the DagBag from /opt/airflow/dags/modules/json_loader.py
[2023-11-06T18:29:22.695+0000] {logging_mixin.py:151} INFO - [2023-11-06T18:29:22.694+0000] {timeout.py:68} ERROR - Process timed out, PID: 718
[2023-11-06T18:29:22.696+0000] {logging_mixin.py:151} WARNING - Exception ignored in: <function WeakKeyDictionary.__init__.<locals>.remove at 0x7fe412dcb4c0>
[2023-11-06T18:29:22.706+0000] {logging_mixin.py:151} WARNING - Traceback (most recent call last):
[2023-11-06T18:29:22.707+0000] {logging_mixin.py:151} WARNING -   File "/usr/local/lib/python3.8/weakref.py", line 345, in remove
[2023-11-06T18:29:22.708+0000] {logging_mixin.py:151} WARNING -     def remove(k, selfref=ref(self)):
[2023-11-06T18:29:22.708+0000] {logging_mixin.py:151} WARNING -   File "/home/airflow/.local/lib/python3.8/site-packages/airflow/utils/timeout.py", line 69, in handle_timeout
[2023-11-06T18:29:22.722+0000] {logging_mixin.py:151} WARNING -     raise AirflowTaskTimeout(self.error_message)
[2023-11-06T18:29:22.723+0000] {logging_mixin.py:151} WARNING - airflow.exceptions.AirflowTaskTimeout: DagBag import timeout for /opt/airflow/dags/modules/json_loader.py after 30.0s.
Please take a look at these docs to improve your DAG import time:
* https://airflow.apache.org/docs/apache-airflow/2.7.2/best-practices.html#top-level-python-code
* https://airflow.apache.org/docs/apache-airflow/2.7.2/best-practices.html#reducing-dag-complexity, PID: 718
[2023-11-06T18:29:28.678+0000] {processor.py:841} WARNING - No viable dags retrieved from /opt/airflow/dags/modules/json_loader.py
[2023-11-06T18:29:28.694+0000] {processor.py:179} INFO - Processing /opt/airflow/dags/modules/json_loader.py took 38.452 seconds
[2023-11-06T18:29:58.848+0000] {processor.py:157} INFO - Started process (PID=787) to work on /opt/airflow/dags/modules/json_loader.py
[2023-11-06T18:29:58.849+0000] {processor.py:829} INFO - Processing file /opt/airflow/dags/modules/json_loader.py for tasks to queue
[2023-11-06T18:29:58.852+0000] {logging_mixin.py:151} INFO - [2023-11-06T18:29:58.851+0000] {dagbag.py:536} INFO - Filling up the DagBag from /opt/airflow/dags/modules/json_loader.py
[2023-11-06T18:30:00.749+0000] {processor.py:841} WARNING - No viable dags retrieved from /opt/airflow/dags/modules/json_loader.py
[2023-11-06T18:30:00.769+0000] {processor.py:179} INFO - Processing /opt/airflow/dags/modules/json_loader.py took 1.925 seconds
[2023-11-06T18:30:31.502+0000] {processor.py:157} INFO - Started process (PID=849) to work on /opt/airflow/dags/modules/json_loader.py
[2023-11-06T18:30:31.504+0000] {processor.py:829} INFO - Processing file /opt/airflow/dags/modules/json_loader.py for tasks to queue
[2023-11-06T18:30:31.507+0000] {logging_mixin.py:151} INFO - [2023-11-06T18:30:31.507+0000] {dagbag.py:536} INFO - Filling up the DagBag from /opt/airflow/dags/modules/json_loader.py
[2023-11-06T18:30:32.943+0000] {processor.py:841} WARNING - No viable dags retrieved from /opt/airflow/dags/modules/json_loader.py
[2023-11-06T18:30:32.992+0000] {processor.py:179} INFO - Processing /opt/airflow/dags/modules/json_loader.py took 1.499 seconds
[2023-11-06T18:31:23.817+0000] {processor.py:157} INFO - Started process (PID=881) to work on /opt/airflow/dags/modules/json_loader.py
[2023-11-06T18:31:23.820+0000] {processor.py:829} INFO - Processing file /opt/airflow/dags/modules/json_loader.py for tasks to queue
[2023-11-06T18:31:23.835+0000] {logging_mixin.py:151} INFO - [2023-11-06T18:31:23.834+0000] {dagbag.py:536} INFO - Filling up the DagBag from /opt/airflow/dags/modules/json_loader.py
[2023-11-06T18:31:53.055+0000] {processor.py:841} WARNING - No viable dags retrieved from /opt/airflow/dags/modules/json_loader.py
[2023-11-06T18:31:53.267+0000] {processor.py:179} INFO - Processing /opt/airflow/dags/modules/json_loader.py took 29.530 seconds
[2023-11-06T18:32:24.084+0000] {processor.py:157} INFO - Started process (PID=949) to work on /opt/airflow/dags/modules/json_loader.py
[2023-11-06T18:32:24.085+0000] {processor.py:829} INFO - Processing file /opt/airflow/dags/modules/json_loader.py for tasks to queue
[2023-11-06T18:32:24.089+0000] {logging_mixin.py:151} INFO - [2023-11-06T18:32:24.089+0000] {dagbag.py:536} INFO - Filling up the DagBag from /opt/airflow/dags/modules/json_loader.py
[2023-11-06T18:32:25.066+0000] {processor.py:841} WARNING - No viable dags retrieved from /opt/airflow/dags/modules/json_loader.py
[2023-11-06T18:32:25.079+0000] {processor.py:179} INFO - Processing /opt/airflow/dags/modules/json_loader.py took 1.001 seconds
[2023-11-06T18:32:55.384+0000] {processor.py:157} INFO - Started process (PID=1011) to work on /opt/airflow/dags/modules/json_loader.py
[2023-11-06T18:32:55.386+0000] {processor.py:829} INFO - Processing file /opt/airflow/dags/modules/json_loader.py for tasks to queue
[2023-11-06T18:32:55.389+0000] {logging_mixin.py:151} INFO - [2023-11-06T18:32:55.388+0000] {dagbag.py:536} INFO - Filling up the DagBag from /opt/airflow/dags/modules/json_loader.py
[2023-11-06T18:32:55.986+0000] {processor.py:841} WARNING - No viable dags retrieved from /opt/airflow/dags/modules/json_loader.py
[2023-11-06T18:32:56.000+0000] {processor.py:179} INFO - Processing /opt/airflow/dags/modules/json_loader.py took 0.619 seconds
[2023-11-06T18:33:26.179+0000] {processor.py:157} INFO - Started process (PID=1073) to work on /opt/airflow/dags/modules/json_loader.py
[2023-11-06T18:33:26.181+0000] {processor.py:829} INFO - Processing file /opt/airflow/dags/modules/json_loader.py for tasks to queue
[2023-11-06T18:33:26.184+0000] {logging_mixin.py:151} INFO - [2023-11-06T18:33:26.183+0000] {dagbag.py:536} INFO - Filling up the DagBag from /opt/airflow/dags/modules/json_loader.py
[2023-11-06T18:33:26.862+0000] {processor.py:841} WARNING - No viable dags retrieved from /opt/airflow/dags/modules/json_loader.py
[2023-11-06T18:33:26.877+0000] {processor.py:179} INFO - Processing /opt/airflow/dags/modules/json_loader.py took 0.701 seconds
[2023-11-06T18:33:56.942+0000] {processor.py:157} INFO - Started process (PID=1135) to work on /opt/airflow/dags/modules/json_loader.py
[2023-11-06T18:33:56.943+0000] {processor.py:829} INFO - Processing file /opt/airflow/dags/modules/json_loader.py for tasks to queue
[2023-11-06T18:33:56.947+0000] {logging_mixin.py:151} INFO - [2023-11-06T18:33:56.946+0000] {dagbag.py:536} INFO - Filling up the DagBag from /opt/airflow/dags/modules/json_loader.py
[2023-11-06T18:33:57.551+0000] {processor.py:841} WARNING - No viable dags retrieved from /opt/airflow/dags/modules/json_loader.py
[2023-11-06T18:33:57.566+0000] {processor.py:179} INFO - Processing /opt/airflow/dags/modules/json_loader.py took 0.628 seconds
[2023-11-06T18:34:28.077+0000] {processor.py:157} INFO - Started process (PID=1197) to work on /opt/airflow/dags/modules/json_loader.py
[2023-11-06T18:34:28.078+0000] {processor.py:829} INFO - Processing file /opt/airflow/dags/modules/json_loader.py for tasks to queue
[2023-11-06T18:34:28.082+0000] {logging_mixin.py:151} INFO - [2023-11-06T18:34:28.081+0000] {dagbag.py:536} INFO - Filling up the DagBag from /opt/airflow/dags/modules/json_loader.py
[2023-11-06T18:34:29.080+0000] {processor.py:841} WARNING - No viable dags retrieved from /opt/airflow/dags/modules/json_loader.py
[2023-11-06T18:34:29.101+0000] {processor.py:179} INFO - Processing /opt/airflow/dags/modules/json_loader.py took 1.029 seconds
