[2023-11-06T16:48:55.264+0000] {processor.py:157} INFO - Started process (PID=37) to work on /opt/airflow/dags/modules/main.py
[2023-11-06T16:48:55.266+0000] {processor.py:829} INFO - Processing file /opt/airflow/dags/modules/main.py for tasks to queue
[2023-11-06T16:48:55.269+0000] {logging_mixin.py:151} INFO - [2023-11-06T16:48:55.269+0000] {dagbag.py:536} INFO - Filling up the DagBag from /opt/airflow/dags/modules/main.py
[2023-11-06T16:49:04.591+0000] {processor.py:841} WARNING - No viable dags retrieved from /opt/airflow/dags/modules/main.py
[2023-11-06T16:49:04.923+0000] {processor.py:179} INFO - Processing /opt/airflow/dags/modules/main.py took 9.682 seconds
[2023-11-06T16:49:35.898+0000] {processor.py:157} INFO - Started process (PID=101) to work on /opt/airflow/dags/modules/main.py
[2023-11-06T16:49:35.900+0000] {processor.py:829} INFO - Processing file /opt/airflow/dags/modules/main.py for tasks to queue
[2023-11-06T16:49:35.903+0000] {logging_mixin.py:151} INFO - [2023-11-06T16:49:35.902+0000] {dagbag.py:536} INFO - Filling up the DagBag from /opt/airflow/dags/modules/main.py
[2023-11-06T16:49:36.454+0000] {processor.py:841} WARNING - No viable dags retrieved from /opt/airflow/dags/modules/main.py
[2023-11-06T16:49:36.473+0000] {processor.py:179} INFO - Processing /opt/airflow/dags/modules/main.py took 0.579 seconds
[2023-11-06T16:50:06.881+0000] {processor.py:157} INFO - Started process (PID=159) to work on /opt/airflow/dags/modules/main.py
[2023-11-06T16:50:06.883+0000] {processor.py:829} INFO - Processing file /opt/airflow/dags/modules/main.py for tasks to queue
[2023-11-06T16:50:06.887+0000] {logging_mixin.py:151} INFO - [2023-11-06T16:50:06.886+0000] {dagbag.py:536} INFO - Filling up the DagBag from /opt/airflow/dags/modules/main.py
[2023-11-06T16:50:08.170+0000] {processor.py:841} WARNING - No viable dags retrieved from /opt/airflow/dags/modules/main.py
[2023-11-06T16:50:08.190+0000] {processor.py:179} INFO - Processing /opt/airflow/dags/modules/main.py took 1.317 seconds
[2023-11-06T16:51:06.035+0000] {processor.py:157} INFO - Started process (PID=210) to work on /opt/airflow/dags/modules/main.py
[2023-11-06T16:51:06.036+0000] {processor.py:829} INFO - Processing file /opt/airflow/dags/modules/main.py for tasks to queue
[2023-11-06T16:51:06.043+0000] {logging_mixin.py:151} INFO - [2023-11-06T16:51:06.043+0000] {dagbag.py:536} INFO - Filling up the DagBag from /opt/airflow/dags/modules/main.py
[2023-11-06T16:57:36.769+0000] {processor.py:157} INFO - Started process (PID=264) to work on /opt/airflow/dags/modules/main.py
[2023-11-06T16:57:36.781+0000] {processor.py:829} INFO - Processing file /opt/airflow/dags/modules/main.py for tasks to queue
[2023-11-06T16:57:36.784+0000] {logging_mixin.py:151} INFO - [2023-11-06T16:57:36.784+0000] {dagbag.py:536} INFO - Filling up the DagBag from /opt/airflow/dags/modules/main.py
[2023-11-06T16:58:45.227+0000] {processor.py:157} INFO - Started process (PID=277) to work on /opt/airflow/dags/modules/main.py
[2023-11-06T16:58:52.834+0000] {processor.py:829} INFO - Processing file /opt/airflow/dags/modules/main.py for tasks to queue
[2023-11-06T16:58:58.184+0000] {logging_mixin.py:151} INFO - [2023-11-06T16:58:58.183+0000] {dagbag.py:536} INFO - Filling up the DagBag from /opt/airflow/dags/modules/main.py
[2023-11-06T16:59:55.114+0000] {processor.py:157} INFO - Started process (PID=295) to work on /opt/airflow/dags/modules/main.py
[2023-11-06T16:59:55.124+0000] {processor.py:829} INFO - Processing file /opt/airflow/dags/modules/main.py for tasks to queue
[2023-11-06T16:59:55.331+0000] {logging_mixin.py:151} INFO - [2023-11-06T16:59:55.330+0000] {dagbag.py:536} INFO - Filling up the DagBag from /opt/airflow/dags/modules/main.py
[2023-11-06T17:00:31.772+0000] {logging_mixin.py:151} INFO - [2023-11-06T17:00:31.614+0000] {timeout.py:68} ERROR - Process timed out, PID: 295
[2023-11-06T17:00:32.460+0000] {logging_mixin.py:151} INFO - [2023-11-06T17:00:31.773+0000] {dagbag.py:346} ERROR - Failed to import: /opt/airflow/dags/modules/main.py
Traceback (most recent call last):
  File "/home/airflow/.local/lib/python3.8/site-packages/airflow/models/dagbag.py", line 342, in parse
    loader.exec_module(new_module)
  File "<frozen importlib._bootstrap_external>", line 843, in exec_module
  File "<frozen importlib._bootstrap>", line 219, in _call_with_frames_removed
  File "/opt/airflow/dags/modules/main.py", line 2, in <module>
    import pandas as pd
  File "/home/airflow/.local/lib/python3.8/site-packages/pandas/__init__.py", line 22, in <module>
    from pandas.compat import is_numpy_dev as _is_numpy_dev  # pyright: ignore # noqa:F401
  File "/home/airflow/.local/lib/python3.8/site-packages/pandas/compat/__init__.py", line 29, in <module>
    from pandas.compat.pyarrow import (
  File "/home/airflow/.local/lib/python3.8/site-packages/pandas/compat/pyarrow.py", line 8, in <module>
    import pyarrow as pa
  File "/home/airflow/.local/lib/python3.8/site-packages/pyarrow/__init__.py", line 65, in <module>
    import pyarrow.lib as _lib
  File "<frozen importlib._bootstrap>", line 389, in parent
  File "/home/airflow/.local/lib/python3.8/site-packages/airflow/utils/timeout.py", line 69, in handle_timeout
    raise AirflowTaskTimeout(self.error_message)
airflow.exceptions.AirflowTaskTimeout: DagBag import timeout for /opt/airflow/dags/modules/main.py after 30.0s.
Please take a look at these docs to improve your DAG import time:
* https://airflow.apache.org/docs/apache-airflow/2.7.2/best-practices.html#top-level-python-code
* https://airflow.apache.org/docs/apache-airflow/2.7.2/best-practices.html#reducing-dag-complexity, PID: 295
[2023-11-06T17:00:32.471+0000] {processor.py:841} WARNING - No viable dags retrieved from /opt/airflow/dags/modules/main.py
[2023-11-06T17:00:35.041+0000] {processor.py:179} INFO - Processing /opt/airflow/dags/modules/main.py took 40.130 seconds
[2023-11-06T17:05:08.435+0000] {processor.py:157} INFO - Started process (PID=396) to work on /opt/airflow/dags/modules/main.py
[2023-11-06T17:05:08.436+0000] {processor.py:829} INFO - Processing file /opt/airflow/dags/modules/main.py for tasks to queue
[2023-11-06T17:05:08.450+0000] {logging_mixin.py:151} INFO - [2023-11-06T17:05:08.449+0000] {dagbag.py:536} INFO - Filling up the DagBag from /opt/airflow/dags/modules/main.py
[2023-11-06T17:05:11.364+0000] {processor.py:841} WARNING - No viable dags retrieved from /opt/airflow/dags/modules/main.py
[2023-11-06T17:05:11.849+0000] {processor.py:179} INFO - Processing /opt/airflow/dags/modules/main.py took 3.419 seconds
[2023-11-06T17:06:33.719+0000] {processor.py:157} INFO - Started process (PID=448) to work on /opt/airflow/dags/modules/main.py
[2023-11-06T17:06:33.757+0000] {processor.py:829} INFO - Processing file /opt/airflow/dags/modules/main.py for tasks to queue
[2023-11-06T17:06:33.887+0000] {logging_mixin.py:151} INFO - [2023-11-06T17:06:33.887+0000] {dagbag.py:536} INFO - Filling up the DagBag from /opt/airflow/dags/modules/main.py
[2023-11-06T17:06:39.863+0000] {processor.py:841} WARNING - No viable dags retrieved from /opt/airflow/dags/modules/main.py
[2023-11-06T17:06:40.271+0000] {processor.py:179} INFO - Processing /opt/airflow/dags/modules/main.py took 6.787 seconds
[2023-11-06T17:12:51.598+0000] {processor.py:157} INFO - Started process (PID=48) to work on /opt/airflow/dags/modules/main.py
[2023-11-06T17:12:51.608+0000] {processor.py:829} INFO - Processing file /opt/airflow/dags/modules/main.py for tasks to queue
[2023-11-06T17:12:51.613+0000] {logging_mixin.py:151} INFO - [2023-11-06T17:12:51.612+0000] {dagbag.py:536} INFO - Filling up the DagBag from /opt/airflow/dags/modules/main.py
[2023-11-06T17:12:53.176+0000] {processor.py:841} WARNING - No viable dags retrieved from /opt/airflow/dags/modules/main.py
[2023-11-06T17:12:53.206+0000] {processor.py:179} INFO - Processing /opt/airflow/dags/modules/main.py took 1.615 seconds
[2023-11-06T17:13:51.384+0000] {processor.py:157} INFO - Started process (PID=45) to work on /opt/airflow/dags/modules/main.py
[2023-11-06T17:13:51.386+0000] {processor.py:829} INFO - Processing file /opt/airflow/dags/modules/main.py for tasks to queue
[2023-11-06T17:13:51.390+0000] {logging_mixin.py:151} INFO - [2023-11-06T17:13:51.390+0000] {dagbag.py:536} INFO - Filling up the DagBag from /opt/airflow/dags/modules/main.py
[2023-11-06T17:13:52.853+0000] {processor.py:841} WARNING - No viable dags retrieved from /opt/airflow/dags/modules/main.py
[2023-11-06T17:13:52.887+0000] {processor.py:179} INFO - Processing /opt/airflow/dags/modules/main.py took 1.518 seconds
[2023-11-06T17:14:23.786+0000] {processor.py:157} INFO - Started process (PID=107) to work on /opt/airflow/dags/modules/main.py
[2023-11-06T17:14:23.787+0000] {processor.py:829} INFO - Processing file /opt/airflow/dags/modules/main.py for tasks to queue
[2023-11-06T17:14:23.790+0000] {logging_mixin.py:151} INFO - [2023-11-06T17:14:23.790+0000] {dagbag.py:536} INFO - Filling up the DagBag from /opt/airflow/dags/modules/main.py
[2023-11-06T17:14:24.656+0000] {processor.py:841} WARNING - No viable dags retrieved from /opt/airflow/dags/modules/main.py
[2023-11-06T17:14:24.831+0000] {processor.py:179} INFO - Processing /opt/airflow/dags/modules/main.py took 1.049 seconds
[2023-11-06T17:14:55.351+0000] {processor.py:157} INFO - Started process (PID=169) to work on /opt/airflow/dags/modules/main.py
[2023-11-06T17:14:55.353+0000] {processor.py:829} INFO - Processing file /opt/airflow/dags/modules/main.py for tasks to queue
[2023-11-06T17:14:55.356+0000] {logging_mixin.py:151} INFO - [2023-11-06T17:14:55.355+0000] {dagbag.py:536} INFO - Filling up the DagBag from /opt/airflow/dags/modules/main.py
[2023-11-06T17:14:55.948+0000] {processor.py:841} WARNING - No viable dags retrieved from /opt/airflow/dags/modules/main.py
[2023-11-06T17:14:55.962+0000] {processor.py:179} INFO - Processing /opt/airflow/dags/modules/main.py took 0.615 seconds
[2023-11-06T17:15:26.546+0000] {processor.py:157} INFO - Started process (PID=231) to work on /opt/airflow/dags/modules/main.py
[2023-11-06T17:15:26.547+0000] {processor.py:829} INFO - Processing file /opt/airflow/dags/modules/main.py for tasks to queue
[2023-11-06T17:15:26.551+0000] {logging_mixin.py:151} INFO - [2023-11-06T17:15:26.551+0000] {dagbag.py:536} INFO - Filling up the DagBag from /opt/airflow/dags/modules/main.py
[2023-11-06T17:15:27.245+0000] {processor.py:841} WARNING - No viable dags retrieved from /opt/airflow/dags/modules/main.py
[2023-11-06T17:15:27.266+0000] {processor.py:179} INFO - Processing /opt/airflow/dags/modules/main.py took 0.725 seconds
[2023-11-06T17:15:59.083+0000] {processor.py:157} INFO - Started process (PID=295) to work on /opt/airflow/dags/modules/main.py
[2023-11-06T17:15:59.085+0000] {processor.py:829} INFO - Processing file /opt/airflow/dags/modules/main.py for tasks to queue
[2023-11-06T17:15:59.088+0000] {logging_mixin.py:151} INFO - [2023-11-06T17:15:59.087+0000] {dagbag.py:536} INFO - Filling up the DagBag from /opt/airflow/dags/modules/main.py
[2023-11-06T17:15:59.929+0000] {processor.py:841} WARNING - No viable dags retrieved from /opt/airflow/dags/modules/main.py
[2023-11-06T17:15:59.946+0000] {processor.py:179} INFO - Processing /opt/airflow/dags/modules/main.py took 0.866 seconds
[2023-11-06T17:16:30.771+0000] {processor.py:157} INFO - Started process (PID=357) to work on /opt/airflow/dags/modules/main.py
[2023-11-06T17:16:30.772+0000] {processor.py:829} INFO - Processing file /opt/airflow/dags/modules/main.py for tasks to queue
[2023-11-06T17:16:30.776+0000] {logging_mixin.py:151} INFO - [2023-11-06T17:16:30.775+0000] {dagbag.py:536} INFO - Filling up the DagBag from /opt/airflow/dags/modules/main.py
[2023-11-06T17:16:31.453+0000] {processor.py:841} WARNING - No viable dags retrieved from /opt/airflow/dags/modules/main.py
[2023-11-06T17:16:31.474+0000] {processor.py:179} INFO - Processing /opt/airflow/dags/modules/main.py took 0.706 seconds
[2023-11-06T17:17:04.600+0000] {processor.py:157} INFO - Started process (PID=419) to work on /opt/airflow/dags/modules/main.py
[2023-11-06T17:17:04.602+0000] {processor.py:829} INFO - Processing file /opt/airflow/dags/modules/main.py for tasks to queue
[2023-11-06T17:17:04.605+0000] {logging_mixin.py:151} INFO - [2023-11-06T17:17:04.605+0000] {dagbag.py:536} INFO - Filling up the DagBag from /opt/airflow/dags/modules/main.py
[2023-11-06T17:17:05.850+0000] {processor.py:841} WARNING - No viable dags retrieved from /opt/airflow/dags/modules/main.py
[2023-11-06T17:17:05.879+0000] {processor.py:179} INFO - Processing /opt/airflow/dags/modules/main.py took 1.284 seconds
[2023-11-06T17:17:37.030+0000] {processor.py:157} INFO - Started process (PID=481) to work on /opt/airflow/dags/modules/main.py
[2023-11-06T17:17:37.032+0000] {processor.py:829} INFO - Processing file /opt/airflow/dags/modules/main.py for tasks to queue
[2023-11-06T17:17:37.035+0000] {logging_mixin.py:151} INFO - [2023-11-06T17:17:37.035+0000] {dagbag.py:536} INFO - Filling up the DagBag from /opt/airflow/dags/modules/main.py
[2023-11-06T17:17:38.395+0000] {processor.py:841} WARNING - No viable dags retrieved from /opt/airflow/dags/modules/main.py
[2023-11-06T17:17:38.429+0000] {processor.py:179} INFO - Processing /opt/airflow/dags/modules/main.py took 1.403 seconds
[2023-11-06T17:18:09.546+0000] {processor.py:157} INFO - Started process (PID=544) to work on /opt/airflow/dags/modules/main.py
[2023-11-06T17:18:09.548+0000] {processor.py:829} INFO - Processing file /opt/airflow/dags/modules/main.py for tasks to queue
[2023-11-06T17:18:09.551+0000] {logging_mixin.py:151} INFO - [2023-11-06T17:18:09.551+0000] {dagbag.py:536} INFO - Filling up the DagBag from /opt/airflow/dags/modules/main.py
[2023-11-06T17:18:10.482+0000] {processor.py:841} WARNING - No viable dags retrieved from /opt/airflow/dags/modules/main.py
[2023-11-06T17:18:10.501+0000] {processor.py:179} INFO - Processing /opt/airflow/dags/modules/main.py took 0.960 seconds
[2023-11-06T17:18:41.124+0000] {processor.py:157} INFO - Started process (PID=607) to work on /opt/airflow/dags/modules/main.py
[2023-11-06T17:18:41.126+0000] {processor.py:829} INFO - Processing file /opt/airflow/dags/modules/main.py for tasks to queue
[2023-11-06T17:18:41.133+0000] {logging_mixin.py:151} INFO - [2023-11-06T17:18:41.133+0000] {dagbag.py:536} INFO - Filling up the DagBag from /opt/airflow/dags/modules/main.py
[2023-11-06T17:18:42.007+0000] {processor.py:841} WARNING - No viable dags retrieved from /opt/airflow/dags/modules/main.py
[2023-11-06T17:18:42.036+0000] {processor.py:179} INFO - Processing /opt/airflow/dags/modules/main.py took 0.918 seconds
[2023-11-06T17:19:12.396+0000] {processor.py:157} INFO - Started process (PID=669) to work on /opt/airflow/dags/modules/main.py
[2023-11-06T17:19:12.398+0000] {processor.py:829} INFO - Processing file /opt/airflow/dags/modules/main.py for tasks to queue
[2023-11-06T17:19:12.402+0000] {logging_mixin.py:151} INFO - [2023-11-06T17:19:12.402+0000] {dagbag.py:536} INFO - Filling up the DagBag from /opt/airflow/dags/modules/main.py
[2023-11-06T17:19:13.638+0000] {processor.py:841} WARNING - No viable dags retrieved from /opt/airflow/dags/modules/main.py
[2023-11-06T17:19:13.659+0000] {processor.py:179} INFO - Processing /opt/airflow/dags/modules/main.py took 1.270 seconds
[2023-11-06T17:19:44.133+0000] {processor.py:157} INFO - Started process (PID=730) to work on /opt/airflow/dags/modules/main.py
[2023-11-06T17:19:44.135+0000] {processor.py:829} INFO - Processing file /opt/airflow/dags/modules/main.py for tasks to queue
[2023-11-06T17:19:44.143+0000] {logging_mixin.py:151} INFO - [2023-11-06T17:19:44.142+0000] {dagbag.py:536} INFO - Filling up the DagBag from /opt/airflow/dags/modules/main.py
[2023-11-06T17:19:45.004+0000] {processor.py:841} WARNING - No viable dags retrieved from /opt/airflow/dags/modules/main.py
[2023-11-06T17:19:45.027+0000] {processor.py:179} INFO - Processing /opt/airflow/dags/modules/main.py took 0.900 seconds
[2023-11-06T17:20:15.537+0000] {processor.py:157} INFO - Started process (PID=794) to work on /opt/airflow/dags/modules/main.py
[2023-11-06T17:20:15.538+0000] {processor.py:829} INFO - Processing file /opt/airflow/dags/modules/main.py for tasks to queue
[2023-11-06T17:20:15.542+0000] {logging_mixin.py:151} INFO - [2023-11-06T17:20:15.541+0000] {dagbag.py:536} INFO - Filling up the DagBag from /opt/airflow/dags/modules/main.py
[2023-11-06T17:20:16.330+0000] {processor.py:841} WARNING - No viable dags retrieved from /opt/airflow/dags/modules/main.py
[2023-11-06T17:20:16.352+0000] {processor.py:179} INFO - Processing /opt/airflow/dags/modules/main.py took 0.820 seconds
[2023-11-06T17:20:47.006+0000] {processor.py:157} INFO - Started process (PID=856) to work on /opt/airflow/dags/modules/main.py
[2023-11-06T17:20:47.008+0000] {processor.py:829} INFO - Processing file /opt/airflow/dags/modules/main.py for tasks to queue
[2023-11-06T17:20:47.012+0000] {logging_mixin.py:151} INFO - [2023-11-06T17:20:47.012+0000] {dagbag.py:536} INFO - Filling up the DagBag from /opt/airflow/dags/modules/main.py
[2023-11-06T17:20:47.685+0000] {processor.py:841} WARNING - No viable dags retrieved from /opt/airflow/dags/modules/main.py
[2023-11-06T17:20:47.702+0000] {processor.py:179} INFO - Processing /opt/airflow/dags/modules/main.py took 0.700 seconds
[2023-11-06T17:21:18.978+0000] {processor.py:157} INFO - Started process (PID=919) to work on /opt/airflow/dags/modules/main.py
[2023-11-06T17:21:18.980+0000] {processor.py:829} INFO - Processing file /opt/airflow/dags/modules/main.py for tasks to queue
[2023-11-06T17:21:18.987+0000] {logging_mixin.py:151} INFO - [2023-11-06T17:21:18.986+0000] {dagbag.py:536} INFO - Filling up the DagBag from /opt/airflow/dags/modules/main.py
[2023-11-06T17:21:20.154+0000] {processor.py:841} WARNING - No viable dags retrieved from /opt/airflow/dags/modules/main.py
[2023-11-06T17:21:20.171+0000] {processor.py:179} INFO - Processing /opt/airflow/dags/modules/main.py took 1.198 seconds
[2023-11-06T17:21:51.402+0000] {processor.py:157} INFO - Started process (PID=981) to work on /opt/airflow/dags/modules/main.py
[2023-11-06T17:21:51.403+0000] {processor.py:829} INFO - Processing file /opt/airflow/dags/modules/main.py for tasks to queue
[2023-11-06T17:21:51.407+0000] {logging_mixin.py:151} INFO - [2023-11-06T17:21:51.406+0000] {dagbag.py:536} INFO - Filling up the DagBag from /opt/airflow/dags/modules/main.py
[2023-11-06T17:21:52.130+0000] {processor.py:841} WARNING - No viable dags retrieved from /opt/airflow/dags/modules/main.py
[2023-11-06T17:21:52.158+0000] {processor.py:179} INFO - Processing /opt/airflow/dags/modules/main.py took 0.760 seconds
[2023-11-06T17:22:23.451+0000] {processor.py:157} INFO - Started process (PID=1043) to work on /opt/airflow/dags/modules/main.py
[2023-11-06T17:22:23.455+0000] {processor.py:829} INFO - Processing file /opt/airflow/dags/modules/main.py for tasks to queue
[2023-11-06T17:22:23.459+0000] {logging_mixin.py:151} INFO - [2023-11-06T17:22:23.459+0000] {dagbag.py:536} INFO - Filling up the DagBag from /opt/airflow/dags/modules/main.py
[2023-11-06T17:22:24.818+0000] {processor.py:841} WARNING - No viable dags retrieved from /opt/airflow/dags/modules/main.py
[2023-11-06T17:22:24.851+0000] {processor.py:179} INFO - Processing /opt/airflow/dags/modules/main.py took 1.405 seconds
[2023-11-06T17:22:55.706+0000] {processor.py:157} INFO - Started process (PID=1106) to work on /opt/airflow/dags/modules/main.py
[2023-11-06T17:22:55.708+0000] {processor.py:829} INFO - Processing file /opt/airflow/dags/modules/main.py for tasks to queue
[2023-11-06T17:22:55.712+0000] {logging_mixin.py:151} INFO - [2023-11-06T17:22:55.712+0000] {dagbag.py:536} INFO - Filling up the DagBag from /opt/airflow/dags/modules/main.py
[2023-11-06T17:22:56.565+0000] {processor.py:841} WARNING - No viable dags retrieved from /opt/airflow/dags/modules/main.py
[2023-11-06T17:22:56.605+0000] {processor.py:179} INFO - Processing /opt/airflow/dags/modules/main.py took 0.907 seconds
[2023-11-06T17:23:31.835+0000] {processor.py:157} INFO - Started process (PID=1168) to work on /opt/airflow/dags/modules/main.py
[2023-11-06T17:23:31.843+0000] {processor.py:829} INFO - Processing file /opt/airflow/dags/modules/main.py for tasks to queue
[2023-11-06T17:23:31.866+0000] {logging_mixin.py:151} INFO - [2023-11-06T17:23:31.858+0000] {dagbag.py:536} INFO - Filling up the DagBag from /opt/airflow/dags/modules/main.py
[2023-11-06T17:23:33.441+0000] {processor.py:841} WARNING - No viable dags retrieved from /opt/airflow/dags/modules/main.py
[2023-11-06T17:23:33.471+0000] {processor.py:179} INFO - Processing /opt/airflow/dags/modules/main.py took 1.650 seconds
[2023-11-06T17:24:03.638+0000] {processor.py:157} INFO - Started process (PID=1230) to work on /opt/airflow/dags/modules/main.py
[2023-11-06T17:24:03.639+0000] {processor.py:829} INFO - Processing file /opt/airflow/dags/modules/main.py for tasks to queue
[2023-11-06T17:24:03.642+0000] {logging_mixin.py:151} INFO - [2023-11-06T17:24:03.642+0000] {dagbag.py:536} INFO - Filling up the DagBag from /opt/airflow/dags/modules/main.py
[2023-11-06T17:24:04.294+0000] {processor.py:841} WARNING - No viable dags retrieved from /opt/airflow/dags/modules/main.py
[2023-11-06T17:24:04.309+0000] {processor.py:179} INFO - Processing /opt/airflow/dags/modules/main.py took 0.675 seconds
[2023-11-06T17:24:35.162+0000] {processor.py:157} INFO - Started process (PID=1292) to work on /opt/airflow/dags/modules/main.py
[2023-11-06T17:24:35.164+0000] {processor.py:829} INFO - Processing file /opt/airflow/dags/modules/main.py for tasks to queue
[2023-11-06T17:24:35.168+0000] {logging_mixin.py:151} INFO - [2023-11-06T17:24:35.168+0000] {dagbag.py:536} INFO - Filling up the DagBag from /opt/airflow/dags/modules/main.py
[2023-11-06T17:24:35.771+0000] {processor.py:841} WARNING - No viable dags retrieved from /opt/airflow/dags/modules/main.py
[2023-11-06T17:24:35.786+0000] {processor.py:179} INFO - Processing /opt/airflow/dags/modules/main.py took 0.630 seconds
[2023-11-06T17:25:10.693+0000] {processor.py:157} INFO - Started process (PID=1354) to work on /opt/airflow/dags/modules/main.py
[2023-11-06T17:25:10.701+0000] {processor.py:829} INFO - Processing file /opt/airflow/dags/modules/main.py for tasks to queue
[2023-11-06T17:25:10.708+0000] {logging_mixin.py:151} INFO - [2023-11-06T17:25:10.707+0000] {dagbag.py:536} INFO - Filling up the DagBag from /opt/airflow/dags/modules/main.py
[2023-11-06T17:25:11.541+0000] {processor.py:841} WARNING - No viable dags retrieved from /opt/airflow/dags/modules/main.py
[2023-11-06T17:25:11.557+0000] {processor.py:179} INFO - Processing /opt/airflow/dags/modules/main.py took 0.875 seconds
[2023-11-06T17:25:42.121+0000] {processor.py:157} INFO - Started process (PID=1416) to work on /opt/airflow/dags/modules/main.py
[2023-11-06T17:25:42.126+0000] {processor.py:829} INFO - Processing file /opt/airflow/dags/modules/main.py for tasks to queue
[2023-11-06T17:25:42.135+0000] {logging_mixin.py:151} INFO - [2023-11-06T17:25:42.134+0000] {dagbag.py:536} INFO - Filling up the DagBag from /opt/airflow/dags/modules/main.py
[2023-11-06T17:25:43.059+0000] {processor.py:841} WARNING - No viable dags retrieved from /opt/airflow/dags/modules/main.py
[2023-11-06T17:25:43.079+0000] {processor.py:179} INFO - Processing /opt/airflow/dags/modules/main.py took 0.968 seconds
[2023-11-06T17:26:13.699+0000] {processor.py:157} INFO - Started process (PID=1478) to work on /opt/airflow/dags/modules/main.py
[2023-11-06T17:26:13.701+0000] {processor.py:829} INFO - Processing file /opt/airflow/dags/modules/main.py for tasks to queue
[2023-11-06T17:26:13.705+0000] {logging_mixin.py:151} INFO - [2023-11-06T17:26:13.705+0000] {dagbag.py:536} INFO - Filling up the DagBag from /opt/airflow/dags/modules/main.py
[2023-11-06T17:26:14.389+0000] {processor.py:841} WARNING - No viable dags retrieved from /opt/airflow/dags/modules/main.py
[2023-11-06T17:26:14.404+0000] {processor.py:179} INFO - Processing /opt/airflow/dags/modules/main.py took 0.711 seconds
[2023-11-06T17:26:45.037+0000] {processor.py:157} INFO - Started process (PID=1540) to work on /opt/airflow/dags/modules/main.py
[2023-11-06T17:26:45.038+0000] {processor.py:829} INFO - Processing file /opt/airflow/dags/modules/main.py for tasks to queue
[2023-11-06T17:26:45.041+0000] {logging_mixin.py:151} INFO - [2023-11-06T17:26:45.041+0000] {dagbag.py:536} INFO - Filling up the DagBag from /opt/airflow/dags/modules/main.py
[2023-11-06T17:26:45.764+0000] {processor.py:841} WARNING - No viable dags retrieved from /opt/airflow/dags/modules/main.py
[2023-11-06T17:26:45.782+0000] {processor.py:179} INFO - Processing /opt/airflow/dags/modules/main.py took 0.749 seconds
[2023-11-06T17:27:16.221+0000] {processor.py:157} INFO - Started process (PID=1602) to work on /opt/airflow/dags/modules/main.py
[2023-11-06T17:27:16.224+0000] {processor.py:829} INFO - Processing file /opt/airflow/dags/modules/main.py for tasks to queue
[2023-11-06T17:27:16.227+0000] {logging_mixin.py:151} INFO - [2023-11-06T17:27:16.227+0000] {dagbag.py:536} INFO - Filling up the DagBag from /opt/airflow/dags/modules/main.py
[2023-11-06T17:27:16.866+0000] {processor.py:841} WARNING - No viable dags retrieved from /opt/airflow/dags/modules/main.py
[2023-11-06T17:27:16.883+0000] {processor.py:179} INFO - Processing /opt/airflow/dags/modules/main.py took 0.667 seconds
[2023-11-06T17:27:47.381+0000] {processor.py:157} INFO - Started process (PID=1664) to work on /opt/airflow/dags/modules/main.py
[2023-11-06T17:27:47.382+0000] {processor.py:829} INFO - Processing file /opt/airflow/dags/modules/main.py for tasks to queue
[2023-11-06T17:27:47.386+0000] {logging_mixin.py:151} INFO - [2023-11-06T17:27:47.385+0000] {dagbag.py:536} INFO - Filling up the DagBag from /opt/airflow/dags/modules/main.py
[2023-11-06T17:27:48.258+0000] {processor.py:841} WARNING - No viable dags retrieved from /opt/airflow/dags/modules/main.py
[2023-11-06T17:27:48.275+0000] {processor.py:179} INFO - Processing /opt/airflow/dags/modules/main.py took 0.901 seconds
[2023-11-06T17:28:18.667+0000] {processor.py:157} INFO - Started process (PID=1733) to work on /opt/airflow/dags/modules/main.py
[2023-11-06T17:28:18.668+0000] {processor.py:829} INFO - Processing file /opt/airflow/dags/modules/main.py for tasks to queue
[2023-11-06T17:28:18.673+0000] {logging_mixin.py:151} INFO - [2023-11-06T17:28:18.673+0000] {dagbag.py:536} INFO - Filling up the DagBag from /opt/airflow/dags/modules/main.py
[2023-11-06T17:28:19.731+0000] {processor.py:841} WARNING - No viable dags retrieved from /opt/airflow/dags/modules/main.py
[2023-11-06T17:28:19.766+0000] {processor.py:179} INFO - Processing /opt/airflow/dags/modules/main.py took 1.103 seconds
[2023-11-06T17:28:50.743+0000] {processor.py:157} INFO - Started process (PID=1798) to work on /opt/airflow/dags/modules/main.py
[2023-11-06T17:28:50.744+0000] {processor.py:829} INFO - Processing file /opt/airflow/dags/modules/main.py for tasks to queue
[2023-11-06T17:28:50.748+0000] {logging_mixin.py:151} INFO - [2023-11-06T17:28:50.747+0000] {dagbag.py:536} INFO - Filling up the DagBag from /opt/airflow/dags/modules/main.py
[2023-11-06T17:28:51.839+0000] {processor.py:841} WARNING - No viable dags retrieved from /opt/airflow/dags/modules/main.py
[2023-11-06T17:28:51.855+0000] {processor.py:179} INFO - Processing /opt/airflow/dags/modules/main.py took 1.119 seconds
[2023-11-06T17:29:23.893+0000] {processor.py:157} INFO - Started process (PID=1861) to work on /opt/airflow/dags/modules/main.py
[2023-11-06T17:29:23.895+0000] {processor.py:829} INFO - Processing file /opt/airflow/dags/modules/main.py for tasks to queue
[2023-11-06T17:29:23.900+0000] {logging_mixin.py:151} INFO - [2023-11-06T17:29:23.899+0000] {dagbag.py:536} INFO - Filling up the DagBag from /opt/airflow/dags/modules/main.py
[2023-11-06T17:29:24.881+0000] {processor.py:841} WARNING - No viable dags retrieved from /opt/airflow/dags/modules/main.py
[2023-11-06T17:29:24.957+0000] {processor.py:179} INFO - Processing /opt/airflow/dags/modules/main.py took 1.075 seconds
[2023-11-06T17:29:55.470+0000] {processor.py:157} INFO - Started process (PID=1924) to work on /opt/airflow/dags/modules/main.py
[2023-11-06T17:29:55.472+0000] {processor.py:829} INFO - Processing file /opt/airflow/dags/modules/main.py for tasks to queue
[2023-11-06T17:29:55.476+0000] {logging_mixin.py:151} INFO - [2023-11-06T17:29:55.475+0000] {dagbag.py:536} INFO - Filling up the DagBag from /opt/airflow/dags/modules/main.py
[2023-11-06T17:29:56.120+0000] {processor.py:841} WARNING - No viable dags retrieved from /opt/airflow/dags/modules/main.py
[2023-11-06T17:29:56.139+0000] {processor.py:179} INFO - Processing /opt/airflow/dags/modules/main.py took 0.674 seconds
[2023-11-06T17:30:26.217+0000] {processor.py:157} INFO - Started process (PID=1986) to work on /opt/airflow/dags/modules/main.py
[2023-11-06T17:30:26.218+0000] {processor.py:829} INFO - Processing file /opt/airflow/dags/modules/main.py for tasks to queue
[2023-11-06T17:30:26.221+0000] {logging_mixin.py:151} INFO - [2023-11-06T17:30:26.220+0000] {dagbag.py:536} INFO - Filling up the DagBag from /opt/airflow/dags/modules/main.py
[2023-11-06T17:30:26.767+0000] {processor.py:841} WARNING - No viable dags retrieved from /opt/airflow/dags/modules/main.py
[2023-11-06T17:30:26.783+0000] {processor.py:179} INFO - Processing /opt/airflow/dags/modules/main.py took 0.572 seconds
[2023-11-06T17:31:01.051+0000] {processor.py:157} INFO - Started process (PID=2047) to work on /opt/airflow/dags/modules/main.py
[2023-11-06T17:31:01.075+0000] {processor.py:829} INFO - Processing file /opt/airflow/dags/modules/main.py for tasks to queue
[2023-11-06T17:31:01.079+0000] {logging_mixin.py:151} INFO - [2023-11-06T17:31:01.079+0000] {dagbag.py:536} INFO - Filling up the DagBag from /opt/airflow/dags/modules/main.py
[2023-11-06T17:31:02.340+0000] {processor.py:841} WARNING - No viable dags retrieved from /opt/airflow/dags/modules/main.py
[2023-11-06T17:31:02.367+0000] {processor.py:179} INFO - Processing /opt/airflow/dags/modules/main.py took 1.323 seconds
[2023-11-06T17:31:33.306+0000] {processor.py:157} INFO - Started process (PID=2109) to work on /opt/airflow/dags/modules/main.py
[2023-11-06T17:31:33.308+0000] {processor.py:829} INFO - Processing file /opt/airflow/dags/modules/main.py for tasks to queue
[2023-11-06T17:31:33.317+0000] {logging_mixin.py:151} INFO - [2023-11-06T17:31:33.316+0000] {dagbag.py:536} INFO - Filling up the DagBag from /opt/airflow/dags/modules/main.py
[2023-11-06T17:31:34.725+0000] {processor.py:841} WARNING - No viable dags retrieved from /opt/airflow/dags/modules/main.py
[2023-11-06T17:31:34.754+0000] {processor.py:179} INFO - Processing /opt/airflow/dags/modules/main.py took 1.457 seconds
[2023-11-06T17:32:04.846+0000] {processor.py:157} INFO - Started process (PID=2170) to work on /opt/airflow/dags/modules/main.py
[2023-11-06T17:32:04.848+0000] {processor.py:829} INFO - Processing file /opt/airflow/dags/modules/main.py for tasks to queue
[2023-11-06T17:32:04.852+0000] {logging_mixin.py:151} INFO - [2023-11-06T17:32:04.852+0000] {dagbag.py:536} INFO - Filling up the DagBag from /opt/airflow/dags/modules/main.py
[2023-11-06T17:32:05.584+0000] {processor.py:841} WARNING - No viable dags retrieved from /opt/airflow/dags/modules/main.py
[2023-11-06T17:32:05.599+0000] {processor.py:179} INFO - Processing /opt/airflow/dags/modules/main.py took 0.760 seconds
[2023-11-06T17:32:36.305+0000] {processor.py:157} INFO - Started process (PID=2233) to work on /opt/airflow/dags/modules/main.py
[2023-11-06T17:32:36.306+0000] {processor.py:829} INFO - Processing file /opt/airflow/dags/modules/main.py for tasks to queue
[2023-11-06T17:32:36.312+0000] {logging_mixin.py:151} INFO - [2023-11-06T17:32:36.311+0000] {dagbag.py:536} INFO - Filling up the DagBag from /opt/airflow/dags/modules/main.py
[2023-11-06T17:32:37.006+0000] {processor.py:841} WARNING - No viable dags retrieved from /opt/airflow/dags/modules/main.py
[2023-11-06T17:32:37.023+0000] {processor.py:179} INFO - Processing /opt/airflow/dags/modules/main.py took 0.724 seconds
[2023-11-06T17:33:07.399+0000] {processor.py:157} INFO - Started process (PID=2295) to work on /opt/airflow/dags/modules/main.py
[2023-11-06T17:33:07.401+0000] {processor.py:829} INFO - Processing file /opt/airflow/dags/modules/main.py for tasks to queue
[2023-11-06T17:33:07.404+0000] {logging_mixin.py:151} INFO - [2023-11-06T17:33:07.404+0000] {dagbag.py:536} INFO - Filling up the DagBag from /opt/airflow/dags/modules/main.py
[2023-11-06T17:33:07.994+0000] {processor.py:841} WARNING - No viable dags retrieved from /opt/airflow/dags/modules/main.py
[2023-11-06T17:33:08.013+0000] {processor.py:179} INFO - Processing /opt/airflow/dags/modules/main.py took 0.618 seconds
[2023-11-06T17:33:38.605+0000] {processor.py:157} INFO - Started process (PID=2358) to work on /opt/airflow/dags/modules/main.py
[2023-11-06T17:33:38.606+0000] {processor.py:829} INFO - Processing file /opt/airflow/dags/modules/main.py for tasks to queue
[2023-11-06T17:33:38.610+0000] {logging_mixin.py:151} INFO - [2023-11-06T17:33:38.609+0000] {dagbag.py:536} INFO - Filling up the DagBag from /opt/airflow/dags/modules/main.py
[2023-11-06T17:33:39.196+0000] {processor.py:841} WARNING - No viable dags retrieved from /opt/airflow/dags/modules/main.py
[2023-11-06T17:33:39.213+0000] {processor.py:179} INFO - Processing /opt/airflow/dags/modules/main.py took 0.613 seconds
[2023-11-06T17:34:09.283+0000] {processor.py:157} INFO - Started process (PID=2420) to work on /opt/airflow/dags/modules/main.py
[2023-11-06T17:34:09.285+0000] {processor.py:829} INFO - Processing file /opt/airflow/dags/modules/main.py for tasks to queue
[2023-11-06T17:34:09.288+0000] {logging_mixin.py:151} INFO - [2023-11-06T17:34:09.288+0000] {dagbag.py:536} INFO - Filling up the DagBag from /opt/airflow/dags/modules/main.py
[2023-11-06T17:34:10.514+0000] {processor.py:841} WARNING - No viable dags retrieved from /opt/airflow/dags/modules/main.py
[2023-11-06T17:34:10.532+0000] {processor.py:179} INFO - Processing /opt/airflow/dags/modules/main.py took 1.254 seconds
[2023-11-06T17:34:40.717+0000] {processor.py:157} INFO - Started process (PID=2482) to work on /opt/airflow/dags/modules/main.py
[2023-11-06T17:34:40.719+0000] {processor.py:829} INFO - Processing file /opt/airflow/dags/modules/main.py for tasks to queue
[2023-11-06T17:34:40.724+0000] {logging_mixin.py:151} INFO - [2023-11-06T17:34:40.723+0000] {dagbag.py:536} INFO - Filling up the DagBag from /opt/airflow/dags/modules/main.py
[2023-11-06T17:34:41.466+0000] {processor.py:841} WARNING - No viable dags retrieved from /opt/airflow/dags/modules/main.py
[2023-11-06T17:34:41.487+0000] {processor.py:179} INFO - Processing /opt/airflow/dags/modules/main.py took 0.775 seconds
[2023-11-06T17:35:11.933+0000] {processor.py:157} INFO - Started process (PID=2544) to work on /opt/airflow/dags/modules/main.py
[2023-11-06T17:35:11.934+0000] {processor.py:829} INFO - Processing file /opt/airflow/dags/modules/main.py for tasks to queue
[2023-11-06T17:35:11.937+0000] {logging_mixin.py:151} INFO - [2023-11-06T17:35:11.937+0000] {dagbag.py:536} INFO - Filling up the DagBag from /opt/airflow/dags/modules/main.py
[2023-11-06T17:35:12.692+0000] {processor.py:841} WARNING - No viable dags retrieved from /opt/airflow/dags/modules/main.py
[2023-11-06T17:35:12.736+0000] {processor.py:179} INFO - Processing /opt/airflow/dags/modules/main.py took 0.808 seconds
[2023-11-06T17:35:43.467+0000] {processor.py:157} INFO - Started process (PID=2606) to work on /opt/airflow/dags/modules/main.py
[2023-11-06T17:35:43.468+0000] {processor.py:829} INFO - Processing file /opt/airflow/dags/modules/main.py for tasks to queue
[2023-11-06T17:35:43.471+0000] {logging_mixin.py:151} INFO - [2023-11-06T17:35:43.471+0000] {dagbag.py:536} INFO - Filling up the DagBag from /opt/airflow/dags/modules/main.py
[2023-11-06T17:35:44.053+0000] {processor.py:841} WARNING - No viable dags retrieved from /opt/airflow/dags/modules/main.py
[2023-11-06T17:35:44.069+0000] {processor.py:179} INFO - Processing /opt/airflow/dags/modules/main.py took 0.606 seconds
[2023-11-06T17:36:14.410+0000] {processor.py:157} INFO - Started process (PID=2670) to work on /opt/airflow/dags/modules/main.py
[2023-11-06T17:36:14.412+0000] {processor.py:829} INFO - Processing file /opt/airflow/dags/modules/main.py for tasks to queue
[2023-11-06T17:36:14.415+0000] {logging_mixin.py:151} INFO - [2023-11-06T17:36:14.415+0000] {dagbag.py:536} INFO - Filling up the DagBag from /opt/airflow/dags/modules/main.py
[2023-11-06T17:36:15.175+0000] {processor.py:841} WARNING - No viable dags retrieved from /opt/airflow/dags/modules/main.py
[2023-11-06T17:36:15.189+0000] {processor.py:179} INFO - Processing /opt/airflow/dags/modules/main.py took 0.783 seconds
[2023-11-06T17:36:45.443+0000] {processor.py:157} INFO - Started process (PID=2733) to work on /opt/airflow/dags/modules/main.py
[2023-11-06T17:36:45.445+0000] {processor.py:829} INFO - Processing file /opt/airflow/dags/modules/main.py for tasks to queue
[2023-11-06T17:36:45.448+0000] {logging_mixin.py:151} INFO - [2023-11-06T17:36:45.447+0000] {dagbag.py:536} INFO - Filling up the DagBag from /opt/airflow/dags/modules/main.py
[2023-11-06T17:36:46.065+0000] {processor.py:841} WARNING - No viable dags retrieved from /opt/airflow/dags/modules/main.py
[2023-11-06T17:36:46.081+0000] {processor.py:179} INFO - Processing /opt/airflow/dags/modules/main.py took 0.644 seconds
[2023-11-06T17:37:16.404+0000] {processor.py:157} INFO - Started process (PID=2795) to work on /opt/airflow/dags/modules/main.py
[2023-11-06T17:37:16.405+0000] {processor.py:829} INFO - Processing file /opt/airflow/dags/modules/main.py for tasks to queue
[2023-11-06T17:37:16.409+0000] {logging_mixin.py:151} INFO - [2023-11-06T17:37:16.408+0000] {dagbag.py:536} INFO - Filling up the DagBag from /opt/airflow/dags/modules/main.py
[2023-11-06T17:37:17.021+0000] {processor.py:841} WARNING - No viable dags retrieved from /opt/airflow/dags/modules/main.py
[2023-11-06T17:37:17.037+0000] {processor.py:179} INFO - Processing /opt/airflow/dags/modules/main.py took 0.638 seconds
[2023-11-06T17:37:47.095+0000] {processor.py:157} INFO - Started process (PID=2857) to work on /opt/airflow/dags/modules/main.py
[2023-11-06T17:37:47.097+0000] {processor.py:829} INFO - Processing file /opt/airflow/dags/modules/main.py for tasks to queue
[2023-11-06T17:37:47.103+0000] {logging_mixin.py:151} INFO - [2023-11-06T17:37:47.102+0000] {dagbag.py:536} INFO - Filling up the DagBag from /opt/airflow/dags/modules/main.py
[2023-11-06T17:37:47.626+0000] {processor.py:841} WARNING - No viable dags retrieved from /opt/airflow/dags/modules/main.py
[2023-11-06T17:37:47.644+0000] {processor.py:179} INFO - Processing /opt/airflow/dags/modules/main.py took 0.554 seconds
[2023-11-06T17:38:17.819+0000] {processor.py:157} INFO - Started process (PID=2919) to work on /opt/airflow/dags/modules/main.py
[2023-11-06T17:38:17.820+0000] {processor.py:829} INFO - Processing file /opt/airflow/dags/modules/main.py for tasks to queue
[2023-11-06T17:38:17.823+0000] {logging_mixin.py:151} INFO - [2023-11-06T17:38:17.823+0000] {dagbag.py:536} INFO - Filling up the DagBag from /opt/airflow/dags/modules/main.py
[2023-11-06T17:38:18.240+0000] {processor.py:841} WARNING - No viable dags retrieved from /opt/airflow/dags/modules/main.py
[2023-11-06T17:38:18.256+0000] {processor.py:179} INFO - Processing /opt/airflow/dags/modules/main.py took 0.442 seconds
[2023-11-06T17:38:48.375+0000] {processor.py:157} INFO - Started process (PID=2980) to work on /opt/airflow/dags/modules/main.py
[2023-11-06T17:38:48.377+0000] {processor.py:829} INFO - Processing file /opt/airflow/dags/modules/main.py for tasks to queue
[2023-11-06T17:38:48.382+0000] {logging_mixin.py:151} INFO - [2023-11-06T17:38:48.381+0000] {dagbag.py:536} INFO - Filling up the DagBag from /opt/airflow/dags/modules/main.py
[2023-11-06T17:38:48.926+0000] {processor.py:841} WARNING - No viable dags retrieved from /opt/airflow/dags/modules/main.py
[2023-11-06T17:38:48.945+0000] {processor.py:179} INFO - Processing /opt/airflow/dags/modules/main.py took 0.577 seconds
[2023-11-06T17:41:40.390+0000] {processor.py:157} INFO - Started process (PID=34) to work on /opt/airflow/dags/modules/main.py
[2023-11-06T17:41:40.392+0000] {processor.py:829} INFO - Processing file /opt/airflow/dags/modules/main.py for tasks to queue
[2023-11-06T17:41:40.397+0000] {logging_mixin.py:151} INFO - [2023-11-06T17:41:40.397+0000] {dagbag.py:536} INFO - Filling up the DagBag from /opt/airflow/dags/modules/main.py
[2023-11-06T17:41:41.916+0000] {processor.py:841} WARNING - No viable dags retrieved from /opt/airflow/dags/modules/main.py
[2023-11-06T17:41:41.953+0000] {processor.py:179} INFO - Processing /opt/airflow/dags/modules/main.py took 1.573 seconds
[2023-11-06T17:42:16.821+0000] {processor.py:157} INFO - Started process (PID=96) to work on /opt/airflow/dags/modules/main.py
[2023-11-06T17:42:16.823+0000] {processor.py:829} INFO - Processing file /opt/airflow/dags/modules/main.py for tasks to queue
[2023-11-06T17:42:16.827+0000] {logging_mixin.py:151} INFO - [2023-11-06T17:42:16.826+0000] {dagbag.py:536} INFO - Filling up the DagBag from /opt/airflow/dags/modules/main.py
[2023-11-06T17:42:17.503+0000] {processor.py:841} WARNING - No viable dags retrieved from /opt/airflow/dags/modules/main.py
[2023-11-06T17:42:17.521+0000] {processor.py:179} INFO - Processing /opt/airflow/dags/modules/main.py took 0.706 seconds
[2023-11-06T17:42:48.129+0000] {processor.py:157} INFO - Started process (PID=157) to work on /opt/airflow/dags/modules/main.py
[2023-11-06T17:42:48.132+0000] {processor.py:829} INFO - Processing file /opt/airflow/dags/modules/main.py for tasks to queue
[2023-11-06T17:42:48.145+0000] {logging_mixin.py:151} INFO - [2023-11-06T17:42:48.145+0000] {dagbag.py:536} INFO - Filling up the DagBag from /opt/airflow/dags/modules/main.py
[2023-11-06T17:42:48.905+0000] {processor.py:841} WARNING - No viable dags retrieved from /opt/airflow/dags/modules/main.py
[2023-11-06T17:42:48.926+0000] {processor.py:179} INFO - Processing /opt/airflow/dags/modules/main.py took 0.815 seconds
[2023-11-06T17:43:19.830+0000] {processor.py:157} INFO - Started process (PID=220) to work on /opt/airflow/dags/modules/main.py
[2023-11-06T17:43:19.833+0000] {processor.py:829} INFO - Processing file /opt/airflow/dags/modules/main.py for tasks to queue
[2023-11-06T17:43:19.838+0000] {logging_mixin.py:151} INFO - [2023-11-06T17:43:19.837+0000] {dagbag.py:536} INFO - Filling up the DagBag from /opt/airflow/dags/modules/main.py
[2023-11-06T17:43:20.599+0000] {processor.py:841} WARNING - No viable dags retrieved from /opt/airflow/dags/modules/main.py
[2023-11-06T17:43:20.616+0000] {processor.py:179} INFO - Processing /opt/airflow/dags/modules/main.py took 0.792 seconds
[2023-11-06T17:43:51.129+0000] {processor.py:157} INFO - Started process (PID=282) to work on /opt/airflow/dags/modules/main.py
[2023-11-06T17:43:51.131+0000] {processor.py:829} INFO - Processing file /opt/airflow/dags/modules/main.py for tasks to queue
[2023-11-06T17:43:51.138+0000] {logging_mixin.py:151} INFO - [2023-11-06T17:43:51.137+0000] {dagbag.py:536} INFO - Filling up the DagBag from /opt/airflow/dags/modules/main.py
[2023-11-06T17:43:51.920+0000] {processor.py:841} WARNING - No viable dags retrieved from /opt/airflow/dags/modules/main.py
[2023-11-06T17:43:51.938+0000] {processor.py:179} INFO - Processing /opt/airflow/dags/modules/main.py took 0.815 seconds
[2023-11-06T17:44:22.266+0000] {processor.py:157} INFO - Started process (PID=343) to work on /opt/airflow/dags/modules/main.py
[2023-11-06T17:44:22.268+0000] {processor.py:829} INFO - Processing file /opt/airflow/dags/modules/main.py for tasks to queue
[2023-11-06T17:44:22.280+0000] {logging_mixin.py:151} INFO - [2023-11-06T17:44:22.279+0000] {dagbag.py:536} INFO - Filling up the DagBag from /opt/airflow/dags/modules/main.py
[2023-11-06T17:44:24.628+0000] {processor.py:841} WARNING - No viable dags retrieved from /opt/airflow/dags/modules/main.py
[2023-11-06T17:44:24.663+0000] {processor.py:179} INFO - Processing /opt/airflow/dags/modules/main.py took 2.408 seconds
[2023-11-06T17:44:55.481+0000] {processor.py:157} INFO - Started process (PID=404) to work on /opt/airflow/dags/modules/main.py
[2023-11-06T17:44:55.484+0000] {processor.py:829} INFO - Processing file /opt/airflow/dags/modules/main.py for tasks to queue
[2023-11-06T17:44:55.489+0000] {logging_mixin.py:151} INFO - [2023-11-06T17:44:55.489+0000] {dagbag.py:536} INFO - Filling up the DagBag from /opt/airflow/dags/modules/main.py
[2023-11-06T17:44:57.651+0000] {processor.py:841} WARNING - No viable dags retrieved from /opt/airflow/dags/modules/main.py
[2023-11-06T17:44:58.081+0000] {processor.py:179} INFO - Processing /opt/airflow/dags/modules/main.py took 2.608 seconds
[2023-11-06T17:45:30.146+0000] {processor.py:157} INFO - Started process (PID=464) to work on /opt/airflow/dags/modules/main.py
[2023-11-06T17:45:30.257+0000] {processor.py:829} INFO - Processing file /opt/airflow/dags/modules/main.py for tasks to queue
[2023-11-06T17:45:30.262+0000] {logging_mixin.py:151} INFO - [2023-11-06T17:45:30.261+0000] {dagbag.py:536} INFO - Filling up the DagBag from /opt/airflow/dags/modules/main.py
[2023-11-06T17:45:31.326+0000] {processor.py:841} WARNING - No viable dags retrieved from /opt/airflow/dags/modules/main.py
[2023-11-06T17:45:31.369+0000] {processor.py:179} INFO - Processing /opt/airflow/dags/modules/main.py took 1.231 seconds
[2023-11-06T17:46:01.591+0000] {processor.py:157} INFO - Started process (PID=525) to work on /opt/airflow/dags/modules/main.py
[2023-11-06T17:46:01.592+0000] {processor.py:829} INFO - Processing file /opt/airflow/dags/modules/main.py for tasks to queue
[2023-11-06T17:46:01.595+0000] {logging_mixin.py:151} INFO - [2023-11-06T17:46:01.595+0000] {dagbag.py:536} INFO - Filling up the DagBag from /opt/airflow/dags/modules/main.py
[2023-11-06T17:46:02.284+0000] {processor.py:841} WARNING - No viable dags retrieved from /opt/airflow/dags/modules/main.py
[2023-11-06T17:46:02.305+0000] {processor.py:179} INFO - Processing /opt/airflow/dags/modules/main.py took 0.719 seconds
[2023-11-06T17:46:35.551+0000] {processor.py:157} INFO - Started process (PID=578) to work on /opt/airflow/dags/modules/main.py
[2023-11-06T17:46:35.554+0000] {processor.py:829} INFO - Processing file /opt/airflow/dags/modules/main.py for tasks to queue
[2023-11-06T17:46:35.558+0000] {logging_mixin.py:151} INFO - [2023-11-06T17:46:35.557+0000] {dagbag.py:536} INFO - Filling up the DagBag from /opt/airflow/dags/modules/main.py
[2023-11-06T17:46:37.594+0000] {processor.py:841} WARNING - No viable dags retrieved from /opt/airflow/dags/modules/main.py
[2023-11-06T17:46:38.145+0000] {processor.py:179} INFO - Processing /opt/airflow/dags/modules/main.py took 2.603 seconds
[2023-11-06T17:47:13.294+0000] {processor.py:157} INFO - Started process (PID=640) to work on /opt/airflow/dags/modules/main.py
[2023-11-06T17:47:13.295+0000] {processor.py:829} INFO - Processing file /opt/airflow/dags/modules/main.py for tasks to queue
[2023-11-06T17:47:13.308+0000] {logging_mixin.py:151} INFO - [2023-11-06T17:47:13.307+0000] {dagbag.py:536} INFO - Filling up the DagBag from /opt/airflow/dags/modules/main.py
[2023-11-06T17:47:14.421+0000] {processor.py:841} WARNING - No viable dags retrieved from /opt/airflow/dags/modules/main.py
[2023-11-06T17:47:14.446+0000] {processor.py:179} INFO - Processing /opt/airflow/dags/modules/main.py took 1.159 seconds
[2023-11-06T17:47:49.260+0000] {processor.py:157} INFO - Started process (PID=673) to work on /opt/airflow/dags/modules/main.py
[2023-11-06T17:47:49.262+0000] {processor.py:829} INFO - Processing file /opt/airflow/dags/modules/main.py for tasks to queue
[2023-11-06T17:47:49.266+0000] {logging_mixin.py:151} INFO - [2023-11-06T17:47:49.265+0000] {dagbag.py:536} INFO - Filling up the DagBag from /opt/airflow/dags/modules/main.py
[2023-11-06T17:47:49.837+0000] {processor.py:841} WARNING - No viable dags retrieved from /opt/airflow/dags/modules/main.py
[2023-11-06T17:47:49.863+0000] {processor.py:179} INFO - Processing /opt/airflow/dags/modules/main.py took 0.607 seconds
[2023-11-06T17:48:21.139+0000] {processor.py:157} INFO - Started process (PID=735) to work on /opt/airflow/dags/modules/main.py
[2023-11-06T17:48:21.141+0000] {processor.py:829} INFO - Processing file /opt/airflow/dags/modules/main.py for tasks to queue
[2023-11-06T17:48:21.144+0000] {logging_mixin.py:151} INFO - [2023-11-06T17:48:21.144+0000] {dagbag.py:536} INFO - Filling up the DagBag from /opt/airflow/dags/modules/main.py
[2023-11-06T17:48:22.349+0000] {processor.py:841} WARNING - No viable dags retrieved from /opt/airflow/dags/modules/main.py
[2023-11-06T17:48:22.388+0000] {processor.py:179} INFO - Processing /opt/airflow/dags/modules/main.py took 1.256 seconds
[2023-11-06T17:48:52.531+0000] {processor.py:157} INFO - Started process (PID=797) to work on /opt/airflow/dags/modules/main.py
[2023-11-06T17:48:52.533+0000] {processor.py:829} INFO - Processing file /opt/airflow/dags/modules/main.py for tasks to queue
[2023-11-06T17:48:52.538+0000] {logging_mixin.py:151} INFO - [2023-11-06T17:48:52.538+0000] {dagbag.py:536} INFO - Filling up the DagBag from /opt/airflow/dags/modules/main.py
[2023-11-06T17:48:53.446+0000] {processor.py:841} WARNING - No viable dags retrieved from /opt/airflow/dags/modules/main.py
[2023-11-06T17:48:53.467+0000] {processor.py:179} INFO - Processing /opt/airflow/dags/modules/main.py took 0.942 seconds
[2023-11-06T17:49:23.873+0000] {processor.py:157} INFO - Started process (PID=858) to work on /opt/airflow/dags/modules/main.py
[2023-11-06T17:49:23.876+0000] {processor.py:829} INFO - Processing file /opt/airflow/dags/modules/main.py for tasks to queue
[2023-11-06T17:49:23.880+0000] {logging_mixin.py:151} INFO - [2023-11-06T17:49:23.880+0000] {dagbag.py:536} INFO - Filling up the DagBag from /opt/airflow/dags/modules/main.py
[2023-11-06T17:49:24.799+0000] {processor.py:841} WARNING - No viable dags retrieved from /opt/airflow/dags/modules/main.py
[2023-11-06T17:49:24.823+0000] {processor.py:179} INFO - Processing /opt/airflow/dags/modules/main.py took 0.955 seconds
[2023-11-06T17:49:55.710+0000] {processor.py:157} INFO - Started process (PID=920) to work on /opt/airflow/dags/modules/main.py
[2023-11-06T17:49:55.713+0000] {processor.py:829} INFO - Processing file /opt/airflow/dags/modules/main.py for tasks to queue
[2023-11-06T17:49:55.716+0000] {logging_mixin.py:151} INFO - [2023-11-06T17:49:55.716+0000] {dagbag.py:536} INFO - Filling up the DagBag from /opt/airflow/dags/modules/main.py
[2023-11-06T17:49:56.391+0000] {processor.py:841} WARNING - No viable dags retrieved from /opt/airflow/dags/modules/main.py
[2023-11-06T17:49:56.407+0000] {processor.py:179} INFO - Processing /opt/airflow/dags/modules/main.py took 0.703 seconds
[2023-11-06T17:50:27.402+0000] {processor.py:157} INFO - Started process (PID=983) to work on /opt/airflow/dags/modules/main.py
[2023-11-06T17:50:27.404+0000] {processor.py:829} INFO - Processing file /opt/airflow/dags/modules/main.py for tasks to queue
[2023-11-06T17:50:27.414+0000] {logging_mixin.py:151} INFO - [2023-11-06T17:50:27.411+0000] {dagbag.py:536} INFO - Filling up the DagBag from /opt/airflow/dags/modules/main.py
[2023-11-06T17:50:28.959+0000] {processor.py:841} WARNING - No viable dags retrieved from /opt/airflow/dags/modules/main.py
[2023-11-06T17:50:29.062+0000] {processor.py:179} INFO - Processing /opt/airflow/dags/modules/main.py took 1.667 seconds
[2023-11-06T17:50:59.720+0000] {processor.py:157} INFO - Started process (PID=1045) to work on /opt/airflow/dags/modules/main.py
[2023-11-06T17:50:59.724+0000] {processor.py:829} INFO - Processing file /opt/airflow/dags/modules/main.py for tasks to queue
[2023-11-06T17:50:59.729+0000] {logging_mixin.py:151} INFO - [2023-11-06T17:50:59.728+0000] {dagbag.py:536} INFO - Filling up the DagBag from /opt/airflow/dags/modules/main.py
[2023-11-06T17:51:00.646+0000] {processor.py:841} WARNING - No viable dags retrieved from /opt/airflow/dags/modules/main.py
[2023-11-06T17:51:00.784+0000] {processor.py:179} INFO - Processing /opt/airflow/dags/modules/main.py took 1.072 seconds
[2023-11-06T17:51:31.501+0000] {processor.py:157} INFO - Started process (PID=1107) to work on /opt/airflow/dags/modules/main.py
[2023-11-06T17:51:31.515+0000] {processor.py:829} INFO - Processing file /opt/airflow/dags/modules/main.py for tasks to queue
[2023-11-06T17:51:31.519+0000] {logging_mixin.py:151} INFO - [2023-11-06T17:51:31.518+0000] {dagbag.py:536} INFO - Filling up the DagBag from /opt/airflow/dags/modules/main.py
[2023-11-06T17:51:32.978+0000] {processor.py:841} WARNING - No viable dags retrieved from /opt/airflow/dags/modules/main.py
[2023-11-06T17:51:32.996+0000] {processor.py:179} INFO - Processing /opt/airflow/dags/modules/main.py took 1.511 seconds
[2023-11-06T17:52:15.004+0000] {processor.py:157} INFO - Started process (PID=1174) to work on /opt/airflow/dags/modules/main.py
[2023-11-06T17:52:15.006+0000] {processor.py:829} INFO - Processing file /opt/airflow/dags/modules/main.py for tasks to queue
[2023-11-06T17:52:15.011+0000] {logging_mixin.py:151} INFO - [2023-11-06T17:52:15.010+0000] {dagbag.py:536} INFO - Filling up the DagBag from /opt/airflow/dags/modules/main.py
[2023-11-06T17:52:18.312+0000] {processor.py:841} WARNING - No viable dags retrieved from /opt/airflow/dags/modules/main.py
[2023-11-06T17:52:18.764+0000] {processor.py:179} INFO - Processing /opt/airflow/dags/modules/main.py took 3.810 seconds
[2023-11-06T17:56:48.642+0000] {processor.py:157} INFO - Started process (PID=1251) to work on /opt/airflow/dags/modules/main.py
[2023-11-06T17:56:49.342+0000] {processor.py:829} INFO - Processing file /opt/airflow/dags/modules/main.py for tasks to queue
[2023-11-06T17:56:50.184+0000] {logging_mixin.py:151} INFO - [2023-11-06T17:56:50.184+0000] {dagbag.py:536} INFO - Filling up the DagBag from /opt/airflow/dags/modules/main.py
[2023-11-06T18:03:52.558+0000] {processor.py:157} INFO - Started process (PID=39) to work on /opt/airflow/dags/modules/main.py
[2023-11-06T18:03:52.560+0000] {processor.py:829} INFO - Processing file /opt/airflow/dags/modules/main.py for tasks to queue
[2023-11-06T18:03:52.578+0000] {logging_mixin.py:151} INFO - [2023-11-06T18:03:52.577+0000] {dagbag.py:536} INFO - Filling up the DagBag from /opt/airflow/dags/modules/main.py
[2023-11-06T18:03:55.424+0000] {processor.py:841} WARNING - No viable dags retrieved from /opt/airflow/dags/modules/main.py
[2023-11-06T18:03:55.440+0000] {processor.py:179} INFO - Processing /opt/airflow/dags/modules/main.py took 2.888 seconds
[2023-11-06T18:04:25.781+0000] {processor.py:157} INFO - Started process (PID=99) to work on /opt/airflow/dags/modules/main.py
[2023-11-06T18:04:25.782+0000] {processor.py:829} INFO - Processing file /opt/airflow/dags/modules/main.py for tasks to queue
[2023-11-06T18:04:25.785+0000] {logging_mixin.py:151} INFO - [2023-11-06T18:04:25.785+0000] {dagbag.py:536} INFO - Filling up the DagBag from /opt/airflow/dags/modules/main.py
[2023-11-06T18:04:26.356+0000] {processor.py:841} WARNING - No viable dags retrieved from /opt/airflow/dags/modules/main.py
[2023-11-06T18:04:26.406+0000] {processor.py:179} INFO - Processing /opt/airflow/dags/modules/main.py took 0.629 seconds
[2023-11-06T18:04:56.780+0000] {processor.py:157} INFO - Started process (PID=160) to work on /opt/airflow/dags/modules/main.py
[2023-11-06T18:04:56.781+0000] {processor.py:829} INFO - Processing file /opt/airflow/dags/modules/main.py for tasks to queue
[2023-11-06T18:04:56.784+0000] {logging_mixin.py:151} INFO - [2023-11-06T18:04:56.783+0000] {dagbag.py:536} INFO - Filling up the DagBag from /opt/airflow/dags/modules/main.py
[2023-11-06T18:04:57.406+0000] {processor.py:841} WARNING - No viable dags retrieved from /opt/airflow/dags/modules/main.py
[2023-11-06T18:04:57.429+0000] {processor.py:179} INFO - Processing /opt/airflow/dags/modules/main.py took 0.654 seconds
[2023-11-06T18:05:28.408+0000] {processor.py:157} INFO - Started process (PID=222) to work on /opt/airflow/dags/modules/main.py
[2023-11-06T18:05:28.419+0000] {processor.py:829} INFO - Processing file /opt/airflow/dags/modules/main.py for tasks to queue
[2023-11-06T18:05:28.426+0000] {logging_mixin.py:151} INFO - [2023-11-06T18:05:28.425+0000] {dagbag.py:536} INFO - Filling up the DagBag from /opt/airflow/dags/modules/main.py
[2023-11-06T18:05:29.803+0000] {processor.py:841} WARNING - No viable dags retrieved from /opt/airflow/dags/modules/main.py
[2023-11-06T18:05:29.843+0000] {processor.py:179} INFO - Processing /opt/airflow/dags/modules/main.py took 1.441 seconds
[2023-11-06T18:07:51.963+0000] {processor.py:157} INFO - Started process (PID=34) to work on /opt/airflow/dags/modules/main.py
[2023-11-06T18:07:51.965+0000] {processor.py:829} INFO - Processing file /opt/airflow/dags/modules/main.py for tasks to queue
[2023-11-06T18:07:51.969+0000] {logging_mixin.py:151} INFO - [2023-11-06T18:07:51.968+0000] {dagbag.py:536} INFO - Filling up the DagBag from /opt/airflow/dags/modules/main.py
[2023-11-06T18:07:53.446+0000] {processor.py:841} WARNING - No viable dags retrieved from /opt/airflow/dags/modules/main.py
[2023-11-06T18:07:53.527+0000] {processor.py:179} INFO - Processing /opt/airflow/dags/modules/main.py took 1.569 seconds
[2023-11-06T18:08:23.727+0000] {processor.py:157} INFO - Started process (PID=96) to work on /opt/airflow/dags/modules/main.py
[2023-11-06T18:08:23.728+0000] {processor.py:829} INFO - Processing file /opt/airflow/dags/modules/main.py for tasks to queue
[2023-11-06T18:08:23.733+0000] {logging_mixin.py:151} INFO - [2023-11-06T18:08:23.732+0000] {dagbag.py:536} INFO - Filling up the DagBag from /opt/airflow/dags/modules/main.py
[2023-11-06T18:08:24.347+0000] {processor.py:841} WARNING - No viable dags retrieved from /opt/airflow/dags/modules/main.py
[2023-11-06T18:08:24.363+0000] {processor.py:179} INFO - Processing /opt/airflow/dags/modules/main.py took 0.647 seconds
[2023-11-06T18:08:55.751+0000] {processor.py:157} INFO - Started process (PID=158) to work on /opt/airflow/dags/modules/main.py
[2023-11-06T18:08:55.753+0000] {processor.py:829} INFO - Processing file /opt/airflow/dags/modules/main.py for tasks to queue
[2023-11-06T18:08:55.756+0000] {logging_mixin.py:151} INFO - [2023-11-06T18:08:55.756+0000] {dagbag.py:536} INFO - Filling up the DagBag from /opt/airflow/dags/modules/main.py
[2023-11-06T18:08:56.436+0000] {processor.py:841} WARNING - No viable dags retrieved from /opt/airflow/dags/modules/main.py
[2023-11-06T18:08:56.450+0000] {processor.py:179} INFO - Processing /opt/airflow/dags/modules/main.py took 0.711 seconds
[2023-11-06T18:09:29.569+0000] {processor.py:157} INFO - Started process (PID=220) to work on /opt/airflow/dags/modules/main.py
[2023-11-06T18:09:29.592+0000] {processor.py:829} INFO - Processing file /opt/airflow/dags/modules/main.py for tasks to queue
[2023-11-06T18:09:29.596+0000] {logging_mixin.py:151} INFO - [2023-11-06T18:09:29.595+0000] {dagbag.py:536} INFO - Filling up the DagBag from /opt/airflow/dags/modules/main.py
[2023-11-06T18:09:31.236+0000] {processor.py:841} WARNING - No viable dags retrieved from /opt/airflow/dags/modules/main.py
[2023-11-06T18:09:31.258+0000] {processor.py:179} INFO - Processing /opt/airflow/dags/modules/main.py took 1.694 seconds
[2023-11-06T18:10:01.794+0000] {processor.py:157} INFO - Started process (PID=282) to work on /opt/airflow/dags/modules/main.py
[2023-11-06T18:10:01.796+0000] {processor.py:829} INFO - Processing file /opt/airflow/dags/modules/main.py for tasks to queue
[2023-11-06T18:10:01.799+0000] {logging_mixin.py:151} INFO - [2023-11-06T18:10:01.799+0000] {dagbag.py:536} INFO - Filling up the DagBag from /opt/airflow/dags/modules/main.py
[2023-11-06T18:10:02.410+0000] {processor.py:841} WARNING - No viable dags retrieved from /opt/airflow/dags/modules/main.py
[2023-11-06T18:10:02.425+0000] {processor.py:179} INFO - Processing /opt/airflow/dags/modules/main.py took 0.637 seconds
[2023-11-06T18:10:32.586+0000] {processor.py:157} INFO - Started process (PID=345) to work on /opt/airflow/dags/modules/main.py
[2023-11-06T18:10:32.587+0000] {processor.py:829} INFO - Processing file /opt/airflow/dags/modules/main.py for tasks to queue
[2023-11-06T18:10:32.593+0000] {logging_mixin.py:151} INFO - [2023-11-06T18:10:32.592+0000] {dagbag.py:536} INFO - Filling up the DagBag from /opt/airflow/dags/modules/main.py
[2023-11-06T18:10:34.366+0000] {processor.py:841} WARNING - No viable dags retrieved from /opt/airflow/dags/modules/main.py
[2023-11-06T18:10:34.423+0000] {processor.py:179} INFO - Processing /opt/airflow/dags/modules/main.py took 1.841 seconds
[2023-11-06T18:11:04.998+0000] {processor.py:157} INFO - Started process (PID=407) to work on /opt/airflow/dags/modules/main.py
[2023-11-06T18:11:05.000+0000] {processor.py:829} INFO - Processing file /opt/airflow/dags/modules/main.py for tasks to queue
[2023-11-06T18:11:05.003+0000] {logging_mixin.py:151} INFO - [2023-11-06T18:11:05.003+0000] {dagbag.py:536} INFO - Filling up the DagBag from /opt/airflow/dags/modules/main.py
[2023-11-06T18:11:05.800+0000] {processor.py:841} WARNING - No viable dags retrieved from /opt/airflow/dags/modules/main.py
[2023-11-06T18:11:05.815+0000] {processor.py:179} INFO - Processing /opt/airflow/dags/modules/main.py took 0.821 seconds
[2023-11-06T18:11:35.956+0000] {processor.py:157} INFO - Started process (PID=467) to work on /opt/airflow/dags/modules/main.py
[2023-11-06T18:11:35.958+0000] {processor.py:829} INFO - Processing file /opt/airflow/dags/modules/main.py for tasks to queue
[2023-11-06T18:11:35.961+0000] {logging_mixin.py:151} INFO - [2023-11-06T18:11:35.961+0000] {dagbag.py:536} INFO - Filling up the DagBag from /opt/airflow/dags/modules/main.py
[2023-11-06T18:11:36.979+0000] {processor.py:841} WARNING - No viable dags retrieved from /opt/airflow/dags/modules/main.py
[2023-11-06T18:11:37.071+0000] {processor.py:179} INFO - Processing /opt/airflow/dags/modules/main.py took 1.122 seconds
[2023-11-06T18:12:07.496+0000] {processor.py:157} INFO - Started process (PID=529) to work on /opt/airflow/dags/modules/main.py
[2023-11-06T18:12:07.497+0000] {processor.py:829} INFO - Processing file /opt/airflow/dags/modules/main.py for tasks to queue
[2023-11-06T18:12:07.501+0000] {logging_mixin.py:151} INFO - [2023-11-06T18:12:07.501+0000] {dagbag.py:536} INFO - Filling up the DagBag from /opt/airflow/dags/modules/main.py
[2023-11-06T18:12:08.058+0000] {processor.py:841} WARNING - No viable dags retrieved from /opt/airflow/dags/modules/main.py
[2023-11-06T18:12:08.075+0000] {processor.py:179} INFO - Processing /opt/airflow/dags/modules/main.py took 0.586 seconds
[2023-11-06T18:12:40.443+0000] {processor.py:157} INFO - Started process (PID=590) to work on /opt/airflow/dags/modules/main.py
[2023-11-06T18:12:40.445+0000] {processor.py:829} INFO - Processing file /opt/airflow/dags/modules/main.py for tasks to queue
[2023-11-06T18:12:40.451+0000] {logging_mixin.py:151} INFO - [2023-11-06T18:12:40.450+0000] {dagbag.py:536} INFO - Filling up the DagBag from /opt/airflow/dags/modules/main.py
[2023-11-06T18:12:50.381+0000] {processor.py:841} WARNING - No viable dags retrieved from /opt/airflow/dags/modules/main.py
[2023-11-06T18:12:50.549+0000] {processor.py:179} INFO - Processing /opt/airflow/dags/modules/main.py took 10.149 seconds
[2023-11-06T18:13:35.472+0000] {processor.py:157} INFO - Started process (PID=659) to work on /opt/airflow/dags/modules/main.py
[2023-11-06T18:13:35.474+0000] {processor.py:829} INFO - Processing file /opt/airflow/dags/modules/main.py for tasks to queue
[2023-11-06T18:13:35.478+0000] {logging_mixin.py:151} INFO - [2023-11-06T18:13:35.477+0000] {dagbag.py:536} INFO - Filling up the DagBag from /opt/airflow/dags/modules/main.py
[2023-11-06T18:13:36.526+0000] {processor.py:841} WARNING - No viable dags retrieved from /opt/airflow/dags/modules/main.py
[2023-11-06T18:13:36.545+0000] {processor.py:179} INFO - Processing /opt/airflow/dags/modules/main.py took 1.080 seconds
[2023-11-06T18:14:06.716+0000] {processor.py:157} INFO - Started process (PID=721) to work on /opt/airflow/dags/modules/main.py
[2023-11-06T18:14:06.718+0000] {processor.py:829} INFO - Processing file /opt/airflow/dags/modules/main.py for tasks to queue
[2023-11-06T18:14:06.721+0000] {logging_mixin.py:151} INFO - [2023-11-06T18:14:06.721+0000] {dagbag.py:536} INFO - Filling up the DagBag from /opt/airflow/dags/modules/main.py
[2023-11-06T18:14:07.428+0000] {processor.py:841} WARNING - No viable dags retrieved from /opt/airflow/dags/modules/main.py
[2023-11-06T18:14:07.464+0000] {processor.py:179} INFO - Processing /opt/airflow/dags/modules/main.py took 0.756 seconds
[2023-11-06T18:14:37.578+0000] {processor.py:157} INFO - Started process (PID=783) to work on /opt/airflow/dags/modules/main.py
[2023-11-06T18:14:37.579+0000] {processor.py:829} INFO - Processing file /opt/airflow/dags/modules/main.py for tasks to queue
[2023-11-06T18:14:37.582+0000] {logging_mixin.py:151} INFO - [2023-11-06T18:14:37.582+0000] {dagbag.py:536} INFO - Filling up the DagBag from /opt/airflow/dags/modules/main.py
[2023-11-06T18:14:38.112+0000] {processor.py:841} WARNING - No viable dags retrieved from /opt/airflow/dags/modules/main.py
[2023-11-06T18:14:38.126+0000] {processor.py:179} INFO - Processing /opt/airflow/dags/modules/main.py took 0.553 seconds
[2023-11-06T18:15:08.378+0000] {processor.py:157} INFO - Started process (PID=846) to work on /opt/airflow/dags/modules/main.py
[2023-11-06T18:15:08.380+0000] {processor.py:829} INFO - Processing file /opt/airflow/dags/modules/main.py for tasks to queue
[2023-11-06T18:15:08.385+0000] {logging_mixin.py:151} INFO - [2023-11-06T18:15:08.385+0000] {dagbag.py:536} INFO - Filling up the DagBag from /opt/airflow/dags/modules/main.py
[2023-11-06T18:15:09.457+0000] {processor.py:841} WARNING - No viable dags retrieved from /opt/airflow/dags/modules/main.py
[2023-11-06T18:15:09.476+0000] {processor.py:179} INFO - Processing /opt/airflow/dags/modules/main.py took 1.103 seconds
[2023-11-06T18:15:39.735+0000] {processor.py:157} INFO - Started process (PID=909) to work on /opt/airflow/dags/modules/main.py
[2023-11-06T18:15:39.737+0000] {processor.py:829} INFO - Processing file /opt/airflow/dags/modules/main.py for tasks to queue
[2023-11-06T18:15:39.741+0000] {logging_mixin.py:151} INFO - [2023-11-06T18:15:39.741+0000] {dagbag.py:536} INFO - Filling up the DagBag from /opt/airflow/dags/modules/main.py
[2023-11-06T18:15:40.322+0000] {processor.py:841} WARNING - No viable dags retrieved from /opt/airflow/dags/modules/main.py
[2023-11-06T18:15:40.337+0000] {processor.py:179} INFO - Processing /opt/airflow/dags/modules/main.py took 0.608 seconds
[2023-11-06T18:16:10.988+0000] {processor.py:157} INFO - Started process (PID=973) to work on /opt/airflow/dags/modules/main.py
[2023-11-06T18:16:10.989+0000] {processor.py:829} INFO - Processing file /opt/airflow/dags/modules/main.py for tasks to queue
[2023-11-06T18:16:10.993+0000] {logging_mixin.py:151} INFO - [2023-11-06T18:16:10.992+0000] {dagbag.py:536} INFO - Filling up the DagBag from /opt/airflow/dags/modules/main.py
[2023-11-06T18:16:11.838+0000] {processor.py:841} WARNING - No viable dags retrieved from /opt/airflow/dags/modules/main.py
[2023-11-06T18:16:11.852+0000] {processor.py:179} INFO - Processing /opt/airflow/dags/modules/main.py took 0.871 seconds
[2023-11-06T18:16:42.145+0000] {processor.py:157} INFO - Started process (PID=1035) to work on /opt/airflow/dags/modules/main.py
[2023-11-06T18:16:42.146+0000] {processor.py:829} INFO - Processing file /opt/airflow/dags/modules/main.py for tasks to queue
[2023-11-06T18:16:42.150+0000] {logging_mixin.py:151} INFO - [2023-11-06T18:16:42.150+0000] {dagbag.py:536} INFO - Filling up the DagBag from /opt/airflow/dags/modules/main.py
[2023-11-06T18:16:42.878+0000] {processor.py:841} WARNING - No viable dags retrieved from /opt/airflow/dags/modules/main.py
[2023-11-06T18:16:42.899+0000] {processor.py:179} INFO - Processing /opt/airflow/dags/modules/main.py took 0.760 seconds
[2023-11-06T18:17:14.800+0000] {processor.py:157} INFO - Started process (PID=1099) to work on /opt/airflow/dags/modules/main.py
[2023-11-06T18:17:14.845+0000] {processor.py:829} INFO - Processing file /opt/airflow/dags/modules/main.py for tasks to queue
[2023-11-06T18:17:14.939+0000] {logging_mixin.py:151} INFO - [2023-11-06T18:17:14.939+0000] {dagbag.py:536} INFO - Filling up the DagBag from /opt/airflow/dags/modules/main.py
[2023-11-06T18:17:20.147+0000] {processor.py:841} WARNING - No viable dags retrieved from /opt/airflow/dags/modules/main.py
[2023-11-06T18:17:20.185+0000] {processor.py:179} INFO - Processing /opt/airflow/dags/modules/main.py took 5.388 seconds
[2023-11-06T18:21:53.079+0000] {processor.py:157} INFO - Started process (PID=35) to work on /opt/airflow/dags/modules/main.py
[2023-11-06T18:21:53.091+0000] {processor.py:829} INFO - Processing file /opt/airflow/dags/modules/main.py for tasks to queue
[2023-11-06T18:21:53.096+0000] {logging_mixin.py:151} INFO - [2023-11-06T18:21:53.096+0000] {dagbag.py:536} INFO - Filling up the DagBag from /opt/airflow/dags/modules/main.py
[2023-11-06T18:21:54.266+0000] {processor.py:841} WARNING - No viable dags retrieved from /opt/airflow/dags/modules/main.py
[2023-11-06T18:21:54.285+0000] {processor.py:179} INFO - Processing /opt/airflow/dags/modules/main.py took 1.214 seconds
[2023-11-06T18:22:24.987+0000] {processor.py:157} INFO - Started process (PID=97) to work on /opt/airflow/dags/modules/main.py
[2023-11-06T18:22:24.989+0000] {processor.py:829} INFO - Processing file /opt/airflow/dags/modules/main.py for tasks to queue
[2023-11-06T18:22:24.992+0000] {logging_mixin.py:151} INFO - [2023-11-06T18:22:24.992+0000] {dagbag.py:536} INFO - Filling up the DagBag from /opt/airflow/dags/modules/main.py
[2023-11-06T18:22:25.676+0000] {processor.py:841} WARNING - No viable dags retrieved from /opt/airflow/dags/modules/main.py
[2023-11-06T18:22:25.691+0000] {processor.py:179} INFO - Processing /opt/airflow/dags/modules/main.py took 0.710 seconds
[2023-11-06T18:22:56.806+0000] {processor.py:157} INFO - Started process (PID=160) to work on /opt/airflow/dags/modules/main.py
[2023-11-06T18:22:56.808+0000] {processor.py:829} INFO - Processing file /opt/airflow/dags/modules/main.py for tasks to queue
[2023-11-06T18:22:56.810+0000] {logging_mixin.py:151} INFO - [2023-11-06T18:22:56.810+0000] {dagbag.py:536} INFO - Filling up the DagBag from /opt/airflow/dags/modules/main.py
[2023-11-06T18:22:57.499+0000] {processor.py:841} WARNING - No viable dags retrieved from /opt/airflow/dags/modules/main.py
[2023-11-06T18:22:57.514+0000] {processor.py:179} INFO - Processing /opt/airflow/dags/modules/main.py took 0.712 seconds
[2023-11-06T18:23:30.706+0000] {processor.py:157} INFO - Started process (PID=228) to work on /opt/airflow/dags/modules/main.py
[2023-11-06T18:23:30.712+0000] {processor.py:829} INFO - Processing file /opt/airflow/dags/modules/main.py for tasks to queue
[2023-11-06T18:23:30.716+0000] {logging_mixin.py:151} INFO - [2023-11-06T18:23:30.716+0000] {dagbag.py:536} INFO - Filling up the DagBag from /opt/airflow/dags/modules/main.py
[2023-11-06T18:23:31.865+0000] {processor.py:841} WARNING - No viable dags retrieved from /opt/airflow/dags/modules/main.py
[2023-11-06T18:23:31.882+0000] {processor.py:179} INFO - Processing /opt/airflow/dags/modules/main.py took 1.185 seconds
[2023-11-06T18:24:02.133+0000] {processor.py:157} INFO - Started process (PID=291) to work on /opt/airflow/dags/modules/main.py
[2023-11-06T18:24:02.135+0000] {processor.py:829} INFO - Processing file /opt/airflow/dags/modules/main.py for tasks to queue
[2023-11-06T18:24:02.138+0000] {logging_mixin.py:151} INFO - [2023-11-06T18:24:02.137+0000] {dagbag.py:536} INFO - Filling up the DagBag from /opt/airflow/dags/modules/main.py
[2023-11-06T18:24:02.700+0000] {processor.py:841} WARNING - No viable dags retrieved from /opt/airflow/dags/modules/main.py
[2023-11-06T18:24:02.714+0000] {processor.py:179} INFO - Processing /opt/airflow/dags/modules/main.py took 0.585 seconds
[2023-11-06T18:24:35.612+0000] {processor.py:157} INFO - Started process (PID=354) to work on /opt/airflow/dags/modules/main.py
[2023-11-06T18:24:35.615+0000] {processor.py:829} INFO - Processing file /opt/airflow/dags/modules/main.py for tasks to queue
[2023-11-06T18:24:35.620+0000] {logging_mixin.py:151} INFO - [2023-11-06T18:24:35.620+0000] {dagbag.py:536} INFO - Filling up the DagBag from /opt/airflow/dags/modules/main.py
[2023-11-06T18:24:36.697+0000] {processor.py:841} WARNING - No viable dags retrieved from /opt/airflow/dags/modules/main.py
[2023-11-06T18:24:36.713+0000] {processor.py:179} INFO - Processing /opt/airflow/dags/modules/main.py took 1.105 seconds
[2023-11-06T18:25:07.202+0000] {processor.py:157} INFO - Started process (PID=416) to work on /opt/airflow/dags/modules/main.py
[2023-11-06T18:25:07.247+0000] {processor.py:829} INFO - Processing file /opt/airflow/dags/modules/main.py for tasks to queue
[2023-11-06T18:25:07.259+0000] {logging_mixin.py:151} INFO - [2023-11-06T18:25:07.258+0000] {dagbag.py:536} INFO - Filling up the DagBag from /opt/airflow/dags/modules/main.py
[2023-11-06T18:25:08.717+0000] {processor.py:841} WARNING - No viable dags retrieved from /opt/airflow/dags/modules/main.py
[2023-11-06T18:25:08.752+0000] {processor.py:179} INFO - Processing /opt/airflow/dags/modules/main.py took 1.559 seconds
[2023-11-06T18:25:41.602+0000] {processor.py:157} INFO - Started process (PID=477) to work on /opt/airflow/dags/modules/main.py
[2023-11-06T18:25:41.604+0000] {processor.py:829} INFO - Processing file /opt/airflow/dags/modules/main.py for tasks to queue
[2023-11-06T18:25:41.615+0000] {logging_mixin.py:151} INFO - [2023-11-06T18:25:41.608+0000] {dagbag.py:536} INFO - Filling up the DagBag from /opt/airflow/dags/modules/main.py
[2023-11-06T18:25:45.986+0000] {processor.py:841} WARNING - No viable dags retrieved from /opt/airflow/dags/modules/main.py
[2023-11-06T18:25:46.304+0000] {processor.py:179} INFO - Processing /opt/airflow/dags/modules/main.py took 4.708 seconds
[2023-11-06T18:26:17.182+0000] {processor.py:157} INFO - Started process (PID=540) to work on /opt/airflow/dags/modules/main.py
[2023-11-06T18:26:17.183+0000] {processor.py:829} INFO - Processing file /opt/airflow/dags/modules/main.py for tasks to queue
[2023-11-06T18:26:17.187+0000] {logging_mixin.py:151} INFO - [2023-11-06T18:26:17.187+0000] {dagbag.py:536} INFO - Filling up the DagBag from /opt/airflow/dags/modules/main.py
[2023-11-06T18:26:17.957+0000] {processor.py:841} WARNING - No viable dags retrieved from /opt/airflow/dags/modules/main.py
[2023-11-06T18:26:17.975+0000] {processor.py:179} INFO - Processing /opt/airflow/dags/modules/main.py took 0.799 seconds
[2023-11-06T18:26:49.628+0000] {processor.py:157} INFO - Started process (PID=602) to work on /opt/airflow/dags/modules/main.py
[2023-11-06T18:26:49.629+0000] {processor.py:829} INFO - Processing file /opt/airflow/dags/modules/main.py for tasks to queue
[2023-11-06T18:26:49.632+0000] {logging_mixin.py:151} INFO - [2023-11-06T18:26:49.632+0000] {dagbag.py:536} INFO - Filling up the DagBag from /opt/airflow/dags/modules/main.py
[2023-11-06T18:26:50.325+0000] {processor.py:841} WARNING - No viable dags retrieved from /opt/airflow/dags/modules/main.py
[2023-11-06T18:26:50.343+0000] {processor.py:179} INFO - Processing /opt/airflow/dags/modules/main.py took 0.719 seconds
[2023-11-06T18:27:42.855+0000] {processor.py:157} INFO - Started process (PID=670) to work on /opt/airflow/dags/modules/main.py
[2023-11-06T18:27:42.856+0000] {processor.py:829} INFO - Processing file /opt/airflow/dags/modules/main.py for tasks to queue
[2023-11-06T18:27:42.911+0000] {logging_mixin.py:151} INFO - [2023-11-06T18:27:42.911+0000] {dagbag.py:536} INFO - Filling up the DagBag from /opt/airflow/dags/modules/main.py
[2023-11-06T18:28:18.160+0000] {logging_mixin.py:151} INFO - [2023-11-06T18:28:18.159+0000] {timeout.py:68} ERROR - Process timed out, PID: 670
[2023-11-06T18:28:18.195+0000] {logging_mixin.py:151} WARNING - Exception ignored in: <function WeakKeyDictionary.__init__.<locals>.remove at 0x7fe412dcb4c0>
[2023-11-06T18:28:18.195+0000] {logging_mixin.py:151} WARNING - Traceback (most recent call last):
[2023-11-06T18:28:18.196+0000] {logging_mixin.py:151} WARNING -   File "/usr/local/lib/python3.8/weakref.py", line 345, in remove
[2023-11-06T18:28:18.197+0000] {logging_mixin.py:151} WARNING -     def remove(k, selfref=ref(self)):
[2023-11-06T18:28:18.198+0000] {logging_mixin.py:151} WARNING -   File "/home/airflow/.local/lib/python3.8/site-packages/airflow/utils/timeout.py", line 69, in handle_timeout
[2023-11-06T18:28:18.199+0000] {logging_mixin.py:151} WARNING -     raise AirflowTaskTimeout(self.error_message)
[2023-11-06T18:28:18.199+0000] {logging_mixin.py:151} WARNING - airflow.exceptions.AirflowTaskTimeout: DagBag import timeout for /opt/airflow/dags/modules/main.py after 30.0s.
Please take a look at these docs to improve your DAG import time:
* https://airflow.apache.org/docs/apache-airflow/2.7.2/best-practices.html#top-level-python-code
* https://airflow.apache.org/docs/apache-airflow/2.7.2/best-practices.html#reducing-dag-complexity, PID: 670
[2023-11-06T18:29:39.792+0000] {processor.py:157} INFO - Started process (PID=744) to work on /opt/airflow/dags/modules/main.py
[2023-11-06T18:29:39.794+0000] {processor.py:829} INFO - Processing file /opt/airflow/dags/modules/main.py for tasks to queue
[2023-11-06T18:29:39.800+0000] {logging_mixin.py:151} INFO - [2023-11-06T18:29:39.799+0000] {dagbag.py:536} INFO - Filling up the DagBag from /opt/airflow/dags/modules/main.py
[2023-11-06T18:29:47.232+0000] {processor.py:841} WARNING - No viable dags retrieved from /opt/airflow/dags/modules/main.py
[2023-11-06T18:29:47.250+0000] {processor.py:179} INFO - Processing /opt/airflow/dags/modules/main.py took 7.464 seconds
[2023-11-06T18:30:18.141+0000] {processor.py:157} INFO - Started process (PID=807) to work on /opt/airflow/dags/modules/main.py
[2023-11-06T18:30:18.159+0000] {processor.py:829} INFO - Processing file /opt/airflow/dags/modules/main.py for tasks to queue
[2023-11-06T18:30:18.163+0000] {logging_mixin.py:151} INFO - [2023-11-06T18:30:18.162+0000] {dagbag.py:536} INFO - Filling up the DagBag from /opt/airflow/dags/modules/main.py
[2023-11-06T18:30:19.323+0000] {processor.py:841} WARNING - No viable dags retrieved from /opt/airflow/dags/modules/main.py
[2023-11-06T18:30:19.354+0000] {processor.py:179} INFO - Processing /opt/airflow/dags/modules/main.py took 1.231 seconds
[2023-11-06T18:31:15.939+0000] {processor.py:157} INFO - Started process (PID=875) to work on /opt/airflow/dags/modules/main.py
[2023-11-06T18:31:15.940+0000] {processor.py:829} INFO - Processing file /opt/airflow/dags/modules/main.py for tasks to queue
[2023-11-06T18:31:15.943+0000] {logging_mixin.py:151} INFO - [2023-11-06T18:31:15.943+0000] {dagbag.py:536} INFO - Filling up the DagBag from /opt/airflow/dags/modules/main.py
[2023-11-06T18:31:45.992+0000] {logging_mixin.py:151} INFO - [2023-11-06T18:31:45.991+0000] {timeout.py:68} ERROR - Process timed out, PID: 875
[2023-11-06T18:31:47.383+0000] {logging_mixin.py:151} INFO - [2023-11-06T18:31:45.995+0000] {dagbag.py:346} ERROR - Failed to import: /opt/airflow/dags/modules/main.py
Traceback (most recent call last):
  File "/home/airflow/.local/lib/python3.8/site-packages/airflow/models/dagbag.py", line 342, in parse
    loader.exec_module(new_module)
  File "<frozen importlib._bootstrap_external>", line 843, in exec_module
  File "<frozen importlib._bootstrap>", line 219, in _call_with_frames_removed
  File "/opt/airflow/dags/modules/main.py", line 2, in <module>
    import pandas as pd
  File "/home/airflow/.local/lib/python3.8/site-packages/pandas/__init__.py", line 141, in <module>
    from pandas.io.api import (
  File "/home/airflow/.local/lib/python3.8/site-packages/pandas/io/api.py", line 6, in <module>
    from pandas.io.excel import (
  File "/home/airflow/.local/lib/python3.8/site-packages/pandas/io/excel/__init__.py", line 1, in <module>
    from pandas.io.excel._base import (
  File "/home/airflow/.local/lib/python3.8/site-packages/pandas/io/excel/_base.py", line 74, in <module>
    from pandas.io.parsers import TextParser
  File "/home/airflow/.local/lib/python3.8/site-packages/pandas/io/parsers/__init__.py", line 1, in <module>
    from pandas.io.parsers.readers import (
  File "/home/airflow/.local/lib/python3.8/site-packages/pandas/io/parsers/readers.py", line 64, in <module>
    from pandas.io.parsers.arrow_parser_wrapper import ArrowParserWrapper
  File "/home/airflow/.local/lib/python3.8/site-packages/pandas/io/parsers/arrow_parser_wrapper.py", line 12, in <module>
    from pandas.io.parsers.base_parser import ParserBase
  File "<frozen importlib._bootstrap>", line 991, in _find_and_load
  File "<frozen importlib._bootstrap>", line 975, in _find_and_load_unlocked
  File "<frozen importlib._bootstrap>", line 671, in _load_unlocked
  File "<frozen importlib._bootstrap_external>", line 839, in exec_module
  File "<frozen importlib._bootstrap_external>", line 934, in get_code
  File "<frozen importlib._bootstrap_external>", line 1033, in get_data
  File "/home/airflow/.local/lib/python3.8/site-packages/airflow/utils/timeout.py", line 69, in handle_timeout
    raise AirflowTaskTimeout(self.error_message)
airflow.exceptions.AirflowTaskTimeout: DagBag import timeout for /opt/airflow/dags/modules/main.py after 30.0s.
Please take a look at these docs to improve your DAG import time:
* https://airflow.apache.org/docs/apache-airflow/2.7.2/best-practices.html#top-level-python-code
* https://airflow.apache.org/docs/apache-airflow/2.7.2/best-practices.html#reducing-dag-complexity, PID: 875
[2023-11-06T18:31:47.408+0000] {processor.py:841} WARNING - No viable dags retrieved from /opt/airflow/dags/modules/main.py
[2023-11-06T18:31:48.773+0000] {processor.py:179} INFO - Processing /opt/airflow/dags/modules/main.py took 32.899 seconds
[2023-11-06T18:32:24.100+0000] {processor.py:157} INFO - Started process (PID=950) to work on /opt/airflow/dags/modules/main.py
[2023-11-06T18:32:24.105+0000] {processor.py:829} INFO - Processing file /opt/airflow/dags/modules/main.py for tasks to queue
[2023-11-06T18:32:24.115+0000] {logging_mixin.py:151} INFO - [2023-11-06T18:32:24.115+0000] {dagbag.py:536} INFO - Filling up the DagBag from /opt/airflow/dags/modules/main.py
[2023-11-06T18:32:25.031+0000] {processor.py:841} WARNING - No viable dags retrieved from /opt/airflow/dags/modules/main.py
[2023-11-06T18:32:25.752+0000] {processor.py:179} INFO - Processing /opt/airflow/dags/modules/main.py took 1.658 seconds
[2023-11-06T18:32:56.054+0000] {processor.py:157} INFO - Started process (PID=1013) to work on /opt/airflow/dags/modules/main.py
[2023-11-06T18:32:56.055+0000] {processor.py:829} INFO - Processing file /opt/airflow/dags/modules/main.py for tasks to queue
[2023-11-06T18:32:56.059+0000] {logging_mixin.py:151} INFO - [2023-11-06T18:32:56.059+0000] {dagbag.py:536} INFO - Filling up the DagBag from /opt/airflow/dags/modules/main.py
[2023-11-06T18:32:56.668+0000] {processor.py:841} WARNING - No viable dags retrieved from /opt/airflow/dags/modules/main.py
[2023-11-06T18:32:56.683+0000] {processor.py:179} INFO - Processing /opt/airflow/dags/modules/main.py took 0.633 seconds
[2023-11-06T18:33:26.984+0000] {processor.py:157} INFO - Started process (PID=1075) to work on /opt/airflow/dags/modules/main.py
[2023-11-06T18:33:26.985+0000] {processor.py:829} INFO - Processing file /opt/airflow/dags/modules/main.py for tasks to queue
[2023-11-06T18:33:26.989+0000] {logging_mixin.py:151} INFO - [2023-11-06T18:33:26.988+0000] {dagbag.py:536} INFO - Filling up the DagBag from /opt/airflow/dags/modules/main.py
[2023-11-06T18:33:27.709+0000] {processor.py:841} WARNING - No viable dags retrieved from /opt/airflow/dags/modules/main.py
[2023-11-06T18:33:27.722+0000] {processor.py:179} INFO - Processing /opt/airflow/dags/modules/main.py took 0.743 seconds
[2023-11-06T18:33:57.965+0000] {processor.py:157} INFO - Started process (PID=1137) to work on /opt/airflow/dags/modules/main.py
[2023-11-06T18:33:57.966+0000] {processor.py:829} INFO - Processing file /opt/airflow/dags/modules/main.py for tasks to queue
[2023-11-06T18:33:57.969+0000] {logging_mixin.py:151} INFO - [2023-11-06T18:33:57.969+0000] {dagbag.py:536} INFO - Filling up the DagBag from /opt/airflow/dags/modules/main.py
[2023-11-06T18:33:58.520+0000] {processor.py:841} WARNING - No viable dags retrieved from /opt/airflow/dags/modules/main.py
[2023-11-06T18:33:58.537+0000] {processor.py:179} INFO - Processing /opt/airflow/dags/modules/main.py took 0.577 seconds
[2023-11-06T18:34:28.866+0000] {processor.py:157} INFO - Started process (PID=1199) to work on /opt/airflow/dags/modules/main.py
[2023-11-06T18:34:28.871+0000] {processor.py:829} INFO - Processing file /opt/airflow/dags/modules/main.py for tasks to queue
[2023-11-06T18:34:28.876+0000] {logging_mixin.py:151} INFO - [2023-11-06T18:34:28.875+0000] {dagbag.py:536} INFO - Filling up the DagBag from /opt/airflow/dags/modules/main.py
[2023-11-06T18:34:29.948+0000] {processor.py:841} WARNING - No viable dags retrieved from /opt/airflow/dags/modules/main.py
[2023-11-06T18:34:30.283+0000] {processor.py:179} INFO - Processing /opt/airflow/dags/modules/main.py took 1.423 seconds
