[2023-10-26T18:01:18.851+0000] {taskinstance.py:1159} INFO - Dependencies all met for dep_context=non-requeueable deps ti=<TaskInstance: final_work_ETL.json_load scheduled__2023-10-26T17:00:00+00:00 [queued]>
[2023-10-26T18:01:18.876+0000] {taskinstance.py:1159} INFO - Dependencies all met for dep_context=requeueable deps ti=<TaskInstance: final_work_ETL.json_load scheduled__2023-10-26T17:00:00+00:00 [queued]>
[2023-10-26T18:01:18.881+0000] {taskinstance.py:1361} INFO - Starting attempt 1 of 2
[2023-10-26T18:01:18.986+0000] {taskinstance.py:1382} INFO - Executing <Task(PythonOperator): json_load> on 2023-10-26 17:00:00+00:00
[2023-10-26T18:01:18.996+0000] {standard_task_runner.py:57} INFO - Started process 253 to run task
[2023-10-26T18:01:19.005+0000] {standard_task_runner.py:84} INFO - Running: ['***', 'tasks', 'run', 'final_work_ETL', 'json_load', 'scheduled__2023-10-26T17:00:00+00:00', '--job-id', '29', '--raw', '--subdir', 'DAGS_FOLDER/DAGs.py', '--cfg-path', '/tmp/tmpigx9voek']
[2023-10-26T18:01:19.007+0000] {standard_task_runner.py:85} INFO - Job 29: Subtask json_load
[2023-10-26T18:01:19.243+0000] {task_command.py:416} INFO - Running <TaskInstance: final_work_ETL.json_load scheduled__2023-10-26T17:00:00+00:00 [running]> on host c02430af48c6
[2023-10-26T18:01:19.658+0000] {taskinstance.py:1662} INFO - Exporting env vars: AIRFLOW_CTX_DAG_OWNER='***' AIRFLOW_CTX_DAG_ID='final_work_ETL' AIRFLOW_CTX_TASK_ID='json_load' AIRFLOW_CTX_EXECUTION_DATE='2023-10-26T17:00:00+00:00' AIRFLOW_CTX_TRY_NUMBER='1' AIRFLOW_CTX_DAG_RUN_ID='scheduled__2023-10-26T17:00:00+00:00'
[2023-10-26T18:01:19.679+0000] {warnings.py:109} WARNING - /home/***/.local/lib/python3.8/site-packages/sklearn/base.py:348: InconsistentVersionWarning: Trying to unpickle estimator FunctionTransformer from version 0.23.2 when using version 1.3.2. This might lead to breaking code or invalid results. Use at your own risk. For more info please refer to:
https://scikit-learn.org/stable/model_persistence.html#security-maintainability-limitations
  warnings.warn(

[2023-10-26T18:01:19.680+0000] {warnings.py:109} WARNING - /home/***/.local/lib/python3.8/site-packages/sklearn/base.py:348: InconsistentVersionWarning: Trying to unpickle estimator Pipeline from version 0.23.2 when using version 1.3.2. This might lead to breaking code or invalid results. Use at your own risk. For more info please refer to:
https://scikit-learn.org/stable/model_persistence.html#security-maintainability-limitations
  warnings.warn(

[2023-10-26T18:01:19.706+0000] {logging_mixin.py:151} INFO - Error
[2023-10-26T18:01:20.322+0000] {warnings.py:109} WARNING - C:\Users\epsokolo\PycharmProjects\FINAL_Project\model.py:22: SettingWithCopyWarning: 
A value is trying to be set on a copy of a slice from a DataFrame

See the caveats in the documentation: https://pandas.pydata.org/pandas-docs/stable/user_guide/indexing.html#returning-a-view-versus-a-copy

[2023-10-26T18:01:20.330+0000] {warnings.py:109} WARNING - C:\Users\epsokolo\PycharmProjects\FINAL_Project\model.py:26: SettingWithCopyWarning: 
A value is trying to be set on a copy of a slice from a DataFrame

See the caveats in the documentation: https://pandas.pydata.org/pandas-docs/stable/user_guide/indexing.html#returning-a-view-versus-a-copy

[2023-10-26T18:01:20.334+0000] {warnings.py:109} WARNING - C:\Users\epsokolo\PycharmProjects\FINAL_Project\model.py:30: SettingWithCopyWarning: 
A value is trying to be set on a copy of a slice from a DataFrame

See the caveats in the documentation: https://pandas.pydata.org/pandas-docs/stable/user_guide/indexing.html#returning-a-view-versus-a-copy

[2023-10-26T18:01:20.338+0000] {warnings.py:109} WARNING - C:\Users\epsokolo\PycharmProjects\FINAL_Project\model.py:32: SettingWithCopyWarning: 
A value is trying to be set on a copy of a slice from a DataFrame

See the caveats in the documentation: https://pandas.pydata.org/pandas-docs/stable/user_guide/indexing.html#returning-a-view-versus-a-copy

[2023-10-26T18:01:24.738+0000] {logging_mixin.py:151} INFO - insert session json completed
[2023-10-26T18:01:25.479+0000] {warnings.py:109} WARNING - C:\Users\epsokolo\PycharmProjects\FINAL_Project\model.py:22: SettingWithCopyWarning: 
A value is trying to be set on a copy of a slice from a DataFrame

See the caveats in the documentation: https://pandas.pydata.org/pandas-docs/stable/user_guide/indexing.html#returning-a-view-versus-a-copy

[2023-10-26T18:01:25.486+0000] {warnings.py:109} WARNING - C:\Users\epsokolo\PycharmProjects\FINAL_Project\model.py:26: SettingWithCopyWarning: 
A value is trying to be set on a copy of a slice from a DataFrame

See the caveats in the documentation: https://pandas.pydata.org/pandas-docs/stable/user_guide/indexing.html#returning-a-view-versus-a-copy

[2023-10-26T18:01:25.490+0000] {warnings.py:109} WARNING - C:\Users\epsokolo\PycharmProjects\FINAL_Project\model.py:30: SettingWithCopyWarning: 
A value is trying to be set on a copy of a slice from a DataFrame

See the caveats in the documentation: https://pandas.pydata.org/pandas-docs/stable/user_guide/indexing.html#returning-a-view-versus-a-copy

[2023-10-26T18:01:25.504+0000] {warnings.py:109} WARNING - C:\Users\epsokolo\PycharmProjects\FINAL_Project\model.py:32: SettingWithCopyWarning: 
A value is trying to be set on a copy of a slice from a DataFrame

See the caveats in the documentation: https://pandas.pydata.org/pandas-docs/stable/user_guide/indexing.html#returning-a-view-versus-a-copy

[2023-10-26T18:01:30.919+0000] {logging_mixin.py:151} INFO - insert session json completed
[2023-10-26T18:01:32.151+0000] {warnings.py:109} WARNING - C:\Users\epsokolo\PycharmProjects\FINAL_Project\model.py:22: SettingWithCopyWarning: 
A value is trying to be set on a copy of a slice from a DataFrame

See the caveats in the documentation: https://pandas.pydata.org/pandas-docs/stable/user_guide/indexing.html#returning-a-view-versus-a-copy

[2023-10-26T18:01:32.166+0000] {warnings.py:109} WARNING - C:\Users\epsokolo\PycharmProjects\FINAL_Project\model.py:26: SettingWithCopyWarning: 
A value is trying to be set on a copy of a slice from a DataFrame

See the caveats in the documentation: https://pandas.pydata.org/pandas-docs/stable/user_guide/indexing.html#returning-a-view-versus-a-copy

[2023-10-26T18:01:32.203+0000] {warnings.py:109} WARNING - C:\Users\epsokolo\PycharmProjects\FINAL_Project\model.py:30: SettingWithCopyWarning: 
A value is trying to be set on a copy of a slice from a DataFrame

See the caveats in the documentation: https://pandas.pydata.org/pandas-docs/stable/user_guide/indexing.html#returning-a-view-versus-a-copy

[2023-10-26T18:01:32.248+0000] {warnings.py:109} WARNING - C:\Users\epsokolo\PycharmProjects\FINAL_Project\model.py:32: SettingWithCopyWarning: 
A value is trying to be set on a copy of a slice from a DataFrame

See the caveats in the documentation: https://pandas.pydata.org/pandas-docs/stable/user_guide/indexing.html#returning-a-view-versus-a-copy

[2023-10-26T18:01:36.868+0000] {logging_mixin.py:151} INFO - insert session json completed
[2023-10-26T18:01:37.170+0000] {warnings.py:109} WARNING - C:\Users\epsokolo\PycharmProjects\FINAL_Project\model.py:22: SettingWithCopyWarning: 
A value is trying to be set on a copy of a slice from a DataFrame

See the caveats in the documentation: https://pandas.pydata.org/pandas-docs/stable/user_guide/indexing.html#returning-a-view-versus-a-copy

[2023-10-26T18:01:37.179+0000] {warnings.py:109} WARNING - C:\Users\epsokolo\PycharmProjects\FINAL_Project\model.py:26: SettingWithCopyWarning: 
A value is trying to be set on a copy of a slice from a DataFrame

See the caveats in the documentation: https://pandas.pydata.org/pandas-docs/stable/user_guide/indexing.html#returning-a-view-versus-a-copy

[2023-10-26T18:01:37.185+0000] {warnings.py:109} WARNING - C:\Users\epsokolo\PycharmProjects\FINAL_Project\model.py:30: SettingWithCopyWarning: 
A value is trying to be set on a copy of a slice from a DataFrame

See the caveats in the documentation: https://pandas.pydata.org/pandas-docs/stable/user_guide/indexing.html#returning-a-view-versus-a-copy

[2023-10-26T18:01:37.191+0000] {warnings.py:109} WARNING - C:\Users\epsokolo\PycharmProjects\FINAL_Project\model.py:32: SettingWithCopyWarning: 
A value is trying to be set on a copy of a slice from a DataFrame

See the caveats in the documentation: https://pandas.pydata.org/pandas-docs/stable/user_guide/indexing.html#returning-a-view-versus-a-copy

[2023-10-26T18:01:43.254+0000] {logging_mixin.py:151} INFO - insert session json completed
[2023-10-26T18:01:43.277+0000] {logging_mixin.py:151} INFO - Error
[2023-10-26T18:01:44.285+0000] {logging_mixin.py:151} INFO - Error
[2023-10-26T18:01:48.036+0000] {logging_mixin.py:151} INFO - Error
[2023-10-26T18:02:54.731+0000] {logging_mixin.py:151} INFO - Error
[2023-10-26T18:05:01.863+0000] {logging_mixin.py:151} INFO - Error
[2023-10-26T18:05:01.940+0000] {python.py:194} INFO - Done. Returned value was: None
[2023-10-26T18:05:02.024+0000] {taskinstance.py:1400} INFO - Marking task as SUCCESS. dag_id=final_work_ETL, task_id=json_load, execution_date=20231026T170000, start_date=20231026T180118, end_date=20231026T180502
[2023-10-26T18:05:02.711+0000] {local_task_job_runner.py:228} INFO - Task exited with return code 0
[2023-10-26T18:05:02.743+0000] {taskinstance.py:2778} INFO - 0 downstream tasks scheduled from follow-on schedule check
